<?xml version="1.0" encoding="UTF-8"?>
<!-- Generated by org.testng.reporters.JUnitReportReporter -->
<testsuite skipped="0" hostname="QTLSYS2-238" name="tests.LendNation" tests="1" failures="0" timestamp="25 Mar 2019 11:01:38 GMT" time="573.982" errors="0">
  <testcase name="LendNation" time="573.982" classname="tests.LendNation"/>
</testsuite> <!-- tests.LendNation -->
