<?xml version="1.0" encoding="UTF-8"?>
<!-- Generated by org.testng.reporters.JUnitReportReporter -->
<testsuite skipped="0" hostname="QTLSYS1-182" name="tests.LendNation" tests="1" failures="0" timestamp="07 May 2019 12:40:02 GMT" time="43.141" errors="0">
  <testcase name="LendNation" time="43.141" classname="tests.LendNation"/>
</testsuite> <!-- tests.LendNation -->
