<?xml version="1.0" encoding="UTF-8"?>
<!-- Generated by org.testng.reporters.JUnitReportReporter -->
<testsuite skipped="0" hostname="QTLSYS1-182" name="tests.LendNation" tests="1" failures="0" timestamp="08 May 2019 07:21:29 GMT" time="43.514" errors="0">
  <testcase name="LendNation" time="43.514" classname="tests.LendNation"/>
</testsuite> <!-- tests.LendNation -->
