<?xml version="1.0" encoding="UTF-8"?>
<!-- Generated by org.testng.reporters.JUnitReportReporter -->
<testsuite skipped="0" hostname="QTLSYS2-238" name="tests.LendNation" tests="1" failures="0" timestamp="05 Feb 2019 10:32:21 GMT" time="591.784" errors="0">
  <testcase name="LendNation" time="591.784" classname="tests.LendNation"/>
</testsuite> <!-- tests.LendNation -->
