<?xml version="1.0" encoding="UTF-8"?>
<!-- Generated by org.testng.reporters.JUnitReportReporter -->
<testsuite skipped="0" hostname="QTLSYS2-48" name="QCHome.CSRLoginLogout" tests="1" failures="0" timestamp="26 Nov 2018 09:40:50 GMT" time="3.501" errors="0">
  <testcase name="login" time="3.501" classname="QCHome.CSRLoginLogout"/>
</testsuite> <!-- QCHome.CSRLoginLogout -->
