<?xml version="1.0" encoding="UTF-8"?>
<!-- Generated by org.testng.reporters.JUnitReportReporter -->
<testsuite skipped="0" hostname="QTLSYS1-182" name="tests.QCStore" tests="1" failures="0" timestamp="03 Apr 2019 09:40:48 GMT" time="25.606" errors="0">
  <testcase name="ERM_Re_deposit" time="25.606" classname="tests.QCStore"/>
</testsuite> <!-- tests.QCStore -->
