<?xml version="1.0" encoding="UTF-8"?>
<!-- Generated by org.testng.reporters.JUnitReportReporter -->
<testsuite skipped="0" hostname="QTLSYS2-238" name="tests.QCStore" tests="1" failures="0" timestamp="28 Jun 2019 09:10:50 GMT" time="811.813" errors="0">
  <testcase name="Txn5_WriteOff" time="811.813" classname="tests.QCStore"/>
</testsuite> <!-- tests.QCStore -->
