<?xml version="1.0" encoding="UTF-8"?>
<!-- Generated by org.testng.reporters.JUnitReportReporter -->
<testsuite skipped="0" hostname="QTLSYS2-238" name="tests.QCStore" tests="1" failures="0" timestamp="03 Apr 2019 12:36:19 GMT" time="219.690" errors="0">
  <testcase name="Recon_ILP_EARNED_FEE_Variance" time="219.690" classname="tests.QCStore"/>
</testsuite> <!-- tests.QCStore -->
