<?xml version="1.0" encoding="UTF-8"?>
<!-- Generated by org.testng.reporters.JUnitReportReporter -->
<<<<<<< HEAD
<testsuite skipped="0" hostname="QTLSYS1-182" name="tests.QCStore" tests="1" failures="0" timestamp="12 Apr 2019 13:23:16 GMT" time="51.731" errors="0">
  <testcase name="Reverse_and_Reallocation" time="51.731" classname="tests.QCStore"/>
=======
<testsuite skipped="0" hostname="QTLSYS2-238" name="tests.QCStore" tests="4" failures="0" timestamp="10 May 2019 10:02:45 GMT" time="383.888" errors="0">
  <testcase name="Payfrequency_Biweekly" time="39.351" classname="tests.QCStore"/>
  <testcase name="Payfrequency_Monthly" time="258.748" classname="tests.QCStore"/>
  <testcase name="Payfrequency_Semi_monthly" time="47.432" classname="tests.QCStore"/>
  <testcase name="Payfrequency_Weekly" time="38.357" classname="tests.QCStore"/>
>>>>>>> brahmith1.1
</testsuite> <!-- tests.QCStore -->
