<?xml version="1.0" encoding="UTF-8"?>
<!-- Generated by org.testng.reporters.JUnitReportReporter -->
<testsuite skipped="0" hostname="QTLSYS2-238" name="tests.QCStore" tests="1" failures="0" timestamp="21 Mar 2019 13:15:23 GMT" time="141.291" errors="0">
  <testcase name="QC_NewLoan_Promotion_Txn" time="141.291" classname="tests.QCStore"/>
</testsuite> <!-- tests.QCStore -->
