<?xml version="1.0" encoding="UTF-8"?>
<!-- Generated by org.testng.reporters.JUnitReportReporter -->
<testsuite skipped="0" hostname="QTLSYS2-238" name="tests.QCStore" tests="1" failures="0" timestamp="25 Jun 2019 09:50:33 GMT" time="93.912" errors="0">
  <testcase name="Txn6_Recon_CashRoll" time="93.912" classname="tests.QCStore"/>
</testsuite> <!-- tests.QCStore -->
