<?xml version="1.0" encoding="UTF-8"?>
<!-- Generated by org.testng.reporters.JUnitReportReporter -->
<testsuite skipped="0" hostname="QTLSYS2-238" name="tests.QCStore" tests="1" failures="0" timestamp="27 Mar 2019 11:28:35 GMT" time="94.994" errors="0">
  <testcase name="EPP" time="94.994" classname="tests.QCStore"/>
</testsuite> <!-- tests.QCStore -->
