<?xml version="1.0" encoding="UTF-8"?>
<!-- Generated by org.testng.reporters.JUnitReportReporter -->
<testsuite skipped="0" hostname="QTLSYS1-182" name="tests.QCStore" tests="9" failures="0" timestamp="18 Apr 2019 08:55:14 GMT" time="3626.772" errors="0">
  <testcase name="JQC_TLP_Deposit_MidDay_Txn" time="352.214" classname="tests.QCStore"/>
  <testcase name="JQC_TLP_GraceDays_Deposit_MidDay_Txn" time="427.648" classname="tests.QCStore"/>
  <testcase name="JQC_TLP_GraceDays_Deposit_Menu_Txn" time="421.221" classname="tests.QCStore"/>
  <testcase name="JQC_TLP_Deposit_dropdown_Txn" time="322.820" classname="tests.QCStore"/>
  <testcase name="JQC_TLP_Deposit_Menu_Txn" time="428.022" classname="tests.QCStore"/>
  <testcase name="JQC_TLP_GraceDays_Deposit_dropdown_Txn" time="407.830" classname="tests.QCStore"/>
  <testcase name="JQC_TLP_Deceased_Txn" time="307.317" classname="tests.QCStore"/>
  <testcase name="JQC_DefaultPayment_Txn_Testdata" time="438.531" classname="tests.QCStore"/>
  <testcase name="JQC_DefaultPayment_Void_Txn_Testdata" time="521.169" classname="tests.QCStore"/>
</testsuite> <!-- tests.QCStore -->
