<?xml version="1.0" encoding="UTF-8"?>
<!-- Generated by org.testng.reporters.JUnitReportReporter -->
<<<<<<< HEAD
<testsuite skipped="11" hostname="QTLSYS1-182" name="tests.QCStore" tests="12" failures="0" timestamp="27 Feb 2019 12:36:58 GMT" time="89.636" errors="0">
  <testcase name="JQC_TLP_GraceDays_Deposit_EOD_Txn" time="89.636" classname="tests.QCStore"/>
  <testcase name="TLP_agerescind" classname="tests.QCStore">
    <skipped/>
  </testcase> <!-- TLP_agerescind -->
  <testcase name="TLP_RefinanceStepDownVoid" classname="tests.QCStore">
    <skipped/>
  </testcase> <!-- TLP_RefinanceStepDownVoid -->
  <testcase name="TLP_rescindloan" classname="tests.QCStore">
    <skipped/>
  </testcase> <!-- TLP_rescindloan -->
  <testcase name="TLP_ProcessClear" classname="tests.QCStore">
    <skipped/>
  </testcase> <!-- TLP_ProcessClear -->
  <testcase name="TLP_ProcessClearFromMenu" classname="tests.QCStore">
    <skipped/>
  </testcase> <!-- TLP_ProcessClearFromMenu -->
  <testcase name="TLP_bankruptcyWriteOff" classname="tests.QCStore">
    <skipped/>
  </testcase> <!-- TLP_bankruptcyWriteOff -->
  <testcase name="TLP_RefinanceStepDown" classname="tests.QCStore">
    <skipped/>
  </testcase> <!-- TLP_RefinanceStepDown -->
  <testcase name="newLoan" classname="tests.QCStore">
    <skipped/>
  </testcase> <!-- newLoan -->
  <testcase name="TLP_RefinanceStepSame" classname="tests.QCStore">
    <skipped/>
  </testcase> <!-- TLP_RefinanceStepSame -->
  <testcase name="TLP_bankruptcyDismiss" classname="tests.QCStore">
    <skipped/>
  </testcase> <!-- TLP_bankruptcyDismiss -->
  <testcase name="TLP_ProcessAutoClear" classname="tests.QCStore">
    <skipped/>
  </testcase> <!-- TLP_ProcessAutoClear -->
=======
<testsuite skipped="0" hostname="QTLSYS2-238" name="tests.QCStore" tests="1" failures="0" timestamp="21 Feb 2019 04:53:48 GMT" time="1091.684" errors="0">
  <testcase name="QC_Installmentpayment_Void_Txn" time="1091.684" classname="tests.QCStore"/>
>>>>>>> 142a91c5653888e6feab1178c6b3bfd7b13dd4e3
</testsuite> <!-- tests.QCStore -->
