<?xml version="1.0" encoding="UTF-8"?>
<!-- Generated by org.testng.reporters.JUnitReportReporter -->
<testsuite skipped="0" hostname="qtlsys2-66pc" name="tests.QCStore" tests="1" failures="0" timestamp="20 Mar 2019 12:49:48 GMT" time="769.479" errors="0">
  <testcase name="TLP_RefinanceStepDown" time="769.479" classname="tests.QCStore"/>
</testsuite> <!-- tests.QCStore -->
