<?xml version="1.0" encoding="UTF-8"?>
<!-- Generated by org.testng.reporters.JUnitReportReporter -->
<testsuite skipped="0" hostname="QTLSYS1-182" name="tests.QCStore" tests="1" failures="0" timestamp="05 Apr 2019 05:28:23 GMT" time="748.091" errors="0">
  <testcase name="JQC_TLP_GraceDays_Deposit_EOD_Txn" time="748.091" classname="tests.QCStore"/>
</testsuite> <!-- tests.QCStore -->
