<?xml version="1.0" encoding="UTF-8"?>
<!-- Generated by org.testng.reporters.JUnitReportReporter -->
<testsuite skipped="11" hostname="QTLSYS1-182" name="tests.QCStore" tests="12" failures="0" timestamp="01 Mar 2019 12:48:23 GMT" time="715.102" errors="0">
  <testcase name="JQC_TLP_Deposit_EOD_Txn" time="715.102" classname="tests.QCStore"/>
  <testcase name="TLP_agerescind" classname="tests.QCStore">
    <skipped/>
  </testcase> <!-- TLP_agerescind -->
  <testcase name="TLP_RefinanceStepDownVoid" classname="tests.QCStore">
    <skipped/>
  </testcase> <!-- TLP_RefinanceStepDownVoid -->
  <testcase name="TLP_rescindloan" classname="tests.QCStore">
    <skipped/>
  </testcase> <!-- TLP_rescindloan -->
  <testcase name="TLP_ProcessClear" classname="tests.QCStore">
    <skipped/>
  </testcase> <!-- TLP_ProcessClear -->
  <testcase name="TLP_ProcessClearFromMenu" classname="tests.QCStore">
    <skipped/>
  </testcase> <!-- TLP_ProcessClearFromMenu -->
  <testcase name="TLP_bankruptcyWriteOff" classname="tests.QCStore">
    <skipped/>
  </testcase> <!-- TLP_bankruptcyWriteOff -->
  <testcase name="TLP_RefinanceStepDown" classname="tests.QCStore">
    <skipped/>
  </testcase> <!-- TLP_RefinanceStepDown -->
  <testcase name="newLoan" classname="tests.QCStore">
    <skipped/>
  </testcase> <!-- newLoan -->
  <testcase name="TLP_RefinanceStepSame" classname="tests.QCStore">
    <skipped/>
  </testcase> <!-- TLP_RefinanceStepSame -->
  <testcase name="TLP_bankruptcyDismiss" classname="tests.QCStore">
    <skipped/>
  </testcase> <!-- TLP_bankruptcyDismiss -->
  <testcase name="TLP_ProcessAutoClear" classname="tests.QCStore">
    <skipped/>
  </testcase> <!-- TLP_ProcessAutoClear -->
</testsuite> <!-- tests.QCStore -->
