<?xml version="1.0" encoding="UTF-8"?>
<!-- Generated by org.testng.reporters.JUnitReportReporter -->
<testsuite skipped="0" hostname="QTLSYS1-182" name="tests.QCStore" tests="1" failures="0" timestamp="16 Apr 2019 05:17:03 GMT" time="679.832" errors="0">
  <testcase name="JQC_TLP_GraceDays_Deposit_EOD_Txn" time="679.832" classname="tests.QCStore"/>
</testsuite> <!-- tests.QCStore -->
