<?xml version="1.0" encoding="UTF-8"?>
<!-- Generated by org.testng.reporters.JUnitReportReporter -->
<testsuite skipped="0" hostname="QTLSYS1-182" name="tests.QCStore" tests="8" failures="0" timestamp="29 Mar 2019 12:59:47 GMT" time="5912.138" errors="0">
  <testcase name="JQC_TLP_Deposit_MidDay_Txn" time="614.544" classname="tests.QCStore"/>
  <testcase name="JQC_TLP_GraceDays_Deposit_MidDay_Txn" time="707.108" classname="tests.QCStore"/>
  <testcase name="JQC_TLP_GraceDays_Deposit_Menu_Txn" time="618.658" classname="tests.QCStore"/>
  <testcase name="JQC_TLP_Deposit_dropdown_Txn" time="470.504" classname="tests.QCStore"/>
  <testcase name="JQC_TLP_Deposit_Menu_Txn" time="703.346" classname="tests.QCStore"/>
  <testcase name="JQC_TLP_GraceDays_Deposit_dropdown_Txn" time="719.075" classname="tests.QCStore"/>
  <testcase name="JQC_DefaultPayment_Txn_Testdata" time="1020.729" classname="tests.QCStore"/>
  <testcase name="JQC_DefaultPayment_Void_Txn_Testdata" time="1058.174" classname="tests.QCStore"/>
</testsuite> <!-- tests.QCStore -->
