<?xml version="1.0" encoding="UTF-8"?>
<!-- Generated by org.testng.reporters.JUnitReportReporter -->
<testsuite skipped="0" hostname="QTLSYS2-238" name="tests.QCStore" tests="12" failures="0" timestamp="01 Apr 2019 07:09:03 GMT" time="7093.642" errors="0">
  <testcase name="QC_TLP_NewLoan_Txn" time="335.934" classname="tests.QCStore"/>
  <testcase name="QC_NewLoan_Promotion_Txn" time="212.493" classname="tests.QCStore"/>
  <testcase name="QC_NewLoan_Void_Txn" time="240.442" classname="tests.QCStore"/>
  <testcase name="QC_AgeStore_Void_Txn" time="610.554" classname="tests.QCStore"/>
  <testcase name="QC_TLP_Buyback_Txn" time="535.401" classname="tests.QCStore"/>
  <testcase name="QC_TLP_Buyback_Void_Txn" time="611.332" classname="tests.QCStore"/>
  <testcase name="QC_Installmentpayment_Txn" time="647.499" classname="tests.QCStore"/>
  <testcase name="QC_Installmentpayment_Void_Txn" time="651.441" classname="tests.QCStore"/>
  <testcase name="QC_PayAnyotherAmount_Txn" time="569.446" classname="tests.QCStore"/>
  <testcase name="QC_PayAnyotherAmount_Void_Txn" time="675.019" classname="tests.QCStore"/>
  <testcase name="QC_TLP_Writeoff_Recovery_Txn" time="1154.833" classname="tests.QCStore"/>
  <testcase name="QC_TLP_Writeoff_Recovery_Void_Txn" time="849.248" classname="tests.QCStore"/>
</testsuite> <!-- tests.QCStore -->
