<?xml version="1.0" encoding="UTF-8"?>
<!-- Generated by org.testng.reporters.JUnitReportReporter -->
<testsuite skipped="0" hostname="QTLSYS2-238" name="tests.QCStore" tests="2" failures="0" timestamp="27 Jun 2019 07:38:53 GMT" time="1174.678" errors="0">
  <testcase name="QC_TLP_Writeoff_Recovery_Txn" time="558.958" classname="tests.QCStore"/>
  <testcase name="QC_TLP_Writeoff_Recovery_Void_Txn" time="615.720" classname="tests.QCStore"/>
</testsuite> <!-- tests.QCStore -->
