<?xml version="1.0" encoding="UTF-8"?>
<!-- Generated by org.testng.reporters.JUnitReportReporter -->
<testsuite skipped="0" hostname="QTLSYS2-238" name="tests.QCStore" tests="8" failures="0" timestamp="19 Mar 2019 12:43:49 GMT" time="5097.454" errors="0">
  <testcase name="QC_TLP_Buyback_Txn" time="543.309" classname="tests.QCStore"/>
  <testcase name="QC_TLP_Buyback_Void_Txn" time="583.041" classname="tests.QCStore"/>
  <testcase name="QC_Installmentpayment_Txn" time="557.133" classname="tests.QCStore"/>
  <testcase name="QC_Installmentpayment_Void_Txn" time="582.803" classname="tests.QCStore"/>
  <testcase name="QC_PayAnyotherAmount_Txn" time="505.993" classname="tests.QCStore"/>
  <testcase name="QC_PayAnyotherAmount_Void_Txn" time="549.763" classname="tests.QCStore"/>
  <testcase name="QC_TLP_Writeoff_Recovery_Txn" time="970.951" classname="tests.QCStore"/>
  <testcase name="QC_TLP_Writeoff_Recovery_Void_Txn" time="804.461" classname="tests.QCStore"/>
</testsuite> <!-- tests.QCStore -->
