<?xml version="1.0" encoding="UTF-8"?>
<!-- Generated by org.testng.reporters.JUnitReportReporter -->
<testsuite skipped="0" hostname="QTLSYS1-182" name="tests.QCStore" tests="2" failures="0" timestamp="04 Mar 2019 11:50:04 GMT" time="2403.046" errors="0">
  <testcase name="QC_TLP_Writeoff_Recovery_Txn" time="1198.318" classname="tests.QCStore"/>
  <testcase name="QC_TLP_Writeoff_Recovery_Void_Txn" time="1204.728" classname="tests.QCStore"/>
</testsuite> <!-- tests.QCStore -->
