<?xml version="1.0" encoding="UTF-8"?>
<!-- Generated by org.testng.reporters.JUnitReportReporter -->
<testsuite skipped="0" hostname="QTLSYS2-238" name="tests.QCStore" tests="12" failures="0" timestamp="12 Jun 2019 11:48:52 GMT" time="4297.597" errors="0">
  <testcase name="QC_TLP_NewLoan_Txn" time="256.537" classname="tests.QCStore"/>
  <testcase name="QC_NewLoan_Promotion_Txn" time="201.852" classname="tests.QCStore"/>
  <testcase name="QC_NewLoan_Void_Txn" time="217.007" classname="tests.QCStore"/>
  <testcase name="QC_AgeStore_Void_Txn" time="354.995" classname="tests.QCStore"/>
  <testcase name="QC_TLP_Buyback_Txn" time="308.209" classname="tests.QCStore"/>
  <testcase name="QC_TLP_Buyback_Void_Txn" time="339.540" classname="tests.QCStore"/>
  <testcase name="QC_Installmentpayment_Txn" time="301.236" classname="tests.QCStore"/>
  <testcase name="QC_Installmentpayment_Void_Txn" time="358.625" classname="tests.QCStore"/>
  <testcase name="QC_PayAnyotherAmount_Txn" time="396.792" classname="tests.QCStore"/>
  <testcase name="QC_PayAnyotherAmount_Void_Txn" time="357.103" classname="tests.QCStore"/>
  <testcase name="QC_TLP_Writeoff_Recovery_Txn" time="596.140" classname="tests.QCStore"/>
  <testcase name="QC_TLP_Writeoff_Recovery_Void_Txn" time="609.561" classname="tests.QCStore"/>
</testsuite> <!-- tests.QCStore -->
