<?xml version="1.0" encoding="UTF-8"?>
<!-- Generated by org.testng.reporters.JUnitReportReporter -->
<<<<<<< HEAD
<testsuite skipped="0" hostname="QTLSYS1-182" name="tests.QCStore" tests="1" failures="0" timestamp="11 Mar 2019 12:47:11 GMT" time="1071.410" errors="0">
  <testcase name="JQC_TLP_GraceDays_Deposit_EOD_Txn" time="1071.410" classname="tests.QCStore"/>
=======
<testsuite skipped="0" hostname="QTLSYS2-238" name="tests.QCStore" tests="12" failures="0" timestamp="12 Mar 2019 15:56:21 GMT" time="10742.438" errors="0">
  <testcase name="QC_TLP_NewLoan_Txn" time="263.772" classname="tests.QCStore"/>
  <testcase name="QC_NewLoan_Promotion_Txn" time="251.671" classname="tests.QCStore"/>
  <testcase name="QC_NewLoan_Void_Txn" time="272.835" classname="tests.QCStore"/>
  <testcase name="QC_AgeStore_Void_Txn" time="1038.998" classname="tests.QCStore"/>
  <testcase name="QC_TLP_Buyback_Txn" time="1060.498" classname="tests.QCStore"/>
  <testcase name="QC_TLP_Buyback_Void_Txn" time="1089.697" classname="tests.QCStore"/>
  <testcase name="QC_Installmentpayment_Txn" time="923.356" classname="tests.QCStore"/>
  <testcase name="QC_Installmentpayment_Void_Txn" time="1187.506" classname="tests.QCStore"/>
  <testcase name="QC_PayAnyotherAmount_Txn" time="1021.348" classname="tests.QCStore"/>
  <testcase name="QC_PayAnyotherAmount_Void_Txn" time="1111.557" classname="tests.QCStore"/>
  <testcase name="QC_TLP_Writeoff_Recovery_Txn" time="1367.039" classname="tests.QCStore"/>
  <testcase name="QC_TLP_Writeoff_Recovery_Void_Txn" time="1154.161" classname="tests.QCStore"/>
>>>>>>> brahmith1.1
</testsuite> <!-- tests.QCStore -->
