<?xml version="1.0" encoding="UTF-8"?>
<!-- Generated by org.testng.reporters.JUnitReportReporter -->
<testsuite skipped="0" hostname="QTLSYS1-182" name="tests.QCStore" tests="1" failures="0" timestamp="05 Mar 2019 10:56:29 GMT" time="915.433" errors="0">
  <testcase name="TLP_ProcessAutoClear" time="915.433" classname="tests.QCStore"/>
</testsuite> <!-- tests.QCStore -->
