<?xml version="1.0" encoding="UTF-8"?>
<!-- Generated by org.testng.reporters.JUnitReportReporter -->
<testsuite skipped="0" hostname="QTLSYS1-182" name="tests.QCStore" tests="1" failures="0" timestamp="19 Mar 2019 10:17:36 GMT" time="770.540" errors="0">
  <testcase name="JQC_TLP_GraceDays_Deposit_EOD_Txn" time="770.540" classname="tests.QCStore"/>
</testsuite> <!-- tests.QCStore -->
