<?xml version="1.0" encoding="UTF-8"?>
<!-- Generated by org.testng.reporters.JUnitReportReporter -->
<testsuite skipped="0" hostname="QTLSYS2-238" name="tests.QCStore" tests="6" failures="0" timestamp="05 Apr 2019 10:58:51 GMT" time="3035.412" errors="0">
  <testcase name="QC_Installmentpayment_Txn" time="410.979" classname="tests.QCStore"/>
  <testcase name="QC_Installmentpayment_Void_Txn" time="448.568" classname="tests.QCStore"/>
  <testcase name="QC_PayAnyotherAmount_Txn" time="400.327" classname="tests.QCStore"/>
  <testcase name="QC_PayAnyotherAmount_Void_Txn" time="399.587" classname="tests.QCStore"/>
  <testcase name="QC_TLP_Writeoff_Recovery_Txn" time="706.312" classname="tests.QCStore"/>
  <testcase name="QC_TLP_Writeoff_Recovery_Void_Txn" time="669.639" classname="tests.QCStore"/>
</testsuite> <!-- tests.QCStore -->
