<?xml version="1.0" encoding="UTF-8"?>
<!-- Generated by org.testng.reporters.JUnitReportReporter -->
<testsuite skipped="0" hostname="QTLSYS2-238" name="tests.QCStore" tests="1" failures="0" timestamp="16 Apr 2019 07:49:57 GMT" time="352.134" errors="0">
  <testcase name="QC_TLP_Writeoff_Recovery_Txn" time="352.134" classname="tests.QCStore"/>
</testsuite> <!-- tests.QCStore -->
