<?xml version="1.0" encoding="UTF-8"?>
<!-- Generated by org.testng.reporters.JUnitReportReporter -->
<testsuite skipped="0" hostname="QTLSYS1-182" name="tests.QCStore" tests="4" failures="0" timestamp="08 May 2019 10:08:29 GMT" time="1786.368" errors="0">
  <testcase name="JQC_TLP_GraceDays_Deposit_dropdown_Txn" time="357.246" classname="tests.QCStore"/>
  <testcase name="JQC_TLP_Deceased_Txn" time="311.712" classname="tests.QCStore"/>
  <testcase name="JQC_DefaultPayment_Txn_Testdata" time="475.697" classname="tests.QCStore"/>
  <testcase name="JQC_DefaultPayment_Void_Txn_Testdata" time="641.713" classname="tests.QCStore"/>
</testsuite> <!-- tests.QCStore -->
