<?xml version="1.0" encoding="UTF-8"?>
<!-- Generated by org.testng.reporters.JUnitReportReporter -->
<testsuite skipped="0" hostname="QTLSYS1-182" name="tests.QCStore" tests="1" failures="0" timestamp="11 Mar 2019 12:47:11 GMT" time="1071.410" errors="0">
  <testcase name="JQC_TLP_GraceDays_Deposit_EOD_Txn" time="1071.410" classname="tests.QCStore"/>
</testsuite> <!-- tests.QCStore -->
