<?xml version="1.0" encoding="UTF-8"?>
<!-- Generated by org.testng.reporters.JUnitReportReporter -->
<testsuite skipped="0" hostname="QTLSYS2-238" name="tests.QCStore" tests="1" failures="0" timestamp="21 Feb 2019 04:53:48 GMT" time="1091.684" errors="0">
  <testcase name="QC_Installmentpayment_Void_Txn" time="1091.684" classname="tests.QCStore"/>
</testsuite> <!-- tests.QCStore -->
