<?xml version="1.0" encoding="UTF-8"?>
<!-- Generated by org.testng.reporters.JUnitReportReporter -->
<<<<<<< HEAD
<<<<<<< HEAD
<<<<<<< HEAD
<testsuite skipped="0" hostname="QTLSYS1-182" name="tests.QCStore" tests="1" failures="0" timestamp="27 Mar 2019 05:06:26 GMT" time="954.319" errors="0">
  <testcase name="JQC_TLP_GraceDays_Deposit_EOD_Txn" time="954.319" classname="tests.QCStore"/>
=======
<testsuite skipped="0" hostname="QTLSYS2-238" name="tests.QCStore" tests="12" failures="0" timestamp="01 Apr 2019 07:09:03 GMT" time="7093.642" errors="0">
  <testcase name="QC_TLP_NewLoan_Txn" time="335.934" classname="tests.QCStore"/>
  <testcase name="QC_NewLoan_Promotion_Txn" time="212.493" classname="tests.QCStore"/>
  <testcase name="QC_NewLoan_Void_Txn" time="240.442" classname="tests.QCStore"/>
  <testcase name="QC_AgeStore_Void_Txn" time="610.554" classname="tests.QCStore"/>
  <testcase name="QC_TLP_Buyback_Txn" time="535.401" classname="tests.QCStore"/>
  <testcase name="QC_TLP_Buyback_Void_Txn" time="611.332" classname="tests.QCStore"/>
  <testcase name="QC_Installmentpayment_Txn" time="647.499" classname="tests.QCStore"/>
  <testcase name="QC_Installmentpayment_Void_Txn" time="651.441" classname="tests.QCStore"/>
  <testcase name="QC_PayAnyotherAmount_Txn" time="569.446" classname="tests.QCStore"/>
  <testcase name="QC_PayAnyotherAmount_Void_Txn" time="675.019" classname="tests.QCStore"/>
  <testcase name="QC_TLP_Writeoff_Recovery_Txn" time="1154.833" classname="tests.QCStore"/>
  <testcase name="QC_TLP_Writeoff_Recovery_Void_Txn" time="849.248" classname="tests.QCStore"/>
>>>>>>> brahmith1.1
=======
<testsuite skipped="0" hostname="QTLSYS1-182" name="tests.QCStore" tests="8" failures="0" timestamp="29 Mar 2019 12:59:47 GMT" time="5912.138" errors="0">
  <testcase name="JQC_TLP_Deposit_MidDay_Txn" time="614.544" classname="tests.QCStore"/>
  <testcase name="JQC_TLP_GraceDays_Deposit_MidDay_Txn" time="707.108" classname="tests.QCStore"/>
  <testcase name="JQC_TLP_GraceDays_Deposit_Menu_Txn" time="618.658" classname="tests.QCStore"/>
  <testcase name="JQC_TLP_Deposit_dropdown_Txn" time="470.504" classname="tests.QCStore"/>
  <testcase name="JQC_TLP_Deposit_Menu_Txn" time="703.346" classname="tests.QCStore"/>
  <testcase name="JQC_TLP_GraceDays_Deposit_dropdown_Txn" time="719.075" classname="tests.QCStore"/>
  <testcase name="JQC_DefaultPayment_Txn_Testdata" time="1020.729" classname="tests.QCStore"/>
  <testcase name="JQC_DefaultPayment_Void_Txn_Testdata" time="1058.174" classname="tests.QCStore"/>
>>>>>>> janaki1.2
=======
<testsuite skipped="0" hostname="QTLSYS2-238" name="tests.QCStore" tests="6" failures="0" timestamp="05 Apr 2019 10:58:51 GMT" time="3035.412" errors="0">
  <testcase name="QC_Installmentpayment_Txn" time="410.979" classname="tests.QCStore"/>
  <testcase name="QC_Installmentpayment_Void_Txn" time="448.568" classname="tests.QCStore"/>
  <testcase name="QC_PayAnyotherAmount_Txn" time="400.327" classname="tests.QCStore"/>
  <testcase name="QC_PayAnyotherAmount_Void_Txn" time="399.587" classname="tests.QCStore"/>
  <testcase name="QC_TLP_Writeoff_Recovery_Txn" time="706.312" classname="tests.QCStore"/>
  <testcase name="QC_TLP_Writeoff_Recovery_Void_Txn" time="669.639" classname="tests.QCStore"/>
>>>>>>> brahmith1.1
</testsuite> <!-- tests.QCStore -->
