<?xml version="1.0" encoding="UTF-8"?>
<!-- Generated by org.testng.reporters.JUnitReportReporter -->
<testsuite skipped="6" hostname="QTLSYS2-238" name="tests.QCStore" tests="7" failures="0" timestamp="22 Mar 2019 05:23:15 GMT" time="203.854" errors="0">
  <testcase name="QC_NewLoan_Promotion_Txn" time="203.854" classname="tests.QCStore"/>
  <testcase name="JQC_AgeStore_GraceDays_DCDeposit_Menu_Txn" classname="tests.QCStore">
    <skipped/>
  </testcase> <!-- JQC_AgeStore_GraceDays_DCDeposit_Menu_Txn -->
  <testcase name="JQC_ACH_PartialWORecovery_FullWORecovery_Void_Txn_Testdata" classname="tests.QCStore">
    <skipped/>
  </testcase> <!-- JQC_ACH_PartialWORecovery_FullWORecovery_Void_Txn_Testdata -->
  <testcase name="JQC_AgeStore_GraceDays_DCDeposit_Dropdown_Txn" classname="tests.QCStore">
    <skipped/>
  </testcase> <!-- JQC_AgeStore_GraceDays_DCDeposit_Dropdown_Txn -->
  <testcase name="JQC_AgeStore_DCDeposit_Txn" classname="tests.QCStore">
    <skipped/>
  </testcase> <!-- JQC_AgeStore_DCDeposit_Txn -->
  <testcase name="JQC_NewLoan_Veritec_Txn" classname="tests.QCStore">
    <skipped/>
  </testcase> <!-- JQC_NewLoan_Veritec_Txn -->
  <testcase name="JQC_AgeStore_DCDeposit_Menu_Txn" classname="tests.QCStore">
    <skipped/>
  </testcase> <!-- JQC_AgeStore_DCDeposit_Menu_Txn -->
</testsuite> <!-- tests.QCStore -->
