<?xml version="1.0" encoding="UTF-8"?>
<!-- Generated by org.testng.reporters.JUnitReportReporter -->
<testsuite skipped="6" hostname="QTLSYS2-48" name="tests.QCStore" tests="17" failures="0" timestamp="05 Apr 2019 08:44:35 GMT" time="5265.996" errors="0">
  <testcase name="RefinanceStepSameVoid" time="521.674" classname="tests.QCStore"/>
  <testcase name="borrowregNewloan" time="170.453" classname="tests.QCStore"/>
  <testcase name="rebateStepup" time="385.611" classname="tests.QCStore"/>
  <testcase name="rebateStepupVoid" time="470.457" classname="tests.QCStore"/>
  <testcase name="AQC_EPPDeposit" time="423.679" classname="tests.QCStore"/>
  <testcase name="AQC_EPP_Prepayment" time="449.385" classname="tests.QCStore"/>
  <testcase name="AQC_EPP_clear" time="457.140" classname="tests.QCStore"/>
  <testcase name="AQC_EPP_refund" time="622.989" classname="tests.QCStore"/>
  <testcase name="AQC_EPP_Return" time="619.739" classname="tests.QCStore"/>
  <testcase name="AQC_EPP_nsfPayment" time="557.439" classname="tests.QCStore"/>
  <testcase name="AQC_EPP_Redeposit" time="587.430" classname="tests.QCStore"/>
  <testcase name="JQC_AgeStore_GraceDays_DCDeposit_Menu_Txn" classname="tests.QCStore">
    <skipped/>
  </testcase> <!-- JQC_AgeStore_GraceDays_DCDeposit_Menu_Txn -->
  <testcase name="JQC_ACH_PartialWORecovery_FullWORecovery_Void_Txn_Testdata" classname="tests.QCStore">
    <skipped/>
  </testcase> <!-- JQC_ACH_PartialWORecovery_FullWORecovery_Void_Txn_Testdata -->
  <testcase name="JQC_AgeStore_GraceDays_DCDeposit_Dropdown_Txn" classname="tests.QCStore">
    <skipped/>
  </testcase> <!-- JQC_AgeStore_GraceDays_DCDeposit_Dropdown_Txn -->
  <testcase name="JQC_AgeStore_DCDeposit_Txn" classname="tests.QCStore">
    <skipped/>
  </testcase> <!-- JQC_AgeStore_DCDeposit_Txn -->
  <testcase name="JQC_NewLoan_Veritec_Txn" classname="tests.QCStore">
    <skipped/>
  </testcase> <!-- JQC_NewLoan_Veritec_Txn -->
  <testcase name="JQC_AgeStore_DCDeposit_Menu_Txn" classname="tests.QCStore">
    <skipped/>
  </testcase> <!-- JQC_AgeStore_DCDeposit_Menu_Txn -->
</testsuite> <!-- tests.QCStore -->
