<?xml version="1.0" encoding="UTF-8"?>
<!-- Generated by org.testng.reporters.JUnitReportReporter -->
<testsuite skipped="23" hostname="QTLSYS2-238" name="tests.QCStore" tests="43" failures="2" timestamp="18 Feb 2019 20:40:36 GMT" time="25811.596" errors="0">
  <testcase name="QC_NewLoan_Promotion_Txn" time="397.538" classname="tests.QCStore"/>
  <testcase name="QC_RefinanceStepDown_Txn" time="1513.606" classname="tests.QCStore"/>
  <testcase name="QC_RefinanceStepDown_Void_Txn" time="1462.116" classname="tests.QCStore"/>
  <testcase name="QC_OpenLoan_NewLoan_Txn" time="422.317" classname="tests.QCStore"/>
  <testcase name="QC_NewLoan_Void_Txn" time="557.512" classname="tests.QCStore"/>
  <testcase name="QC_AgeStore_Void_Txn" time="1021.802" classname="tests.QCStore"/>
  <testcase name="QC_Deposit_Menu_Txn" time="968.727" classname="tests.QCStore"/>
  <testcase name="QC_Deposit_GraceDays_Txn" time="1184.212" classname="tests.QCStore"/>
  <testcase name="QC_FutureDeposit_DropDown" time="1398.541" classname="tests.QCStore"/>
  <testcase name="QC_Epp_Deposit_Void_Txn" time="1608.459" classname="tests.QCStore"/>
  <testcase name="QC_Epp_PrePayment_Txn" time="1821.771" classname="tests.QCStore"/>
  <testcase name="QC_Epp_Check_Deposit_Clear_Txn" time="1835.620" classname="tests.QCStore"/>
  <testcase name="QC_EppDepositClear_Refund_Txn" time="2097.642" classname="tests.QCStore"/>
  <testcase name="QC_Epp_PrePayment_Return_Txn" time="1726.665" classname="tests.QCStore"/>
  <testcase name="QC_Epp_Return_NSFPayment_Txn" time="1768.913" classname="tests.QCStore"/>
  <testcase name="QC_Epp_Return_ReDeposit_Txn" time="1782.204" classname="tests.QCStore"/>
  <testcase name="QC_Void_FullReturnPayment_Txn" time="1672.927" classname="tests.QCStore"/>
  <testcase name="QC_PartialPayment_RefundVoid_Txn" time="1131.846" classname="tests.QCStore"/>
  <testcase name="QC_Refinance_StepSameURP_Txn" time="735.560" classname="tests.QCStore">
    <failure type="java.lang.AssertionError" message="expected [true] but found [false]">
      <![CDATA[java.lang.AssertionError: expected [true] but found [false]
at org.testng.Assert.fail(Assert.java:96)
at org.testng.Assert.failNotEquals(Assert.java:776)
at org.testng.Assert.assertTrue(Assert.java:44)
at org.testng.Assert.assertTrue(Assert.java:54)
at tests.QCRefinance.refinanceStepSame(QCRefinance.java:730)
at tests.QCStore.QC_Refinance_StepSameURP_Txn(QCStore.java:1429)
at sun.reflect.NativeMethodAccessorImpl.invoke0(Native Method)
at sun.reflect.NativeMethodAccessorImpl.invoke(Unknown Source)
at sun.reflect.DelegatingMethodAccessorImpl.invoke(Unknown Source)
at java.lang.reflect.Method.invoke(Unknown Source)
at org.testng.internal.MethodInvocationHelper.invokeMethod(MethodInvocationHelper.java:124)
at org.testng.internal.Invoker.invokeMethod(Invoker.java:583)
at org.testng.internal.Invoker.invokeTestMethod(Invoker.java:719)
at org.testng.internal.Invoker.invokeTestMethods(Invoker.java:989)
at org.testng.internal.TestMethodWorker.invokeTestMethods(TestMethodWorker.java:125)
at org.testng.internal.TestMethodWorker.run(TestMethodWorker.java:109)
at org.testng.TestRunner.privateRun(TestRunner.java:648)
at org.testng.TestRunner.run(TestRunner.java:505)
at org.testng.SuiteRunner.runTest(SuiteRunner.java:455)
at org.testng.SuiteRunner.runSequentially(SuiteRunner.java:450)
at org.testng.SuiteRunner.privateRun(SuiteRunner.java:415)
at org.testng.SuiteRunner.run(SuiteRunner.java:364)
at org.testng.SuiteRunnerWorker.runSuite(SuiteRunnerWorker.java:52)
at org.testng.SuiteRunnerWorker.run(SuiteRunnerWorker.java:84)
at org.testng.TestNG.runSuitesSequentially(TestNG.java:1208)
at org.testng.TestNG.runSuitesLocally(TestNG.java:1137)
at org.testng.TestNG.runSuites(TestNG.java:1049)
at org.testng.TestNG.run(TestNG.java:1017)
at org.testng.remote.AbstractRemoteTestNG.run(AbstractRemoteTestNG.java:114)
at org.testng.remote.RemoteTestNG.initAndRun(RemoteTestNG.java:251)
at org.testng.remote.RemoteTestNG.main(RemoteTestNG.java:77)
]]>
    </failure>
  </testcase> <!-- QC_Refinance_StepSameURP_Txn -->
  <testcase name="QC_Refinance_StepSameVoidURP_Txn" time="703.618" classname="tests.QCStore">
    <failure type="java.lang.AssertionError" message="expected [true] but found [false]">
      <![CDATA[java.lang.AssertionError: expected [true] but found [false]
at org.testng.Assert.fail(Assert.java:96)
at org.testng.Assert.failNotEquals(Assert.java:776)
at org.testng.Assert.assertTrue(Assert.java:44)
at org.testng.Assert.assertTrue(Assert.java:54)
at tests.QCRefinance.refinanceStepSame(QCRefinance.java:730)
at tests.QCStore.QC_Refinance_StepSameVoidURP_Txn(QCStore.java:1487)
at sun.reflect.NativeMethodAccessorImpl.invoke0(Native Method)
at sun.reflect.NativeMethodAccessorImpl.invoke(Unknown Source)
at sun.reflect.DelegatingMethodAccessorImpl.invoke(Unknown Source)
at java.lang.reflect.Method.invoke(Unknown Source)
at org.testng.internal.MethodInvocationHelper.invokeMethod(MethodInvocationHelper.java:124)
at org.testng.internal.Invoker.invokeMethod(Invoker.java:583)
at org.testng.internal.Invoker.invokeTestMethod(Invoker.java:719)
at org.testng.internal.Invoker.invokeTestMethods(Invoker.java:989)
at org.testng.internal.TestMethodWorker.invokeTestMethods(TestMethodWorker.java:125)
at org.testng.internal.TestMethodWorker.run(TestMethodWorker.java:109)
at org.testng.TestRunner.privateRun(TestRunner.java:648)
at org.testng.TestRunner.run(TestRunner.java:505)
at org.testng.SuiteRunner.runTest(SuiteRunner.java:455)
at org.testng.SuiteRunner.runSequentially(SuiteRunner.java:450)
at org.testng.SuiteRunner.privateRun(SuiteRunner.java:415)
at org.testng.SuiteRunner.run(SuiteRunner.java:364)
at org.testng.SuiteRunnerWorker.runSuite(SuiteRunnerWorker.java:52)
at org.testng.SuiteRunnerWorker.run(SuiteRunnerWorker.java:84)
at org.testng.TestNG.runSuitesSequentially(TestNG.java:1208)
at org.testng.TestNG.runSuitesLocally(TestNG.java:1137)
at org.testng.TestNG.runSuites(TestNG.java:1049)
at org.testng.TestNG.run(TestNG.java:1017)
at org.testng.remote.AbstractRemoteTestNG.run(AbstractRemoteTestNG.java:114)
at org.testng.remote.RemoteTestNG.initAndRun(RemoteTestNG.java:251)
at org.testng.remote.RemoteTestNG.main(RemoteTestNG.java:77)
]]>
    </failure>
  </testcase> <!-- QC_Refinance_StepSameVoidURP_Txn -->
  <testcase name="JQC_AgeStore_GraceDays_DCDeposit_Menu_Txn" classname="tests.QCStore">
    <skipped/>
  </testcase> <!-- JQC_AgeStore_GraceDays_DCDeposit_Menu_Txn -->
  <testcase name="GracedaysDepositMenu" classname="tests.QCStore">
    <skipped/>
  </testcase> <!-- GracedaysDepositMenu -->
  <testcase name="middayDeposit" classname="tests.QCStore">
    <skipped/>
  </testcase> <!-- middayDeposit -->
  <testcase name="Achdeposit" classname="tests.QCStore">
    <skipped/>
  </testcase> <!-- Achdeposit -->
  <testcase name="JQC_AgeStore_DCDeposit_Txn" classname="tests.QCStore">
    <skipped/>
  </testcase> <!-- JQC_AgeStore_DCDeposit_Txn -->
  <testcase name="futureMidayDeposit" classname="tests.QCStore">
    <skipped/>
  </testcase> <!-- futureMidayDeposit -->
  <testcase name="JQC_NewLoan_Veritec_Txn" classname="tests.QCStore">
    <skipped/>
  </testcase> <!-- JQC_NewLoan_Veritec_Txn -->
  <testcase name="RefinanceStepupVoid" classname="tests.QCStore">
    <skipped/>
  </testcase> <!-- RefinanceStepupVoid -->
  <testcase name="JQC_AgeStore_DCDeposit_Menu_Txn" classname="tests.QCStore">
    <skipped/>
  </testcase> <!-- JQC_AgeStore_DCDeposit_Menu_Txn -->
  <testcase name="borrowregNewloan" classname="tests.QCStore">
    <skipped/>
  </testcase> <!-- borrowregNewloan -->
  <testcase name="GracedaysMiddayDeposit" classname="tests.QCStore">
    <skipped/>
  </testcase> <!-- GracedaysMiddayDeposit -->
  <testcase name="inactiveNewloan" classname="tests.QCStore">
    <skipped/>
  </testcase> <!-- inactiveNewloan -->
  <testcase name="AQC_EPP_Prepayment" classname="tests.QCStore">
    <skipped/>
  </testcase> <!-- AQC_EPP_Prepayment -->
  <testcase name="JQC_ACH_PartialWORecovery_FullWORecovery_Void_Txn_Testdata" classname="tests.QCStore">
    <skipped/>
  </testcase> <!-- JQC_ACH_PartialWORecovery_FullWORecovery_Void_Txn_Testdata -->
  <testcase name="JQC_AgeStore_GraceDays_DCDeposit_Dropdown_Txn" classname="tests.QCStore">
    <skipped/>
  </testcase> <!-- JQC_AgeStore_GraceDays_DCDeposit_Dropdown_Txn -->
  <testcase name="rescindloan" classname="tests.QCStore">
    <skipped/>
  </testcase> <!-- rescindloan -->
  <testcase name="maxloanCount" classname="tests.QCStore">
    <skipped/>
  </testcase> <!-- maxloanCount -->
  <testcase name="RefinanceStepup" classname="tests.QCStore">
    <skipped/>
  </testcase> <!-- RefinanceStepup -->
  <testcase name="rebateStepupVoid" classname="tests.QCStore">
    <skipped/>
  </testcase> <!-- rebateStepupVoid -->
  <testcase name="rebateStepup" classname="tests.QCStore">
    <skipped/>
  </testcase> <!-- rebateStepup -->
  <testcase name="RefinanceStepSameVoid" classname="tests.QCStore">
    <skipped/>
  </testcase> <!-- RefinanceStepSameVoid -->
  <testcase name="agerescindtest" classname="tests.QCStore">
    <skipped/>
  </testcase> <!-- agerescindtest -->
  <testcase name="RefinanceStepSame" classname="tests.QCStore">
    <skipped/>
  </testcase> <!-- RefinanceStepSame -->
</testsuite> <!-- tests.QCStore -->
