<?xml version="1.0" encoding="UTF-8"?>
<!-- Generated by org.testng.reporters.JUnitReportReporter -->
<<<<<<< HEAD
<testsuite skipped="0" hostname="QTLSYS2-238" name="tests.QCStore" tests="1" failures="0" timestamp="05 Mar 2019 05:23:32 GMT" time="814.211" errors="0">
  <testcase name="QC_Refinance_StepSameVoidURP_Txn" time="814.211" classname="tests.QCStore"/>
=======
<testsuite skipped="0" hostname="QTLSYS2-48" name="tests.QCStore" tests="1" failures="0" timestamp="04 Mar 2019 10:17:51 GMT" time="53.963" errors="0">
  <testcase name="AQC_EPP_Redeposit" time="53.963" classname="tests.QCStore"/>
>>>>>>> 034e575dc96add0c75e87be5f99f7163fb9e1980
</testsuite> <!-- tests.QCStore -->
