<?xml version="1.0" encoding="UTF-8"?>
<!-- Generated by org.testng.reporters.JUnitReportReporter -->
<testsuite skipped="6" hostname="QTLSYS2-238" name="tests.QCStore" tests="24" failures="0" timestamp="08 May 2019 14:25:26 GMT" time="10125.436" errors="0">
  <testcase name="QC_NewLoan_Promotion_Txn" time="282.793" classname="tests.QCStore"/>
  <testcase name="QC_RefinanceStepDown_Txn" time="607.989" classname="tests.QCStore"/>
  <testcase name="QC_RefinanceStepDown_Void_Txn" time="615.023" classname="tests.QCStore"/>
  <testcase name="QC_OpenLoan_NewLoan_Txn" time="361.634" classname="tests.QCStore"/>
  <testcase name="QC_NewLoan_Void_Txn" time="272.533" classname="tests.QCStore"/>
  <testcase name="QC_AgeStore_Void_Txn" time="451.002" classname="tests.QCStore"/>
  <testcase name="QC_Deposit_Menu_Txn" time="503.966" classname="tests.QCStore"/>
  <testcase name="QC_Deposit_GraceDays_Txn" time="536.522" classname="tests.QCStore"/>
  <testcase name="QC_FutureDeposit_DropDown" time="501.678" classname="tests.QCStore"/>
  <testcase name="QC_Epp_Deposit_Void_Txn" time="509.834" classname="tests.QCStore"/>
  <testcase name="QC_Epp_PrePayment_Txn" time="602.719" classname="tests.QCStore"/>
  <testcase name="QC_Epp_Check_Deposit_Clear_Txn" time="710.222" classname="tests.QCStore"/>
  <testcase name="QC_EppDepositClear_Refund_Txn" time="811.292" classname="tests.QCStore"/>
  <testcase name="QC_Epp_PrePayment_Return_Txn" time="592.405" classname="tests.QCStore"/>
  <testcase name="QC_Epp_Return_NSFPayment_Txn" time="591.169" classname="tests.QCStore"/>
  <testcase name="QC_Epp_Return_ReDeposit_Txn" time="618.490" classname="tests.QCStore"/>
  <testcase name="QC_Void_FullReturnPayment_Txn" time="929.499" classname="tests.QCStore"/>
  <testcase name="QC_PartialPayment_RefundVoid_Txn" time="626.666" classname="tests.QCStore"/>
  <testcase name="JQC_AgeStore_GraceDays_DCDeposit_Menu_Txn" classname="tests.QCStore">
    <skipped/>
  </testcase> <!-- JQC_AgeStore_GraceDays_DCDeposit_Menu_Txn -->
  <testcase name="JQC_ACH_PartialWORecovery_FullWORecovery_Void_Txn_Testdata" classname="tests.QCStore">
    <skipped/>
  </testcase> <!-- JQC_ACH_PartialWORecovery_FullWORecovery_Void_Txn_Testdata -->
  <testcase name="JQC_AgeStore_GraceDays_DCDeposit_Dropdown_Txn" classname="tests.QCStore">
    <skipped/>
  </testcase> <!-- JQC_AgeStore_GraceDays_DCDeposit_Dropdown_Txn -->
  <testcase name="JQC_AgeStore_DCDeposit_Txn" classname="tests.QCStore">
    <skipped/>
  </testcase> <!-- JQC_AgeStore_DCDeposit_Txn -->
  <testcase name="JQC_NewLoan_Veritec_Txn" classname="tests.QCStore">
    <skipped/>
  </testcase> <!-- JQC_NewLoan_Veritec_Txn -->
  <testcase name="JQC_AgeStore_DCDeposit_Menu_Txn" classname="tests.QCStore">
    <skipped/>
  </testcase> <!-- JQC_AgeStore_DCDeposit_Menu_Txn -->
</testsuite> <!-- tests.QCStore -->
