<?xml version="1.0" encoding="UTF-8"?>
<!-- Generated by org.testng.reporters.JUnitReportReporter -->
<testsuite skipped="6" hostname="QTLSYS1-182" name="tests.QCStore" tests="28" failures="0" timestamp="29 Mar 2019 18:23:22 GMT" time="17519.504" errors="0">
  <testcase name="JQC_AgeStore_Deposit_PrePayment_Txn" time="721.353" classname="tests.QCStore"/>
  <testcase name="JQC_AgeStore_Deposit_PrePayment_Void_Txn" time="754.812" classname="tests.QCStore"/>
  <testcase name="JQC_AgeStore_Deposit_ClearDropdown_Txn" time="604.700" classname="tests.QCStore"/>
  <testcase name="JQC_AgeStore_Deposit_ClearMenu_Txn" time="722.352" classname="tests.QCStore"/>
  <testcase name="JQC_AgeStore_Deposit_AutoClear_Txn" time="805.171" classname="tests.QCStore"/>
  <testcase name="JQC_AgeStore_PrePayment_Return_Txn" time="811.201" classname="tests.QCStore"/>
  <testcase name="JQC_AgeStore_PrePayment_Clear_Txn" time="864.832" classname="tests.QCStore"/>
  <testcase name="JQC_AgeStore_NSFPosting_Refinance_Rescind_Txn" time="752.614" classname="tests.QCStore"/>
  <testcase name="JQC_AgeStore_ACHReturn_Refinance_Rescind_Txn" time="830.666" classname="tests.QCStore"/>
  <testcase name="JQC_AgeStore_Deposit_Return_Refinance_Txn" time="749.239" classname="tests.QCStore"/>
  <testcase name="JQC_AgeStore_Deposit_Return_Refinance_Void_Txn" time="776.633" classname="tests.QCStore"/>
  <testcase name="JQC_AgeStore_Refinance_Rescind_Txn" time="703.861" classname="tests.QCStore"/>
  <testcase name="JQC_AgeStore_Redeposit_Prepayment_Void_Prepayment_Return_Txn" time="930.123" classname="tests.QCStore"/>
  <testcase name="JQC_Return_ReDeposit_Clear_Txn" time="912.469" classname="tests.QCStore"/>
  <testcase name="JQC_BuyBack_Txn_Testdata" time="579.185" classname="tests.QCStore"/>
  <testcase name="JQC_BuyBack_Void_Txn_Testdata" time="697.552" classname="tests.QCStore"/>
  <testcase name="JQC_BuyBack_Rebate_Txn_Testdata" time="395.264" classname="tests.QCStore"/>
  <testcase name="JQC_BuyBack_Rebate_Void_Txn_Testdata" time="440.359" classname="tests.QCStore"/>
  <testcase name="JQC_ChkDeposit_RtnChk_ReDeposit_Payment_Void_Clear_Txn_Testdata" time="907.026" classname="tests.QCStore"/>
  <testcase name="JQC_Deposit_Return_EPP_Txn_Testdata" time="1004.774" classname="tests.QCStore"/>
  <testcase name="JQC_EPP_AgestoreInstallmentwise_EPPPayment_Txn_Testdata" time="1942.540" classname="tests.QCStore"/>
  <testcase name="JQC_EPP_Txn_Testdata" time="612.777" classname="tests.QCStore"/>
  <testcase name="JQC_AgeStore_GraceDays_DCDeposit_Menu_Txn" classname="tests.QCStore">
    <skipped/>
  </testcase> <!-- JQC_AgeStore_GraceDays_DCDeposit_Menu_Txn -->
  <testcase name="JQC_ACH_PartialWORecovery_FullWORecovery_Void_Txn_Testdata" classname="tests.QCStore">
    <skipped/>
  </testcase> <!-- JQC_ACH_PartialWORecovery_FullWORecovery_Void_Txn_Testdata -->
  <testcase name="JQC_AgeStore_GraceDays_DCDeposit_Dropdown_Txn" classname="tests.QCStore">
    <skipped/>
  </testcase> <!-- JQC_AgeStore_GraceDays_DCDeposit_Dropdown_Txn -->
  <testcase name="JQC_AgeStore_DCDeposit_Txn" classname="tests.QCStore">
    <skipped/>
  </testcase> <!-- JQC_AgeStore_DCDeposit_Txn -->
  <testcase name="JQC_NewLoan_Veritec_Txn" classname="tests.QCStore">
    <skipped/>
  </testcase> <!-- JQC_NewLoan_Veritec_Txn -->
  <testcase name="JQC_AgeStore_DCDeposit_Menu_Txn" classname="tests.QCStore">
    <skipped/>
  </testcase> <!-- JQC_AgeStore_DCDeposit_Menu_Txn -->
</testsuite> <!-- tests.QCStore -->
