<?xml version="1.0" encoding="UTF-8"?>
<!-- Generated by org.testng.reporters.JUnitReportReporter -->
<testsuite skipped="6" hostname="QTLSYS2-238" name="tests.QCStore" tests="24" failures="0" timestamp="12 Jun 2019 15:44:25 GMT" time="9494.570" errors="0">
  <testcase name="QC_NewLoan_Promotion_Txn" time="316.005" classname="tests.QCStore"/>
  <testcase name="QC_RefinanceStepDown_Txn" time="743.877" classname="tests.QCStore"/>
  <testcase name="QC_RefinanceStepDown_Void_Txn" time="663.638" classname="tests.QCStore"/>
  <testcase name="QC_OpenLoan_NewLoan_Txn" time="390.540" classname="tests.QCStore"/>
  <testcase name="QC_NewLoan_Void_Txn" time="281.642" classname="tests.QCStore"/>
  <testcase name="QC_AgeStore_Void_Txn" time="413.267" classname="tests.QCStore"/>
  <testcase name="QC_Deposit_Menu_Txn" time="364.277" classname="tests.QCStore"/>
  <testcase name="QC_Deposit_GraceDays_Txn" time="438.722" classname="tests.QCStore"/>
  <testcase name="QC_FutureDeposit_DropDown" time="508.940" classname="tests.QCStore"/>
  <testcase name="QC_Epp_Deposit_Void_Txn" time="521.436" classname="tests.QCStore"/>
  <testcase name="QC_Epp_PrePayment_Txn" time="602.841" classname="tests.QCStore"/>
  <testcase name="QC_Epp_Check_Deposit_Clear_Txn" time="565.144" classname="tests.QCStore"/>
  <testcase name="QC_EppDepositClear_Refund_Txn" time="750.867" classname="tests.QCStore"/>
  <testcase name="QC_Epp_PrePayment_Return_Txn" time="589.165" classname="tests.QCStore"/>
  <testcase name="QC_Epp_Return_NSFPayment_Txn" time="574.676" classname="tests.QCStore"/>
  <testcase name="QC_Epp_Return_ReDeposit_Txn" time="567.534" classname="tests.QCStore"/>
  <testcase name="QC_Void_FullReturnPayment_Txn" time="662.863" classname="tests.QCStore"/>
  <testcase name="QC_PartialPayment_RefundVoid_Txn" time="539.136" classname="tests.QCStore"/>
  <testcase name="JQC_AgeStore_GraceDays_DCDeposit_Menu_Txn" classname="tests.QCStore">
    <skipped/>
  </testcase> <!-- JQC_AgeStore_GraceDays_DCDeposit_Menu_Txn -->
  <testcase name="JQC_ACH_PartialWORecovery_FullWORecovery_Void_Txn_Testdata" classname="tests.QCStore">
    <skipped/>
  </testcase> <!-- JQC_ACH_PartialWORecovery_FullWORecovery_Void_Txn_Testdata -->
  <testcase name="JQC_AgeStore_GraceDays_DCDeposit_Dropdown_Txn" classname="tests.QCStore">
    <skipped/>
  </testcase> <!-- JQC_AgeStore_GraceDays_DCDeposit_Dropdown_Txn -->
  <testcase name="JQC_AgeStore_DCDeposit_Txn" classname="tests.QCStore">
    <skipped/>
  </testcase> <!-- JQC_AgeStore_DCDeposit_Txn -->
  <testcase name="JQC_NewLoan_Veritec_Txn" classname="tests.QCStore">
    <skipped/>
  </testcase> <!-- JQC_NewLoan_Veritec_Txn -->
  <testcase name="JQC_AgeStore_DCDeposit_Menu_Txn" classname="tests.QCStore">
    <skipped/>
  </testcase> <!-- JQC_AgeStore_DCDeposit_Menu_Txn -->
</testsuite> <!-- tests.QCStore -->
