<?xml version="1.0" encoding="UTF-8"?>
<!-- Generated by org.testng.reporters.JUnitReportReporter -->
<testsuite skipped="6" hostname="QTLSYS2-238" name="tests.QCStore" tests="21" failures="0" timestamp="26 Jun 2019 17:18:06 GMT" time="13573.096" errors="0">
  <testcase name="QC_OpenLoan_NewLoan_Txn" time="424.931" classname="tests.QCStore"/>
  <testcase name="QC_NewLoan_Void_Txn" time="377.077" classname="tests.QCStore"/>
  <testcase name="QC_AgeStore_Void_Txn" time="2390.580" classname="tests.QCStore"/>
  <testcase name="QC_Deposit_Menu_Txn" time="501.597" classname="tests.QCStore"/>
  <testcase name="QC_Deposit_GraceDays_Txn" time="595.341" classname="tests.QCStore"/>
  <testcase name="QC_FutureDeposit_DropDown" time="693.885" classname="tests.QCStore"/>
  <testcase name="QC_Epp_Deposit_Void_Txn" time="750.631" classname="tests.QCStore"/>
  <testcase name="QC_Epp_PrePayment_Txn" time="870.255" classname="tests.QCStore"/>
  <testcase name="QC_Epp_Check_Deposit_Clear_Txn" time="930.038" classname="tests.QCStore"/>
  <testcase name="QC_EppDepositClear_Refund_Txn" time="1112.427" classname="tests.QCStore"/>
  <testcase name="QC_Epp_PrePayment_Return_Txn" time="1051.578" classname="tests.QCStore"/>
  <testcase name="QC_Epp_Return_NSFPayment_Txn" time="891.559" classname="tests.QCStore"/>
  <testcase name="QC_Epp_Return_ReDeposit_Txn" time="951.857" classname="tests.QCStore"/>
  <testcase name="QC_Void_FullReturnPayment_Txn" time="1180.142" classname="tests.QCStore"/>
  <testcase name="QC_PartialPayment_RefundVoid_Txn" time="851.198" classname="tests.QCStore"/>
  <testcase name="JQC_AgeStore_GraceDays_DCDeposit_Menu_Txn" classname="tests.QCStore">
    <skipped/>
  </testcase> <!-- JQC_AgeStore_GraceDays_DCDeposit_Menu_Txn -->
  <testcase name="JQC_ACH_PartialWORecovery_FullWORecovery_Void_Txn_Testdata" classname="tests.QCStore">
    <skipped/>
  </testcase> <!-- JQC_ACH_PartialWORecovery_FullWORecovery_Void_Txn_Testdata -->
  <testcase name="JQC_AgeStore_GraceDays_DCDeposit_Dropdown_Txn" classname="tests.QCStore">
    <skipped/>
  </testcase> <!-- JQC_AgeStore_GraceDays_DCDeposit_Dropdown_Txn -->
  <testcase name="JQC_AgeStore_DCDeposit_Txn" classname="tests.QCStore">
    <skipped/>
  </testcase> <!-- JQC_AgeStore_DCDeposit_Txn -->
  <testcase name="JQC_NewLoan_Veritec_Txn" classname="tests.QCStore">
    <skipped/>
  </testcase> <!-- JQC_NewLoan_Veritec_Txn -->
  <testcase name="JQC_AgeStore_DCDeposit_Menu_Txn" classname="tests.QCStore">
    <skipped/>
  </testcase> <!-- JQC_AgeStore_DCDeposit_Menu_Txn -->
</testsuite> <!-- tests.QCStore -->
