<?xml version="1.0" encoding="UTF-8"?>
<!-- Generated by org.testng.reporters.JUnitReportReporter -->
<<<<<<< HEAD
<<<<<<< HEAD
<testsuite skipped="6" hostname="QTLSYS2-238" name="tests.QCStore" tests="7" failures="0" timestamp="22 Mar 2019 05:23:15 GMT" time="203.854" errors="0">
  <testcase name="QC_NewLoan_Promotion_Txn" time="203.854" classname="tests.QCStore"/>
=======
<testsuite skipped="6" hostname="QTLSYS2-48" name="tests.QCStore" tests="7" failures="0" timestamp="21 Mar 2019 09:20:48 GMT" time="1193.493" errors="0">
  <testcase name="AQC_EPP_Return" time="1193.493" classname="tests.QCStore"/>
>>>>>>> anoop1.1
=======
<testsuite skipped="6" hostname="QTLSYS1-182" name="tests.QCStore" tests="7" failures="0" timestamp="21 Mar 2019 11:40:25 GMT" time="1091.975" errors="0">
  <testcase name="JQC_ChkDeposit_RtnChk_ReDeposit_Payment_Void_Clear_Txn_Testdata" time="1091.975" classname="tests.QCStore"/>
>>>>>>> janaki1.2
  <testcase name="JQC_AgeStore_GraceDays_DCDeposit_Menu_Txn" classname="tests.QCStore">
    <skipped/>
  </testcase> <!-- JQC_AgeStore_GraceDays_DCDeposit_Menu_Txn -->
  <testcase name="JQC_ACH_PartialWORecovery_FullWORecovery_Void_Txn_Testdata" classname="tests.QCStore">
    <skipped/>
  </testcase> <!-- JQC_ACH_PartialWORecovery_FullWORecovery_Void_Txn_Testdata -->
  <testcase name="JQC_AgeStore_GraceDays_DCDeposit_Dropdown_Txn" classname="tests.QCStore">
    <skipped/>
  </testcase> <!-- JQC_AgeStore_GraceDays_DCDeposit_Dropdown_Txn -->
  <testcase name="JQC_AgeStore_DCDeposit_Txn" classname="tests.QCStore">
    <skipped/>
  </testcase> <!-- JQC_AgeStore_DCDeposit_Txn -->
  <testcase name="JQC_NewLoan_Veritec_Txn" classname="tests.QCStore">
    <skipped/>
  </testcase> <!-- JQC_NewLoan_Veritec_Txn -->
  <testcase name="JQC_AgeStore_DCDeposit_Menu_Txn" classname="tests.QCStore">
    <skipped/>
  </testcase> <!-- JQC_AgeStore_DCDeposit_Menu_Txn -->
</testsuite> <!-- tests.QCStore -->
