<?xml version="1.0" encoding="UTF-8"?>
<!-- Generated by org.testng.reporters.JUnitReportReporter -->
<testsuite skipped="0" hostname="QTLSYS1-182" name="tests.QCStore" tests="8" failures="0" timestamp="05 May 2019 07:17:08 GMT" time="4161.894" errors="0">
  <testcase name="JQC_AgeStore_Deposit_PrePayment_Txn" time="474.917" classname="tests.QCStore"/>
  <testcase name="JQC_AgeStore_Deposit_PrePayment_Void_Txn" time="504.622" classname="tests.QCStore"/>
  <testcase name="JQC_AgeStore_Deposit_ClearDropdown_Txn" time="418.308" classname="tests.QCStore"/>
  <testcase name="JQC_AgeStore_Deposit_ClearMenu_Txn" time="436.681" classname="tests.QCStore"/>
  <testcase name="JQC_AgeStore_Deposit_AutoClear_Txn" time="499.105" classname="tests.QCStore"/>
  <testcase name="JQC_AgeStore_PrePayment_Return_Txn" time="640.549" classname="tests.QCStore"/>
  <testcase name="JQC_AgeStore_PrePayment_Clear_Txn" time="624.369" classname="tests.QCStore"/>
  <testcase name="JQC_AgeStore_NSFPosting_Refinance_Rescind_Txn" time="563.343" classname="tests.QCStore"/>
</testsuite> <!-- tests.QCStore -->
