<?xml version="1.0" encoding="UTF-8"?>
<!-- Generated by org.testng.reporters.JUnitReportReporter -->
<<<<<<< HEAD
<testsuite skipped="6" hostname="QTLSYS1-182" name="tests.QCStore" tests="7" failures="0" timestamp="27 Feb 2019 09:31:19 GMT" time="1310.879" errors="0">
  <testcase name="JQC_PartialWORecovery_FullWORecovery_Void_Txn_Testdata" time="1310.879" classname="tests.QCStore"/>
=======
<<<<<<< HEAD
<<<<<<< HEAD
<<<<<<< HEAD
<testsuite skipped="0" hostname="QTLSYS2-238" name="tests.QCStore" tests="1" failures="0" timestamp="19 Feb 2019 13:00:05 GMT" time="254.931" errors="0">
  <testcase name="QC_FutureDeposit_EOD_Txn" time="254.931" classname="tests.QCStore"/>
=======
=======
>>>>>>> 204c31dbc0e0b4ef5ce1fe20208426e8612bfd9b
<testsuite skipped="23" hostname="QTLSYS1-182" name="tests.QCStore" tests="24" failures="0" timestamp="21 Feb 2019 06:46:54 GMT" time="1355.755" errors="0">
  <testcase name="JQC_PartialWORecovery_FullWORecovery_Void_Txn_Testdata" time="1355.755" classname="tests.QCStore"/>
>>>>>>> 142a91c5653888e6feab1178c6b3bfd7b13dd4e3
  <testcase name="JQC_AgeStore_GraceDays_DCDeposit_Menu_Txn" classname="tests.QCStore">
    <skipped/>
  </testcase> <!-- JQC_AgeStore_GraceDays_DCDeposit_Menu_Txn -->
  <testcase name="JQC_ACH_PartialWORecovery_FullWORecovery_Void_Txn_Testdata" classname="tests.QCStore">
    <skipped/>
  </testcase> <!-- JQC_ACH_PartialWORecovery_FullWORecovery_Void_Txn_Testdata -->
  <testcase name="JQC_AgeStore_GraceDays_DCDeposit_Dropdown_Txn" classname="tests.QCStore">
    <skipped/>
  </testcase> <!-- JQC_AgeStore_GraceDays_DCDeposit_Dropdown_Txn -->
  <testcase name="JQC_AgeStore_DCDeposit_Txn" classname="tests.QCStore">
    <skipped/>
  </testcase> <!-- JQC_AgeStore_DCDeposit_Txn -->
  <testcase name="JQC_NewLoan_Veritec_Txn" classname="tests.QCStore">
    <skipped/>
  </testcase> <!-- JQC_NewLoan_Veritec_Txn -->
  <testcase name="JQC_AgeStore_DCDeposit_Menu_Txn" classname="tests.QCStore">
    <skipped/>
  </testcase> <!-- JQC_AgeStore_DCDeposit_Menu_Txn -->
<<<<<<< HEAD
=======
  <testcase name="borrowregNewloan" classname="tests.QCStore">
    <skipped/>
  </testcase> <!-- borrowregNewloan -->
  <testcase name="GracedaysMiddayDeposit" classname="tests.QCStore">
    <skipped/>
  </testcase> <!-- GracedaysMiddayDeposit -->
  <testcase name="inactiveNewloan" classname="tests.QCStore">
    <skipped/>
  </testcase> <!-- inactiveNewloan -->
  <testcase name="AQC_EPP_Prepayment" classname="tests.QCStore">
    <skipped/>
  </testcase> <!-- AQC_EPP_Prepayment -->
  <testcase name="JQC_ACH_PartialWORecovery_FullWORecovery_Void_Txn_Testdata" classname="tests.QCStore">
    <skipped/>
  </testcase> <!-- JQC_ACH_PartialWORecovery_FullWORecovery_Void_Txn_Testdata -->
  <testcase name="JQC_AgeStore_GraceDays_DCDeposit_Dropdown_Txn" classname="tests.QCStore">
    <skipped/>
  </testcase> <!-- JQC_AgeStore_GraceDays_DCDeposit_Dropdown_Txn -->
  <testcase name="rescindloan" classname="tests.QCStore">
    <skipped/>
  </testcase> <!-- rescindloan -->
  <testcase name="maxloanCount" classname="tests.QCStore">
    <skipped/>
  </testcase> <!-- maxloanCount -->
  <testcase name="RefinanceStepup" classname="tests.QCStore">
    <skipped/>
  </testcase> <!-- RefinanceStepup -->
  <testcase name="rebateStepupVoid" classname="tests.QCStore">
    <skipped/>
  </testcase> <!-- rebateStepupVoid -->
  <testcase name="rebateStepup" classname="tests.QCStore">
    <skipped/>
  </testcase> <!-- rebateStepup -->
  <testcase name="RefinanceStepSameVoid" classname="tests.QCStore">
    <skipped/>
  </testcase> <!-- RefinanceStepSameVoid -->
  <testcase name="agerescindtest" classname="tests.QCStore">
    <skipped/>
  </testcase> <!-- agerescindtest -->
  <testcase name="RefinanceStepSame" classname="tests.QCStore">
    <skipped/>
  </testcase> <!-- RefinanceStepSame -->
<<<<<<< HEAD
>>>>>>> 2595ff094730e8fabc91b1e4a6f764cef5b2e41a
=======
>>>>>>> 204c31dbc0e0b4ef5ce1fe20208426e8612bfd9b
=======
<testsuite skipped="0" hostname="QTLSYS2-238" name="tests.QCStore" tests="1" failures="0" timestamp="20 Feb 2019 07:28:29 GMT" time="1605.559" errors="0">
  <testcase name="QC_Void_FullReturnPayment_Txn" time="1605.559" classname="tests.QCStore"/>
>>>>>>> jan21.1
>>>>>>> 142a91c5653888e6feab1178c6b3bfd7b13dd4e3
</testsuite> <!-- tests.QCStore -->
