<?xml version="1.0" encoding="UTF-8"?>
<!-- Generated by org.testng.reporters.JUnitReportReporter -->
<testsuite skipped="0" hostname="QTLSYS2-238" name="tests.QCStore" tests="1" failures="0" timestamp="20 Feb 2019 07:28:29 GMT" time="1605.559" errors="0">
  <testcase name="QC_Void_FullReturnPayment_Txn" time="1605.559" classname="tests.QCStore"/>
</testsuite> <!-- tests.QCStore -->
