<?xml version="1.0" encoding="UTF-8"?>
<!-- Generated by org.testng.reporters.JUnitReportReporter -->
<testsuite skipped="0" hostname="QTLSYS2-48" name="tests.QCStore" tests="1" failures="0" timestamp="04 Mar 2019 10:17:51 GMT" time="53.963" errors="0">
  <testcase name="AQC_EPP_Redeposit" time="53.963" classname="tests.QCStore"/>
</testsuite> <!-- tests.QCStore -->
