<?xml version="1.0" encoding="UTF-8"?>
<!-- Generated by org.testng.reporters.JUnitReportReporter -->
<testsuite skipped="0" hostname="QTLSYS2-238" name="tests.QCStore" tests="1" failures="0" timestamp="19 Feb 2019 13:00:05 GMT" time="254.931" errors="0">
  <testcase name="QC_FutureDeposit_EOD_Txn" time="254.931" classname="tests.QCStore"/>
</testsuite> <!-- tests.QCStore -->
