<?xml version="1.0" encoding="UTF-8"?>
<!-- Generated by org.testng.reporters.JUnitReportReporter -->
<testsuite skipped="23" hostname="QTLSYS1-182" name="tests.QCStore" tests="24" failures="0" timestamp="21 Feb 2019 06:46:54 GMT" time="1355.755" errors="0">
  <testcase name="JQC_PartialWORecovery_FullWORecovery_Void_Txn_Testdata" time="1355.755" classname="tests.QCStore"/>
  <testcase name="JQC_AgeStore_GraceDays_DCDeposit_Menu_Txn" classname="tests.QCStore">
    <skipped/>
  </testcase> <!-- JQC_AgeStore_GraceDays_DCDeposit_Menu_Txn -->
  <testcase name="GracedaysDepositMenu" classname="tests.QCStore">
    <skipped/>
  </testcase> <!-- GracedaysDepositMenu -->
  <testcase name="middayDeposit" classname="tests.QCStore">
    <skipped/>
  </testcase> <!-- middayDeposit -->
  <testcase name="Achdeposit" classname="tests.QCStore">
    <skipped/>
  </testcase> <!-- Achdeposit -->
  <testcase name="JQC_AgeStore_DCDeposit_Txn" classname="tests.QCStore">
    <skipped/>
  </testcase> <!-- JQC_AgeStore_DCDeposit_Txn -->
  <testcase name="futureMidayDeposit" classname="tests.QCStore">
    <skipped/>
  </testcase> <!-- futureMidayDeposit -->
  <testcase name="JQC_NewLoan_Veritec_Txn" classname="tests.QCStore">
    <skipped/>
  </testcase> <!-- JQC_NewLoan_Veritec_Txn -->
  <testcase name="RefinanceStepupVoid" classname="tests.QCStore">
    <skipped/>
  </testcase> <!-- RefinanceStepupVoid -->
  <testcase name="JQC_AgeStore_DCDeposit_Menu_Txn" classname="tests.QCStore">
    <skipped/>
  </testcase> <!-- JQC_AgeStore_DCDeposit_Menu_Txn -->
  <testcase name="borrowregNewloan" classname="tests.QCStore">
    <skipped/>
  </testcase> <!-- borrowregNewloan -->
  <testcase name="GracedaysMiddayDeposit" classname="tests.QCStore">
    <skipped/>
  </testcase> <!-- GracedaysMiddayDeposit -->
  <testcase name="inactiveNewloan" classname="tests.QCStore">
    <skipped/>
  </testcase> <!-- inactiveNewloan -->
  <testcase name="AQC_EPP_Prepayment" classname="tests.QCStore">
    <skipped/>
  </testcase> <!-- AQC_EPP_Prepayment -->
  <testcase name="JQC_ACH_PartialWORecovery_FullWORecovery_Void_Txn_Testdata" classname="tests.QCStore">
    <skipped/>
  </testcase> <!-- JQC_ACH_PartialWORecovery_FullWORecovery_Void_Txn_Testdata -->
  <testcase name="JQC_AgeStore_GraceDays_DCDeposit_Dropdown_Txn" classname="tests.QCStore">
    <skipped/>
  </testcase> <!-- JQC_AgeStore_GraceDays_DCDeposit_Dropdown_Txn -->
  <testcase name="rescindloan" classname="tests.QCStore">
    <skipped/>
  </testcase> <!-- rescindloan -->
  <testcase name="maxloanCount" classname="tests.QCStore">
    <skipped/>
  </testcase> <!-- maxloanCount -->
  <testcase name="RefinanceStepup" classname="tests.QCStore">
    <skipped/>
  </testcase> <!-- RefinanceStepup -->
  <testcase name="rebateStepupVoid" classname="tests.QCStore">
    <skipped/>
  </testcase> <!-- rebateStepupVoid -->
  <testcase name="rebateStepup" classname="tests.QCStore">
    <skipped/>
  </testcase> <!-- rebateStepup -->
  <testcase name="RefinanceStepSameVoid" classname="tests.QCStore">
    <skipped/>
  </testcase> <!-- RefinanceStepSameVoid -->
  <testcase name="agerescindtest" classname="tests.QCStore">
    <skipped/>
  </testcase> <!-- agerescindtest -->
  <testcase name="RefinanceStepSame" classname="tests.QCStore">
    <skipped/>
  </testcase> <!-- RefinanceStepSame -->
</testsuite> <!-- tests.QCStore -->
