<?xml version="1.0" encoding="UTF-8"?>
<!-- Generated by org.testng.reporters.JUnitReportReporter -->
<testsuite skipped="6" hostname="QTLSYS2-48" name="tests.QCStore" tests="12" failures="0" timestamp="19 Apr 2019 02:43:41 GMT" time="2029.073" errors="0">
  <testcase name="RefinanceStepup" time="343.347" classname="tests.QCStore"/>
  <testcase name="RefinanceStepSame" time="322.083" classname="tests.QCStore"/>
  <testcase name="RefinanceStepupVoid" time="361.832" classname="tests.QCStore"/>
  <testcase name="RefinanceStepSameVoid" time="351.184" classname="tests.QCStore"/>
  <testcase name="rebateStepup" time="304.625" classname="tests.QCStore"/>
  <testcase name="rebateStepupVoid" time="346.002" classname="tests.QCStore"/>
  <testcase name="JQC_AgeStore_GraceDays_DCDeposit_Menu_Txn" classname="tests.QCStore">
    <skipped/>
  </testcase> <!-- JQC_AgeStore_GraceDays_DCDeposit_Menu_Txn -->
  <testcase name="JQC_ACH_PartialWORecovery_FullWORecovery_Void_Txn_Testdata" classname="tests.QCStore">
    <skipped/>
  </testcase> <!-- JQC_ACH_PartialWORecovery_FullWORecovery_Void_Txn_Testdata -->
  <testcase name="JQC_AgeStore_GraceDays_DCDeposit_Dropdown_Txn" classname="tests.QCStore">
    <skipped/>
  </testcase> <!-- JQC_AgeStore_GraceDays_DCDeposit_Dropdown_Txn -->
  <testcase name="JQC_AgeStore_DCDeposit_Txn" classname="tests.QCStore">
    <skipped/>
  </testcase> <!-- JQC_AgeStore_DCDeposit_Txn -->
  <testcase name="JQC_NewLoan_Veritec_Txn" classname="tests.QCStore">
    <skipped/>
  </testcase> <!-- JQC_NewLoan_Veritec_Txn -->
  <testcase name="JQC_AgeStore_DCDeposit_Menu_Txn" classname="tests.QCStore">
    <skipped/>
  </testcase> <!-- JQC_AgeStore_DCDeposit_Menu_Txn -->
</testsuite> <!-- tests.QCStore -->
