<?xml version="1.0" encoding="UTF-8"?>
<!-- Generated by org.testng.reporters.JUnitReportReporter -->
<<<<<<< HEAD
<testsuite skipped="6" hostname="QTLSYS1-182" name="tests.QCStore" tests="7" failures="0" timestamp="12 Mar 2019 05:42:27 GMT" time="1117.072" errors="0">
  <testcase name="JQC_PartialWORecovery_FullWORecovery_Void_Txn_Testdata" time="1117.072" classname="tests.QCStore"/>
=======
<testsuite skipped="6" hostname="QTLSYS2-238" name="tests.QCStore" tests="8" failures="0" timestamp="13 Mar 2019 09:22:36 GMT" time="1697.905" errors="0">
  <testcase name="QC_Refinance_StepDownURP_Txn" time="768.341" classname="tests.QCStore"/>
  <testcase name="QC_Refinance_StepDownVoidURP_Txn" time="929.564" classname="tests.QCStore"/>
>>>>>>> brahmith1.1
  <testcase name="JQC_AgeStore_GraceDays_DCDeposit_Menu_Txn" classname="tests.QCStore">
    <skipped/>
  </testcase> <!-- JQC_AgeStore_GraceDays_DCDeposit_Menu_Txn -->
  <testcase name="JQC_ACH_PartialWORecovery_FullWORecovery_Void_Txn_Testdata" classname="tests.QCStore">
    <skipped/>
  </testcase> <!-- JQC_ACH_PartialWORecovery_FullWORecovery_Void_Txn_Testdata -->
  <testcase name="JQC_AgeStore_GraceDays_DCDeposit_Dropdown_Txn" classname="tests.QCStore">
    <skipped/>
  </testcase> <!-- JQC_AgeStore_GraceDays_DCDeposit_Dropdown_Txn -->
  <testcase name="JQC_AgeStore_DCDeposit_Txn" classname="tests.QCStore">
    <skipped/>
  </testcase> <!-- JQC_AgeStore_DCDeposit_Txn -->
  <testcase name="JQC_NewLoan_Veritec_Txn" classname="tests.QCStore">
    <skipped/>
  </testcase> <!-- JQC_NewLoan_Veritec_Txn -->
  <testcase name="JQC_AgeStore_DCDeposit_Menu_Txn" classname="tests.QCStore">
    <skipped/>
  </testcase> <!-- JQC_AgeStore_DCDeposit_Menu_Txn -->
</testsuite> <!-- tests.QCStore -->
