<?xml version="1.0" encoding="UTF-8"?>
<!-- Generated by org.testng.reporters.JUnitReportReporter -->
<<<<<<< HEAD
<<<<<<< HEAD
<<<<<<< HEAD
<<<<<<< HEAD
<testsuite skipped="0" hostname="Ratikanta-pc" name="tests.QCStore" tests="1" failures="0" timestamp="18 Feb 2019 20:05:01 GMT" time="1323.074" errors="0">
  <testcase name="JQC_LOC_Refinance_CABPayment_Return_Txn" time="1323.074" classname="tests.QCStore"/>
=======
<testsuite skipped="0" hostname="qtlsys2-124" name="tests.QCStore" tests="1" failures="0" timestamp="19 Feb 2019 05:23:09 GMT" time="969.345" errors="0">
  <testcase name="Deposit_Dropdown" time="969.345" classname="tests.QCStore"/>
>>>>>>> QCH1.1
=======
<testsuite skipped="0" hostname="Ratikanta-pc" name="tests.QCStore" tests="1" failures="0" timestamp="19 Feb 2019 11:47:03 GMT" time="68.087" errors="0">
  <testcase name="RQC_LOC_ManualDefault_Txn_Testdata" time="68.087" classname="tests.QCStore"/>
>>>>>>> feb1.1
=======
<testsuite skipped="26" hostname="QTLSYS2-238" name="tests.QCStore" tests="29" failures="0" timestamp="19 Feb 2019 13:36:28 GMT" time="1137.388" errors="0">
  <testcase name="LOC_ACHDeposit_EODs_Return_ReDeposit_Clear_Txn" time="1005.027" classname="tests.QCStore"/>
  <testcase name="LOC_ACHDeposit_EODs_Return_ReDeposit_Return_Txn" time="117.980" classname="tests.QCStore"/>
  <testcase name="LOC_ACHDeposit_EODs_Return_Txn" time="14.381" classname="tests.QCStore"/>
  <testcase name="NewLoanBiweeklyPaymentDuedate" classname="tests.QCStore">
    <skipped/>
  </testcase> <!-- NewLoanBiweeklyPaymentDuedate -->
  <testcase name="SignatureNewLoan_EODTwice" classname="tests.QCStore">
    <skipped/>
  </testcase> <!-- SignatureNewLoan_EODTwice -->
  <testcase name="PaymentdrawVoidEOD" classname="tests.QCStore">
    <skipped/>
  </testcase> <!-- PaymentdrawVoidEOD -->
  <testcase name="NewLoanWeekly" classname="tests.QCStore">
    <skipped/>
  </testcase> <!-- NewLoanWeekly -->
  <testcase name="DepositEODReDeposit" classname="tests.QCStore">
    <skipped/>
  </testcase> <!-- DepositEODReDeposit -->
  <testcase name="NewLoanWeekly_Duedatevalidation" classname="tests.QCStore">
    <skipped/>
  </testcase> <!-- NewLoanWeekly_Duedatevalidation -->
  <testcase name="HigherPaymentAndEod" classname="tests.QCStore">
    <skipped/>
  </testcase> <!-- HigherPaymentAndEod -->
  <testcase name="NewLoanMonthly" classname="tests.QCStore">
    <skipped/>
  </testcase> <!-- NewLoanMonthly -->
  <testcase name="NewLoanSemiMonthly" classname="tests.QCStore">
    <skipped/>
  </testcase> <!-- NewLoanSemiMonthly -->
  <testcase name="DepositAndEOD" classname="tests.QCStore">
    <skipped/>
  </testcase> <!-- DepositAndEOD -->
  <testcase name="DrawAndEOD" classname="tests.QCStore">
    <skipped/>
  </testcase> <!-- DrawAndEOD -->
  <testcase name="MaxLocAmounts" classname="tests.QCStore">
    <skipped/>
  </testcase> <!-- MaxLocAmounts -->
  <testcase name="AReviseCredit_IncreaseIncome" classname="tests.QCStore">
    <skipped/>
  </testcase> <!-- AReviseCredit_IncreaseIncome -->
  <testcase name="PayOFFandEod" classname="tests.QCStore">
    <skipped/>
  </testcase> <!-- PayOFFandEod -->
  <testcase name="NewLoanMonthly_Duedatevalidation" classname="tests.QCStore">
    <skipped/>
  </testcase> <!-- NewLoanMonthly_Duedatevalidation -->
  <testcase name="ILP_maxloanCount" classname="tests.QCStore">
    <skipped/>
  </testcase> <!-- ILP_maxloanCount -->
  <testcase name="NewLoanSemiMonthly_Duedatevalidation" classname="tests.QCStore">
    <skipped/>
  </testcase> <!-- NewLoanSemiMonthly_Duedatevalidation -->
  <testcase name="Deposit_DrawEODTwice" classname="tests.QCStore">
    <skipped/>
  </testcase> <!-- Deposit_DrawEODTwice -->
  <testcase name="AReviseCredit_PayofffIncreaseIncome" classname="tests.QCStore">
    <skipped/>
  </testcase> <!-- AReviseCredit_PayofffIncreaseIncome -->
  <testcase name="VoidandEod" classname="tests.QCStore">
    <skipped/>
  </testcase> <!-- VoidandEod -->
  <testcase name="MinLocAmounts" classname="tests.QCStore">
    <skipped/>
  </testcase> <!-- MinLocAmounts -->
  <testcase name="DepositEODTwice" classname="tests.QCStore">
    <skipped/>
  </testcase> <!-- DepositEODTwice -->
  <testcase name="PaymentAndEod" classname="tests.QCStore">
    <skipped/>
  </testcase> <!-- PaymentAndEod -->
  <testcase name="EODOnDueDate" classname="tests.QCStore">
    <skipped/>
  </testcase> <!-- EODOnDueDate -->
  <testcase name="PaymentAndDraw" classname="tests.QCStore">
    <skipped/>
  </testcase> <!-- PaymentAndDraw -->
  <testcase name="Clear_Return_EODTwice" classname="tests.QCStore">
    <skipped/>
  </testcase> <!-- Clear_Return_EODTwice -->
>>>>>>> jan21.1
=======
<testsuite skipped="0" hostname="qtlsys2-124" name="tests.QCStore" tests="7" failures="0" timestamp="19 Feb 2019 13:50:00 GMT" time="8110.385" errors="0">
  <testcase name="Deposit_Dropdown" time="1013.133" classname="tests.QCStore"/>
  <testcase name="Deposit_Dropdown_Void" time="1172.793" classname="tests.QCStore"/>
  <testcase name="SQC_LOC_Deposit_Bulk" time="1004.677" classname="tests.QCStore"/>
  <testcase name="SQC_LOC_Deposit_Bulk_Void" time="1192.929" classname="tests.QCStore"/>
  <testcase name="MidDay_Deposit" time="1243.942" classname="tests.QCStore"/>
  <testcase name="MidDay_Void_Deposit" time="1433.836" classname="tests.QCStore"/>
  <testcase name="SQC_LOC_LessMinPayment_Deposit" time="1049.075" classname="tests.QCStore"/>
>>>>>>> QCH1.1
</testsuite> <!-- tests.QCStore -->
