<?xml version="1.0" encoding="UTF-8"?>
<!-- Generated by org.testng.reporters.JUnitReportReporter -->
<testsuite skipped="0" hostname="QTLSYS2-238" name="tests.QCStore" tests="1" failures="0" timestamp="15 Feb 2019 06:59:44 GMT" time="1511.447" errors="0">
  <testcase name="LOC_ACHDeposit_EOD_Return_EOD_Default_Redeposit_Txn" time="1511.447" classname="tests.QCStore"/>
</testsuite> <!-- tests.QCStore -->
