<?xml version="1.0" encoding="UTF-8"?>
<!-- Generated by org.testng.reporters.JUnitReportReporter -->
<testsuite skipped="26" hostname="QTLSYS2-238" name="tests.QCStore" tests="29" failures="0" timestamp="19 Feb 2019 13:36:28 GMT" time="1137.388" errors="0">
  <testcase name="LOC_ACHDeposit_EODs_Return_ReDeposit_Clear_Txn" time="1005.027" classname="tests.QCStore"/>
  <testcase name="LOC_ACHDeposit_EODs_Return_ReDeposit_Return_Txn" time="117.980" classname="tests.QCStore"/>
  <testcase name="LOC_ACHDeposit_EODs_Return_Txn" time="14.381" classname="tests.QCStore"/>
  <testcase name="NewLoanBiweeklyPaymentDuedate" classname="tests.QCStore">
    <skipped/>
  </testcase> <!-- NewLoanBiweeklyPaymentDuedate -->
  <testcase name="SignatureNewLoan_EODTwice" classname="tests.QCStore">
    <skipped/>
  </testcase> <!-- SignatureNewLoan_EODTwice -->
  <testcase name="PaymentdrawVoidEOD" classname="tests.QCStore">
    <skipped/>
  </testcase> <!-- PaymentdrawVoidEOD -->
  <testcase name="NewLoanWeekly" classname="tests.QCStore">
    <skipped/>
  </testcase> <!-- NewLoanWeekly -->
  <testcase name="DepositEODReDeposit" classname="tests.QCStore">
    <skipped/>
  </testcase> <!-- DepositEODReDeposit -->
  <testcase name="NewLoanWeekly_Duedatevalidation" classname="tests.QCStore">
    <skipped/>
  </testcase> <!-- NewLoanWeekly_Duedatevalidation -->
  <testcase name="HigherPaymentAndEod" classname="tests.QCStore">
    <skipped/>
  </testcase> <!-- HigherPaymentAndEod -->
  <testcase name="NewLoanMonthly" classname="tests.QCStore">
    <skipped/>
  </testcase> <!-- NewLoanMonthly -->
  <testcase name="NewLoanSemiMonthly" classname="tests.QCStore">
    <skipped/>
  </testcase> <!-- NewLoanSemiMonthly -->
  <testcase name="DepositAndEOD" classname="tests.QCStore">
    <skipped/>
  </testcase> <!-- DepositAndEOD -->
  <testcase name="DrawAndEOD" classname="tests.QCStore">
    <skipped/>
  </testcase> <!-- DrawAndEOD -->
  <testcase name="MaxLocAmounts" classname="tests.QCStore">
    <skipped/>
  </testcase> <!-- MaxLocAmounts -->
  <testcase name="AReviseCredit_IncreaseIncome" classname="tests.QCStore">
    <skipped/>
  </testcase> <!-- AReviseCredit_IncreaseIncome -->
  <testcase name="PayOFFandEod" classname="tests.QCStore">
    <skipped/>
  </testcase> <!-- PayOFFandEod -->
  <testcase name="NewLoanMonthly_Duedatevalidation" classname="tests.QCStore">
    <skipped/>
  </testcase> <!-- NewLoanMonthly_Duedatevalidation -->
  <testcase name="ILP_maxloanCount" classname="tests.QCStore">
    <skipped/>
  </testcase> <!-- ILP_maxloanCount -->
  <testcase name="NewLoanSemiMonthly_Duedatevalidation" classname="tests.QCStore">
    <skipped/>
  </testcase> <!-- NewLoanSemiMonthly_Duedatevalidation -->
  <testcase name="Deposit_DrawEODTwice" classname="tests.QCStore">
    <skipped/>
  </testcase> <!-- Deposit_DrawEODTwice -->
  <testcase name="AReviseCredit_PayofffIncreaseIncome" classname="tests.QCStore">
    <skipped/>
  </testcase> <!-- AReviseCredit_PayofffIncreaseIncome -->
  <testcase name="VoidandEod" classname="tests.QCStore">
    <skipped/>
  </testcase> <!-- VoidandEod -->
  <testcase name="MinLocAmounts" classname="tests.QCStore">
    <skipped/>
  </testcase> <!-- MinLocAmounts -->
  <testcase name="DepositEODTwice" classname="tests.QCStore">
    <skipped/>
  </testcase> <!-- DepositEODTwice -->
  <testcase name="PaymentAndEod" classname="tests.QCStore">
    <skipped/>
  </testcase> <!-- PaymentAndEod -->
  <testcase name="EODOnDueDate" classname="tests.QCStore">
    <skipped/>
  </testcase> <!-- EODOnDueDate -->
  <testcase name="PaymentAndDraw" classname="tests.QCStore">
    <skipped/>
  </testcase> <!-- PaymentAndDraw -->
  <testcase name="Clear_Return_EODTwice" classname="tests.QCStore">
    <skipped/>
  </testcase> <!-- Clear_Return_EODTwice -->
</testsuite> <!-- tests.QCStore -->
