<?xml version="1.0" encoding="UTF-8"?>
<!-- Generated by org.testng.reporters.JUnitReportReporter -->
<<<<<<< HEAD
<testsuite skipped="14" hostname="QTLSYS2-238" name="tests.QCStore" tests="16" failures="0" timestamp="04 Mar 2019 13:47:33 GMT" time="7298.303" errors="0">
  <testcase name="LOC_ACHDeposit_EOD_Return_EOD_Default_Redeposit_Txn" time="4660.096" classname="tests.QCStore"/>
  <testcase name="LOC_ACHDeposit_EOD_Return_EOD_Redeposit_Txn" time="2638.207" classname="tests.QCStore"/>
=======
<<<<<<< HEAD
<testsuite skipped="14" hostname="QTLSYS2-48" name="tests.QCStore" tests="16" failures="0" timestamp="01 Mar 2019 13:10:40 GMT" time="5.057" errors="2">
  <testcase name="getResult" time="5.034" classname="tests.QCStore">
    <error type="java.lang.NullPointerException">
      <![CDATA[java.lang.NullPointerException
at tests.QCStore.getScreenhot(QCStore.java:7091)
at tests.QCStore.getResult(QCStore.java:7107)
at sun.reflect.NativeMethodAccessorImpl.invoke0(Native Method)
at sun.reflect.NativeMethodAccessorImpl.invoke(Unknown Source)
at sun.reflect.DelegatingMethodAccessorImpl.invoke(Unknown Source)
at java.lang.reflect.Method.invoke(Unknown Source)
at org.testng.internal.MethodInvocationHelper.invokeMethod(MethodInvocationHelper.java:124)
at org.testng.internal.MethodInvocationHelper.invokeMethodConsideringTimeout(MethodInvocationHelper.java:59)
at org.testng.internal.Invoker.invokeConfigurationMethod(Invoker.java:458)
at org.testng.internal.Invoker.invokeConfigurations(Invoker.java:222)
at org.testng.internal.Invoker.invokeMethod(Invoker.java:646)
at org.testng.internal.Invoker.invokeTestMethod(Invoker.java:719)
at org.testng.internal.Invoker.invokeTestMethods(Invoker.java:989)
at org.testng.internal.TestMethodWorker.invokeTestMethods(TestMethodWorker.java:125)
at org.testng.internal.TestMethodWorker.run(TestMethodWorker.java:109)
at org.testng.TestRunner.privateRun(TestRunner.java:648)
at org.testng.TestRunner.run(TestRunner.java:505)
at org.testng.SuiteRunner.runTest(SuiteRunner.java:455)
at org.testng.SuiteRunner.runSequentially(SuiteRunner.java:450)
at org.testng.SuiteRunner.privateRun(SuiteRunner.java:415)
at org.testng.SuiteRunner.run(SuiteRunner.java:364)
at org.testng.SuiteRunnerWorker.runSuite(SuiteRunnerWorker.java:52)
at org.testng.SuiteRunnerWorker.run(SuiteRunnerWorker.java:84)
at org.testng.TestNG.runSuitesSequentially(TestNG.java:1208)
at org.testng.TestNG.runSuitesLocally(TestNG.java:1137)
at org.testng.TestNG.runSuites(TestNG.java:1049)
at org.testng.TestNG.run(TestNG.java:1017)
at org.testng.remote.AbstractRemoteTestNG.run(AbstractRemoteTestNG.java:114)
at org.testng.remote.RemoteTestNG.initAndRun(RemoteTestNG.java:251)
at org.testng.remote.RemoteTestNG.main(RemoteTestNG.java:77)
]]>
    </error>
  </testcase> <!-- getResult -->
  <testcase name="EODOnDueDate" time="0.023" classname="tests.QCStore">
    <error type="java.io.FileNotFoundException" message="D:\QC_Batch\QC_LOC\TestData\QCStore\ALOC\QC_LOC_EODDuedate.xls (The system cannot find the path specified)">
      <![CDATA[java.io.FileNotFoundException: D:\QC_Batch\QC_LOC\TestData\QCStore\ALOC\QC_LOC_EODDuedate.xls (The system cannot find the path specified)
at java.io.FileInputStream.open0(Native Method)
at java.io.FileInputStream.open(Unknown Source)
at java.io.FileInputStream.<init>(Unknown Source)
at java.io.FileInputStream.<init>(Unknown Source)
at tests.ExcelNew.<init>(ExcelNew.java:35)
at tests.QCStore.EODOnDueDate(QCStore.java:5634)
at sun.reflect.NativeMethodAccessorImpl.invoke0(Native Method)
at sun.reflect.NativeMethodAccessorImpl.invoke(Unknown Source)
at sun.reflect.DelegatingMethodAccessorImpl.invoke(Unknown Source)
at java.lang.reflect.Method.invoke(Unknown Source)
at org.testng.internal.MethodInvocationHelper.invokeMethod(MethodInvocationHelper.java:124)
at org.testng.internal.Invoker.invokeMethod(Invoker.java:583)
at org.testng.internal.Invoker.invokeTestMethod(Invoker.java:719)
at org.testng.internal.Invoker.invokeTestMethods(Invoker.java:989)
at org.testng.internal.TestMethodWorker.invokeTestMethods(TestMethodWorker.java:125)
at org.testng.internal.TestMethodWorker.run(TestMethodWorker.java:109)
at org.testng.TestRunner.privateRun(TestRunner.java:648)
at org.testng.TestRunner.run(TestRunner.java:505)
at org.testng.SuiteRunner.runTest(SuiteRunner.java:455)
at org.testng.SuiteRunner.runSequentially(SuiteRunner.java:450)
at org.testng.SuiteRunner.privateRun(SuiteRunner.java:415)
at org.testng.SuiteRunner.run(SuiteRunner.java:364)
at org.testng.SuiteRunnerWorker.runSuite(SuiteRunnerWorker.java:52)
at org.testng.SuiteRunnerWorker.run(SuiteRunnerWorker.java:84)
at org.testng.TestNG.runSuitesSequentially(TestNG.java:1208)
at org.testng.TestNG.runSuitesLocally(TestNG.java:1137)
at org.testng.TestNG.runSuites(TestNG.java:1049)
at org.testng.TestNG.run(TestNG.java:1017)
at org.testng.remote.AbstractRemoteTestNG.run(AbstractRemoteTestNG.java:114)
at org.testng.remote.RemoteTestNG.initAndRun(RemoteTestNG.java:251)
at org.testng.remote.RemoteTestNG.main(RemoteTestNG.java:77)
]]>
    </error>
  </testcase> <!-- EODOnDueDate -->
>>>>>>> 034e575dc96add0c75e87be5f99f7163fb9e1980
  <testcase name="PayOFFandEod" classname="tests.QCStore">
    <skipped/>
  </testcase> <!-- PayOFFandEod -->
  <testcase name="SignatureNewLoan_EODTwice" classname="tests.QCStore">
    <skipped/>
  </testcase> <!-- SignatureNewLoan_EODTwice -->
  <testcase name="PaymentdrawVoidEOD" classname="tests.QCStore">
    <skipped/>
  </testcase> <!-- PaymentdrawVoidEOD -->
  <testcase name="DepositEODReDeposit" classname="tests.QCStore">
    <skipped/>
  </testcase> <!-- DepositEODReDeposit -->
  <testcase name="PaymentDepositEODReDeposit" classname="tests.QCStore">
    <skipped/>
  </testcase> <!-- PaymentDepositEODReDeposit -->
  <testcase name="Deposit_DrawEODTwice" classname="tests.QCStore">
    <skipped/>
  </testcase> <!-- Deposit_DrawEODTwice -->
  <testcase name="HigherPaymentAndEod" classname="tests.QCStore">
    <skipped/>
  </testcase> <!-- HigherPaymentAndEod -->
  <testcase name="VoidandEod" classname="tests.QCStore">
    <skipped/>
  </testcase> <!-- VoidandEod -->
  <testcase name="DepositEODTwice" classname="tests.QCStore">
    <skipped/>
  </testcase> <!-- DepositEODTwice -->
  <testcase name="PaymentAndEod" classname="tests.QCStore">
    <skipped/>
  </testcase> <!-- PaymentAndEod -->
  <testcase name="DepositAndEOD" classname="tests.QCStore">
    <skipped/>
  </testcase> <!-- DepositAndEOD -->
  <testcase name="PaymentAndDraw" classname="tests.QCStore">
    <skipped/>
  </testcase> <!-- PaymentAndDraw -->
  <testcase name="Clear_Return_EODTwice" classname="tests.QCStore">
    <skipped/>
  </testcase> <!-- Clear_Return_EODTwice -->
  <testcase name="DrawAndEOD" classname="tests.QCStore">
    <skipped/>
  </testcase> <!-- DrawAndEOD -->
=======
<testsuite skipped="0" hostname="Ratikanta-pc" name="tests.QCStore" tests="1" failures="0" timestamp="01 Mar 2019 11:59:31 GMT" time="1524.633" errors="0">
  <testcase name="JQC_LOC_Refinance_EOD_Payment_Txn" time="1524.633" classname="tests.QCStore"/>
>>>>>>> feb1.1
</testsuite> <!-- tests.QCStore -->
