<?xml version="1.0" encoding="UTF-8"?>
<!-- Generated by org.testng.reporters.JUnitReportReporter -->
<testsuite skipped="0" hostname="QTLSYS2-72pc" name="tests.QCStore" tests="1" failures="0" timestamp="27 Mar 2019 11:28:06 GMT" time="64.358" errors="0">
  <testcase name="LOC_PayOff_after_RescindPeriod_Txn" time="64.358" classname="tests.QCStore"/>
</testsuite> <!-- tests.QCStore -->
