<?xml version="1.0" encoding="UTF-8"?>
<!-- Generated by org.testng.reporters.JUnitReportReporter -->
<testsuite skipped="0" hostname="Ratikanta-pc" name="tests.QCStore" tests="1" failures="0" timestamp="01 Mar 2019 11:59:31 GMT" time="1524.633" errors="0">
  <testcase name="JQC_LOC_Refinance_EOD_Payment_Txn" time="1524.633" classname="tests.QCStore"/>
</testsuite> <!-- tests.QCStore -->
