<?xml version="1.0" encoding="UTF-8"?>
<!-- Generated by org.testng.reporters.JUnitReportReporter -->
<testsuite skipped="0" hostname="Ratikanta-pc" name="tests.QCStore" tests="14" failures="0" timestamp="05 Mar 2019 19:57:20 GMT" time="23917.266" errors="0">
  <testcase name="RQC_LOC_ManualDefault_Txn_Testdata" time="1054.945" classname="tests.QCStore"/>
  <testcase name="RQC_LOC_Deposit_Return_ManualDefault_Txn_Testdata" time="1190.369" classname="tests.QCStore"/>
  <testcase name="RQC_LOC_Deposit_Return_2ndDeposit_Clear_3rdDeposit_Return_Default_Txn_Testdata" time="3213.728" classname="tests.QCStore"/>
  <testcase name="RQC_LOC_2missedPayment_Default_EOD_Txn_Testdata" time="1962.715" classname="tests.QCStore"/>
  <testcase name="RQC_LOC_Default_DefaultPayment_Txn_Testdata" time="2091.489" classname="tests.QCStore"/>
  <testcase name="RQC_LOC_Default_DefaultPayment_Void_Txn_Testdata" time="1975.016" classname="tests.QCStore"/>
  <testcase name="RQC_LOC_Default_PartialDefaultPayment_Void_Txn_Testdata" time="1999.760" classname="tests.QCStore"/>
  <testcase name="RQC_LOC_Default_DefaultPayment_Return_Txn_Testdata" time="2047.976" classname="tests.QCStore"/>
  <testcase name="RQC_LOC_Default_PartialDefaultPayment_FullDefaultPayment_Txn_Testdata" time="1959.354" classname="tests.QCStore"/>
  <testcase name="RQC_LOC_Default_PartialDefaultPayment_FullDefaultPayment_Void_Txn_Testdata" time="2009.703" classname="tests.QCStore"/>
  <testcase name="RQC_LOC_PayOff_Closure_Txn_Testdata" time="561.404" classname="tests.QCStore"/>
  <testcase name="RQC_LOC_Payment_PayOff_Closure_Void_Txn_Testdata" time="716.553" classname="tests.QCStore"/>
  <testcase name="RQC_LOC_PayOff_Closure_PayoffReturn_Txn_Testdata" time="791.639" classname="tests.QCStore"/>
  <testcase name="RQC_LOC_PayOff_Agestore180days_AutoClosure_Txn_Testdata" time="2342.614" classname="tests.QCStore"/>
</testsuite> <!-- tests.QCStore -->
