<?xml version="1.0" encoding="UTF-8"?>
<!-- Generated by org.testng.reporters.JUnitReportReporter -->
<testsuite skipped="0" hostname="qtlsys2-66pc" name="tests.QCStore" tests="2" failures="0" timestamp="19 Mar 2019 19:31:28 GMT" time="2835.514" errors="0">
  <testcase name="RQC_LOC_ManualDefault_EOD_Txn_Testdata" time="1172.821" classname="tests.QCStore"/>
  <testcase name="RQC_LOC_Deposit_Return_2ndDeposit_Return_Default_Txn_Testdata" time="1662.693" classname="tests.QCStore"/>
</testsuite> <!-- tests.QCStore -->
