<?xml version="1.0" encoding="UTF-8"?>
<!-- Generated by org.testng.reporters.JUnitReportReporter -->
<testsuite skipped="0" hostname="Ratikanta-pc" name="tests.QCStore" tests="1" failures="0" timestamp="19 Feb 2019 06:41:24 GMT" time="75.353" errors="0">
  <testcase name="JQC_LOC_Refinance_Latefee_Payment_Txn" time="75.353" classname="tests.QCStore"/>
</testsuite> <!-- tests.QCStore -->
