<?xml version="1.0" encoding="UTF-8"?>
<!-- Generated by org.testng.reporters.JUnitReportReporter -->
<testsuite skipped="0" hostname="QTLSYS2-48" name="tests.QCStore" tests="1" failures="0" timestamp="15 Mar 2019 06:20:52 GMT" time="2157.053" errors="0">
  <testcase name="Deposit_DrawEODTwice" time="2157.053" classname="tests.QCStore"/>
</testsuite> <!-- tests.QCStore -->
