<?xml version="1.0" encoding="UTF-8"?>
<!-- Generated by org.testng.reporters.JUnitReportReporter -->
<testsuite skipped="0" hostname="QTLSYS2-238" name="tests.QCStore" tests="1" failures="0" timestamp="14 Mar 2019 09:13:06 GMT" time="121.828" errors="0">
  <testcase name="LOC_ACHDeposit_EODs_Return_Txn" time="121.828" classname="tests.QCStore"/>
</testsuite> <!-- tests.QCStore -->
