<?xml version="1.0" encoding="UTF-8"?>
<!-- Generated by org.testng.reporters.JUnitReportReporter -->
<testsuite skipped="0" hostname="QTLSYS2-238" name="tests.QCStore" tests="1" failures="0" timestamp="21 Mar 2019 06:21:33 GMT" time="61.472" errors="0">
  <testcase name="LOC_ACHDeposit_EOD_Return_EOD_Redeposit_Txn" time="61.472" classname="tests.QCStore"/>
</testsuite> <!-- tests.QCStore -->
