<?xml version="1.0" encoding="UTF-8"?>
<!-- Generated by org.testng.reporters.JUnitReportReporter -->
<testsuite skipped="0" hostname="QTLSYS2-238" name="tests.QCStore" tests="1" failures="0" timestamp="04 Jun 2019 11:30:02 GMT" time="60.490" errors="0">
  <testcase name="RQC_LOC_Deposit_Return_2ndDeposit_Clear_3rdDeposit_Return_Default_Txn_Testdata" time="60.490" classname="tests.QCStore"/>
</testsuite> <!-- tests.QCStore -->
