<?xml version="1.0" encoding="UTF-8"?>
<!-- Generated by org.testng.reporters.JUnitReportReporter -->
<testsuite skipped="0" hostname="QTLSYS1-182" name="tests.QCStore" tests="1" failures="0" timestamp="08 Apr 2019 06:04:35 GMT" time="2066.919" errors="0">
  <testcase name="LOC_ACHDeposit_EOD_Return_EOD_Redeposit_Txn" time="2066.919" classname="tests.QCStore"/>
</testsuite> <!-- tests.QCStore -->
