<?xml version="1.0" encoding="UTF-8"?>
<!-- Generated by org.testng.reporters.JUnitReportReporter -->
<testsuite skipped="0" hostname="QTLSYS1-182" name="tests.QCStore" tests="5" failures="0" timestamp="16 Apr 2019 12:49:37 GMT" time="11226.125" errors="0">
  <testcase name="LOC_ACHDeposit_EODs_Return_ReDeposit_Clear_Txn" time="1754.159" classname="tests.QCStore"/>
  <testcase name="LOC_ACHDeposit_EODs_Return_ReDeposit_Return_Txn" time="1979.718" classname="tests.QCStore"/>
  <testcase name="LOC_ACHDeposit_EODs_Return_Txn" time="3856.572" classname="tests.QCStore"/>
  <testcase name="LOC_ACHDeposit_EOD_Return_EOD_Default_Redeposit_Txn" time="1925.069" classname="tests.QCStore"/>
  <testcase name="LOC_ACHDeposit_EOD_Return_EOD_Redeposit_Txn" time="1710.607" classname="tests.QCStore"/>
</testsuite> <!-- tests.QCStore -->
