<?xml version="1.0" encoding="UTF-8"?>
<!-- Generated by org.testng.reporters.JUnitReportReporter -->
<<<<<<< HEAD
<<<<<<< HEAD
<testsuite skipped="0" hostname="Ratikanta-pc" name="tests.QCStore" tests="1" failures="0" timestamp="18 Feb 2019 20:05:01 GMT" time="1323.074" errors="0">
  <testcase name="JQC_LOC_Refinance_CABPayment_Return_Txn" time="1323.074" classname="tests.QCStore"/>
=======
<testsuite skipped="0" hostname="qtlsys2-124" name="tests.QCStore" tests="1" failures="0" timestamp="19 Feb 2019 05:23:09 GMT" time="969.345" errors="0">
  <testcase name="Deposit_Dropdown" time="969.345" classname="tests.QCStore"/>
>>>>>>> QCH1.1
=======
<testsuite skipped="0" hostname="Ratikanta-pc" name="tests.QCStore" tests="1" failures="0" timestamp="19 Feb 2019 11:47:03 GMT" time="68.087" errors="0">
  <testcase name="RQC_LOC_ManualDefault_Txn_Testdata" time="68.087" classname="tests.QCStore"/>
>>>>>>> feb1.1
</testsuite> <!-- tests.QCStore -->
