<?xml version="1.0" encoding="UTF-8"?>
<!-- Generated by org.testng.reporters.JUnitReportReporter -->
<testsuite skipped="0" hostname="QTLSYS2-238" name="tests.QCStore" tests="5" failures="0" timestamp="01 Apr 2019 11:56:30 GMT" time="2898.981" errors="0">
  <testcase name="LOC_ACHDeposit_EODs_Return_ReDeposit_Clear_Txn" time="2289.261" classname="tests.QCStore"/>
  <testcase name="LOC_ACHDeposit_EODs_Return_ReDeposit_Return_Txn" time="133.146" classname="tests.QCStore"/>
  <testcase name="LOC_ACHDeposit_EODs_Return_Txn" time="133.630" classname="tests.QCStore"/>
  <testcase name="LOC_ACHDeposit_EOD_Return_EOD_Default_Redeposit_Txn" time="201.068" classname="tests.QCStore"/>
  <testcase name="LOC_ACHDeposit_EOD_Return_EOD_Redeposit_Txn" time="141.876" classname="tests.QCStore"/>
</testsuite> <!-- tests.QCStore -->
