<?xml version="1.0" encoding="UTF-8"?>
<!-- Generated by org.testng.reporters.JUnitReportReporter -->
<<<<<<< HEAD
<testsuite skipped="0" hostname="QTLSYS1-182" name="tests.QCStore" tests="2" failures="0" timestamp="09 May 2019 07:17:40 GMT" time="528.036" errors="0">
  <testcase name="LOC_ACHDeposit_EOD_Return_EOD_Default_Redeposit_Txn" time="398.862" classname="tests.QCStore"/>
  <testcase name="LOC_ACHDeposit_EOD_Return_EOD_Redeposit_Txn" time="129.174" classname="tests.QCStore"/>
=======
<testsuite skipped="0" hostname="QTLSYS2-238" name="tests.QCStore" tests="1" failures="0" timestamp="05 May 2019 06:04:05 GMT" time="474.064" errors="0">
  <testcase name="LOC_ACHDeposit_EOD_Return_EOD_Redeposit_Txn" time="474.064" classname="tests.QCStore"/>
>>>>>>> brahmith1.1
</testsuite> <!-- tests.QCStore -->
