<?xml version="1.0" encoding="UTF-8"?>
<!-- Generated by org.testng.reporters.JUnitReportReporter -->
<testsuite skipped="0" hostname="Ratikanta-pc" name="tests.QCStore" tests="1" failures="0" timestamp="18 Feb 2019 20:05:01 GMT" time="1323.074" errors="0">
  <testcase name="JQC_LOC_Refinance_CABPayment_Return_Txn" time="1323.074" classname="tests.QCStore"/>
</testsuite> <!-- tests.QCStore -->
