<?xml version="1.0" encoding="UTF-8"?>
<!-- Generated by org.testng.reporters.JUnitReportReporter -->
<testsuite skipped="0" hostname="QTLSYS1-182" name="tests.QCStore" tests="1" failures="0" timestamp="18 Apr 2019 13:23:21 GMT" time="895.516" errors="0">
  <testcase name="LOC_WriteoffRecoveryReturn" time="895.516" classname="tests.QCStore"/>
</testsuite> <!-- tests.QCStore -->
