<?xml version="1.0" encoding="UTF-8"?>
<!-- Generated by org.testng.reporters.JUnitReportReporter -->
<testsuite skipped="0" hostname="QTLSYS2-48" name="tests.QCStore" tests="1" failures="0" timestamp="08 Apr 2019 13:18:34 GMT" time="1064.186" errors="0">
  <testcase name="DrawAndEOD" time="1064.186" classname="tests.QCStore"/>
</testsuite> <!-- tests.QCStore -->
