<?xml version="1.0" encoding="UTF-8"?>
<!-- Generated by org.testng.reporters.JUnitReportReporter -->
<testsuite skipped="0" hostname="QTLSYS2-238" name="tests.QCStore" tests="1" failures="0" timestamp="28 Mar 2019 05:12:21 GMT" time="63.919" errors="0">
  <testcase name="LOC_ACHDeposit_EODs_Return_ReDeposit_Return_Txn" time="63.919" classname="tests.QCStore"/>
</testsuite> <!-- tests.QCStore -->
