<?xml version="1.0" encoding="UTF-8"?>
<!-- Generated by org.testng.reporters.JUnitReportReporter -->
<testsuite skipped="0" hostname="qtlsys2-124" name="tests.QCStore" tests="1" failures="0" timestamp="19 Feb 2019 05:23:09 GMT" time="969.345" errors="0">
  <testcase name="Deposit_Dropdown" time="969.345" classname="tests.QCStore"/>
</testsuite> <!-- tests.QCStore -->
