<?xml version="1.0" encoding="UTF-8"?>
<!-- Generated by org.testng.reporters.JUnitReportReporter -->
<<<<<<< HEAD
<<<<<<< HEAD
<<<<<<< HEAD
<<<<<<< HEAD
<<<<<<< HEAD
<<<<<<< HEAD
=======
>>>>>>> 204c31dbc0e0b4ef5ce1fe20208426e8612bfd9b
<testsuite skipped="0" hostname="Ratikanta-pc" name="tests.QCStore" tests="1" failures="0" timestamp="18 Feb 2019 20:05:01 GMT" time="1323.074" errors="0">
  <testcase name="JQC_LOC_Refinance_CABPayment_Return_Txn" time="1323.074" classname="tests.QCStore"/>
=======
<testsuite skipped="0" hostname="qtlsys2-124" name="tests.QCStore" tests="1" failures="0" timestamp="19 Feb 2019 05:23:09 GMT" time="969.345" errors="0">
  <testcase name="Deposit_Dropdown" time="969.345" classname="tests.QCStore"/>
>>>>>>> QCH1.1
=======
<testsuite skipped="0" hostname="Ratikanta-pc" name="tests.QCStore" tests="1" failures="0" timestamp="19 Feb 2019 11:47:03 GMT" time="68.087" errors="0">
  <testcase name="RQC_LOC_ManualDefault_Txn_Testdata" time="68.087" classname="tests.QCStore"/>
>>>>>>> feb1.1
<<<<<<< HEAD
=======
<testsuite skipped="26" hostname="QTLSYS2-238" name="tests.QCStore" tests="29" failures="0" timestamp="19 Feb 2019 13:36:28 GMT" time="1137.388" errors="0">
  <testcase name="LOC_ACHDeposit_EODs_Return_ReDeposit_Clear_Txn" time="1005.027" classname="tests.QCStore"/>
  <testcase name="LOC_ACHDeposit_EODs_Return_ReDeposit_Return_Txn" time="117.980" classname="tests.QCStore"/>
  <testcase name="LOC_ACHDeposit_EODs_Return_Txn" time="14.381" classname="tests.QCStore"/>
  <testcase name="NewLoanBiweeklyPaymentDuedate" classname="tests.QCStore">
    <skipped/>
=======
<testsuite skipped="15" hostname="qtlsys2-124" name="tests.QCStore" tests="28" failures="0" timestamp="21 Feb 2019 05:54:56 GMT" time="1008.016" errors="6">
  <testcase name="getResult" time="5.082" classname="tests.QCStore">
    <error type="org.openqa.selenium.NoSuchSessionException" message="Session ID is null. Using WebDriver after calling quit()?
Build info: version: &#039;3.14.0&#039;, revision: &#039;aacccce0&#039;, time: &#039;2018-08-02T20:19:58.91Z&#039;
System info: host: &#039;QTLSYS2-124&#039;, ip: &#039;192.168.2.124&#039;, os.name: &#039;Windows 7&#039;, os.arch: &#039;amd64&#039;, os.version: &#039;6.1&#039;, java.version: &#039;1.8.0_171&#039;
Driver info: driver.version: RemoteWebDriver">
      <![CDATA[org.openqa.selenium.NoSuchSessionException: Session ID is null. Using WebDriver after calling quit()?
Build info: version: '3.14.0', revision: 'aacccce0', time: '2018-08-02T20:19:58.91Z'
System info: host: 'QTLSYS2-124', ip: '192.168.2.124', os.name: 'Windows 7', os.arch: 'amd64', os.version: '6.1', java.version: '1.8.0_171'
Driver info: driver.version: RemoteWebDriver
at org.openqa.selenium.remote.HttpCommandExecutor.execute(HttpCommandExecutor.java:125)
at org.openqa.selenium.remote.service.DriverCommandExecutor.execute(DriverCommandExecutor.java:83)
at org.openqa.selenium.remote.RemoteWebDriver.execute(RemoteWebDriver.java:548)
at org.openqa.selenium.remote.RemoteWebDriver.execute(RemoteWebDriver.java:605)
at org.openqa.selenium.remote.RemoteWebDriver.getScreenshotAs(RemoteWebDriver.java:294)
at tests.QCStore.getScreenhot(QCStore.java:7378)
at tests.QCStore.getResult(QCStore.java:7394)
at sun.reflect.NativeMethodAccessorImpl.invoke0(Native Method)
at sun.reflect.NativeMethodAccessorImpl.invoke(NativeMethodAccessorImpl.java:62)
at sun.reflect.DelegatingMethodAccessorImpl.invoke(DelegatingMethodAccessorImpl.java:43)
at java.lang.reflect.Method.invoke(Method.java:498)
at org.testng.internal.MethodInvocationHelper.invokeMethod(MethodInvocationHelper.java:124)
at org.testng.internal.MethodInvocationHelper.invokeMethodConsideringTimeout(MethodInvocationHelper.java:59)
at org.testng.internal.Invoker.invokeConfigurationMethod(Invoker.java:458)
at org.testng.internal.Invoker.invokeConfigurations(Invoker.java:222)
at org.testng.internal.Invoker.invokeMethod(Invoker.java:646)
at org.testng.internal.Invoker.invokeTestMethod(Invoker.java:719)
at org.testng.internal.Invoker.invokeTestMethods(Invoker.java:989)
at org.testng.internal.TestMethodWorker.invokeTestMethods(TestMethodWorker.java:125)
at org.testng.internal.TestMethodWorker.run(TestMethodWorker.java:109)
at org.testng.TestRunner.privateRun(TestRunner.java:648)
at org.testng.TestRunner.run(TestRunner.java:505)
at org.testng.SuiteRunner.runTest(SuiteRunner.java:455)
at org.testng.SuiteRunner.runSequentially(SuiteRunner.java:450)
at org.testng.SuiteRunner.privateRun(SuiteRunner.java:415)
at org.testng.SuiteRunner.run(SuiteRunner.java:364)
at org.testng.SuiteRunnerWorker.runSuite(SuiteRunnerWorker.java:52)
at org.testng.SuiteRunnerWorker.run(SuiteRunnerWorker.java:84)
at org.testng.TestNG.runSuitesSequentially(TestNG.java:1208)
at org.testng.TestNG.runSuitesLocally(TestNG.java:1137)
at org.testng.TestNG.runSuites(TestNG.java:1049)
at org.testng.TestNG.run(TestNG.java:1017)
at org.testng.remote.AbstractRemoteTestNG.run(AbstractRemoteTestNG.java:114)
at org.testng.remote.RemoteTestNG.initAndRun(RemoteTestNG.java:251)
at org.testng.remote.RemoteTestNG.main(RemoteTestNG.java:77)
]]>
    </error>
  </testcase> <!-- getResult -->
  <testcase name="MinLocAmounts" time="118.939" classname="tests.QCStore"/>
  <testcase name="MaxLocAmounts" time="91.017" classname="tests.QCStore"/>
  <testcase name="ILP_maxloanCount" time="53.422" classname="tests.QCStore">
    <error type="java.lang.NullPointerException">
      <![CDATA[java.lang.NullPointerException
at tests.ExcelNew.getLastRow(ExcelNew.java:84)
at tests.LOCMaxloanCount.newLoan(LOCMaxloanCount.java:77)
at tests.QCStore.ILP_maxloanCount(QCStore.java:5981)
at sun.reflect.NativeMethodAccessorImpl.invoke0(Native Method)
at sun.reflect.NativeMethodAccessorImpl.invoke(NativeMethodAccessorImpl.java:62)
at sun.reflect.DelegatingMethodAccessorImpl.invoke(DelegatingMethodAccessorImpl.java:43)
at java.lang.reflect.Method.invoke(Method.java:498)
at org.testng.internal.MethodInvocationHelper.invokeMethod(MethodInvocationHelper.java:124)
at org.testng.internal.Invoker.invokeMethod(Invoker.java:583)
at org.testng.internal.Invoker.invokeTestMethod(Invoker.java:719)
at org.testng.internal.Invoker.invokeTestMethods(Invoker.java:989)
at org.testng.internal.TestMethodWorker.invokeTestMethods(TestMethodWorker.java:125)
at org.testng.internal.TestMethodWorker.run(TestMethodWorker.java:109)
at org.testng.TestRunner.privateRun(TestRunner.java:648)
at org.testng.TestRunner.run(TestRunner.java:505)
at org.testng.SuiteRunner.runTest(SuiteRunner.java:455)
at org.testng.SuiteRunner.runSequentially(SuiteRunner.java:450)
at org.testng.SuiteRunner.privateRun(SuiteRunner.java:415)
at org.testng.SuiteRunner.run(SuiteRunner.java:364)
at org.testng.SuiteRunnerWorker.runSuite(SuiteRunnerWorker.java:52)
at org.testng.SuiteRunnerWorker.run(SuiteRunnerWorker.java:84)
at org.testng.TestNG.runSuitesSequentially(TestNG.java:1208)
at org.testng.TestNG.runSuitesLocally(TestNG.java:1137)
at org.testng.TestNG.runSuites(TestNG.java:1049)
at org.testng.TestNG.run(TestNG.java:1017)
at org.testng.remote.AbstractRemoteTestNG.run(AbstractRemoteTestNG.java:114)
at org.testng.remote.RemoteTestNG.initAndRun(RemoteTestNG.java:251)
at org.testng.remote.RemoteTestNG.main(RemoteTestNG.java:77)
]]>
    </error>
  </testcase> <!-- ILP_maxloanCount -->
  <testcase name="NewLoanWeekly_Duedatevalidation" time="5.847" classname="tests.QCStore"/>
  <testcase name="NewLoanSemiMonthly_Duedatevalidation" time="52.105" classname="tests.QCStore">
    <error type="java.lang.NullPointerException">
      <![CDATA[java.lang.NullPointerException
at tests.ExcelNew.getLastRow(ExcelNew.java:84)
at tests.LOCMaxloanCount.newLoan(LOCMaxloanCount.java:77)
at tests.QCStore.NewLoanSemiMonthly_Duedatevalidation(QCStore.java:6045)
at sun.reflect.NativeMethodAccessorImpl.invoke0(Native Method)
at sun.reflect.NativeMethodAccessorImpl.invoke(NativeMethodAccessorImpl.java:62)
at sun.reflect.DelegatingMethodAccessorImpl.invoke(DelegatingMethodAccessorImpl.java:43)
at java.lang.reflect.Method.invoke(Method.java:498)
at org.testng.internal.MethodInvocationHelper.invokeMethod(MethodInvocationHelper.java:124)
at org.testng.internal.Invoker.invokeMethod(Invoker.java:583)
at org.testng.internal.Invoker.invokeTestMethod(Invoker.java:719)
at org.testng.internal.Invoker.invokeTestMethods(Invoker.java:989)
at org.testng.internal.TestMethodWorker.invokeTestMethods(TestMethodWorker.java:125)
at org.testng.internal.TestMethodWorker.run(TestMethodWorker.java:109)
at org.testng.TestRunner.privateRun(TestRunner.java:648)
at org.testng.TestRunner.run(TestRunner.java:505)
at org.testng.SuiteRunner.runTest(SuiteRunner.java:455)
at org.testng.SuiteRunner.runSequentially(SuiteRunner.java:450)
at org.testng.SuiteRunner.privateRun(SuiteRunner.java:415)
at org.testng.SuiteRunner.run(SuiteRunner.java:364)
at org.testng.SuiteRunnerWorker.runSuite(SuiteRunnerWorker.java:52)
at org.testng.SuiteRunnerWorker.run(SuiteRunnerWorker.java:84)
at org.testng.TestNG.runSuitesSequentially(TestNG.java:1208)
at org.testng.TestNG.runSuitesLocally(TestNG.java:1137)
at org.testng.TestNG.runSuites(TestNG.java:1049)
at org.testng.TestNG.run(TestNG.java:1017)
at org.testng.remote.AbstractRemoteTestNG.run(AbstractRemoteTestNG.java:114)
at org.testng.remote.RemoteTestNG.initAndRun(RemoteTestNG.java:251)
at org.testng.remote.RemoteTestNG.main(RemoteTestNG.java:77)
]]>
    </error>
  </testcase> <!-- NewLoanSemiMonthly_Duedatevalidation -->
  <testcase name="NewLoanMonthly_Duedatevalidation" time="53.111" classname="tests.QCStore">
    <error type="java.lang.NullPointerException">
      <![CDATA[java.lang.NullPointerException
at tests.ExcelNew.getLastRow(ExcelNew.java:84)
at tests.LOCMaxloanCount.newLoan(LOCMaxloanCount.java:77)
at tests.QCStore.NewLoanMonthly_Duedatevalidation(QCStore.java:6074)
at sun.reflect.NativeMethodAccessorImpl.invoke0(Native Method)
at sun.reflect.NativeMethodAccessorImpl.invoke(NativeMethodAccessorImpl.java:62)
at sun.reflect.DelegatingMethodAccessorImpl.invoke(DelegatingMethodAccessorImpl.java:43)
at java.lang.reflect.Method.invoke(Method.java:498)
at org.testng.internal.MethodInvocationHelper.invokeMethod(MethodInvocationHelper.java:124)
at org.testng.internal.Invoker.invokeMethod(Invoker.java:583)
at org.testng.internal.Invoker.invokeTestMethod(Invoker.java:719)
at org.testng.internal.Invoker.invokeTestMethods(Invoker.java:989)
at org.testng.internal.TestMethodWorker.invokeTestMethods(TestMethodWorker.java:125)
at org.testng.internal.TestMethodWorker.run(TestMethodWorker.java:109)
at org.testng.TestRunner.privateRun(TestRunner.java:648)
at org.testng.TestRunner.run(TestRunner.java:505)
at org.testng.SuiteRunner.runTest(SuiteRunner.java:455)
at org.testng.SuiteRunner.runSequentially(SuiteRunner.java:450)
at org.testng.SuiteRunner.privateRun(SuiteRunner.java:415)
at org.testng.SuiteRunner.run(SuiteRunner.java:364)
at org.testng.SuiteRunnerWorker.runSuite(SuiteRunnerWorker.java:52)
at org.testng.SuiteRunnerWorker.run(SuiteRunnerWorker.java:84)
at org.testng.TestNG.runSuitesSequentially(TestNG.java:1208)
at org.testng.TestNG.runSuitesLocally(TestNG.java:1137)
at org.testng.TestNG.runSuites(TestNG.java:1049)
at org.testng.TestNG.run(TestNG.java:1017)
at org.testng.remote.AbstractRemoteTestNG.run(AbstractRemoteTestNG.java:114)
at org.testng.remote.RemoteTestNG.initAndRun(RemoteTestNG.java:251)
at org.testng.remote.RemoteTestNG.main(RemoteTestNG.java:77)
]]>
    </error>
  </testcase> <!-- NewLoanMonthly_Duedatevalidation -->
  <testcase name="NewLoanBiweeklyPaymentDuedate" time="52.303" classname="tests.QCStore">
    <error type="java.lang.NullPointerException">
      <![CDATA[java.lang.NullPointerException
at tests.ExcelNew.getLastRow(ExcelNew.java:84)
at tests.LOCMaxloanCount.newLoan(LOCMaxloanCount.java:77)
at tests.QCStore.NewLoanBiweeklyPaymentDuedate(QCStore.java:6103)
at sun.reflect.NativeMethodAccessorImpl.invoke0(Native Method)
at sun.reflect.NativeMethodAccessorImpl.invoke(NativeMethodAccessorImpl.java:62)
at sun.reflect.DelegatingMethodAccessorImpl.invoke(DelegatingMethodAccessorImpl.java:43)
at java.lang.reflect.Method.invoke(Method.java:498)
at org.testng.internal.MethodInvocationHelper.invokeMethod(MethodInvocationHelper.java:124)
at org.testng.internal.Invoker.invokeMethod(Invoker.java:583)
at org.testng.internal.Invoker.invokeTestMethod(Invoker.java:719)
at org.testng.internal.Invoker.invokeTestMethods(Invoker.java:989)
at org.testng.internal.TestMethodWorker.invokeTestMethods(TestMethodWorker.java:125)
at org.testng.internal.TestMethodWorker.run(TestMethodWorker.java:109)
at org.testng.TestRunner.privateRun(TestRunner.java:648)
at org.testng.TestRunner.run(TestRunner.java:505)
at org.testng.SuiteRunner.runTest(SuiteRunner.java:455)
at org.testng.SuiteRunner.runSequentially(SuiteRunner.java:450)
at org.testng.SuiteRunner.privateRun(SuiteRunner.java:415)
at org.testng.SuiteRunner.run(SuiteRunner.java:364)
at org.testng.SuiteRunnerWorker.runSuite(SuiteRunnerWorker.java:52)
at org.testng.SuiteRunnerWorker.run(SuiteRunnerWorker.java:84)
at org.testng.TestNG.runSuitesSequentially(TestNG.java:1208)
at org.testng.TestNG.runSuitesLocally(TestNG.java:1137)
at org.testng.TestNG.runSuites(TestNG.java:1049)
at org.testng.TestNG.run(TestNG.java:1017)
at org.testng.remote.AbstractRemoteTestNG.run(AbstractRemoteTestNG.java:114)
at org.testng.remote.RemoteTestNG.initAndRun(RemoteTestNG.java:251)
at org.testng.remote.RemoteTestNG.main(RemoteTestNG.java:77)
]]>
    </error>
>>>>>>> QCH1.1
  </testcase> <!-- NewLoanBiweeklyPaymentDuedate -->
  <testcase name="NewLoanWeekly" time="147.376" classname="tests.QCStore"/>
  <testcase name="NewLoanSemiMonthly" time="129.195" classname="tests.QCStore"/>
  <testcase name="NewLoanMonthly" time="121.197" classname="tests.QCStore"/>
  <testcase name="NewLoanBiweekly" time="173.402" classname="tests.QCStore"/>
  <testcase name="AReviseCredit_IncreaseIncome" time="5.020" classname="tests.QCStore">
    <error type="java.io.FileNotFoundException" message="D:\QC_Batch\QC_LOC\TestData\QCStore\ALOC\QC_ AReviseCredit_IncreaseIncome.xls (The system cannot find the file specified)">
      <![CDATA[java.io.FileNotFoundException: D:\QC_Batch\QC_LOC\TestData\QCStore\ALOC\QC_ AReviseCredit_IncreaseIncome.xls (The system cannot find the file specified)
at java.io.FileInputStream.open0(Native Method)
at java.io.FileInputStream.open(FileInputStream.java:195)
at java.io.FileInputStream.<init>(FileInputStream.java:138)
at java.io.FileInputStream.<init>(FileInputStream.java:93)
at tests.ExcelNew.<init>(ExcelNew.java:35)
at tests.QCStore.AReviseCredit_IncreaseIncome(QCStore.java:6237)
at sun.reflect.NativeMethodAccessorImpl.invoke0(Native Method)
at sun.reflect.NativeMethodAccessorImpl.invoke(NativeMethodAccessorImpl.java:62)
at sun.reflect.DelegatingMethodAccessorImpl.invoke(DelegatingMethodAccessorImpl.java:43)
at java.lang.reflect.Method.invoke(Method.java:498)
at org.testng.internal.MethodInvocationHelper.invokeMethod(MethodInvocationHelper.java:124)
at org.testng.internal.Invoker.invokeMethod(Invoker.java:583)
at org.testng.internal.Invoker.invokeTestMethod(Invoker.java:719)
at org.testng.internal.Invoker.invokeTestMethods(Invoker.java:989)
at org.testng.internal.TestMethodWorker.invokeTestMethods(TestMethodWorker.java:125)
at org.testng.internal.TestMethodWorker.run(TestMethodWorker.java:109)
at org.testng.TestRunner.privateRun(TestRunner.java:648)
at org.testng.TestRunner.run(TestRunner.java:505)
at org.testng.SuiteRunner.runTest(SuiteRunner.java:455)
at org.testng.SuiteRunner.runSequentially(SuiteRunner.java:450)
at org.testng.SuiteRunner.privateRun(SuiteRunner.java:415)
at org.testng.SuiteRunner.run(SuiteRunner.java:364)
at org.testng.SuiteRunnerWorker.runSuite(SuiteRunnerWorker.java:52)
at org.testng.SuiteRunnerWorker.run(SuiteRunnerWorker.java:84)
at org.testng.TestNG.runSuitesSequentially(TestNG.java:1208)
at org.testng.TestNG.runSuitesLocally(TestNG.java:1137)
at org.testng.TestNG.runSuites(TestNG.java:1049)
at org.testng.TestNG.run(TestNG.java:1017)
at org.testng.remote.AbstractRemoteTestNG.run(AbstractRemoteTestNG.java:114)
at org.testng.remote.RemoteTestNG.initAndRun(RemoteTestNG.java:251)
at org.testng.remote.RemoteTestNG.main(RemoteTestNG.java:77)
]]>
    </error>
  </testcase> <!-- AReviseCredit_IncreaseIncome -->
  <testcase name="AReviseCredit_PayofffIncreaseIncome" time="0.000" classname="tests.QCStore">
    <skipped/>
  </testcase> <!-- AReviseCredit_PayofffIncreaseIncome -->
  <testcase name="PayOFFandEod" classname="tests.QCStore">
    <skipped/>
  </testcase> <!-- PayOFFandEod -->
  <testcase name="SignatureNewLoan_EODTwice" classname="tests.QCStore">
    <skipped/>
  </testcase> <!-- SignatureNewLoan_EODTwice -->
  <testcase name="PaymentdrawVoidEOD" classname="tests.QCStore">
    <skipped/>
  </testcase> <!-- PaymentdrawVoidEOD -->
  <testcase name="DepositEODReDeposit" classname="tests.QCStore">
    <skipped/>
  </testcase> <!-- DepositEODReDeposit -->
  <testcase name="Deposit_DrawEODTwice" classname="tests.QCStore">
    <skipped/>
  </testcase> <!-- Deposit_DrawEODTwice -->
  <testcase name="HigherPaymentAndEod" classname="tests.QCStore">
    <skipped/>
  </testcase> <!-- HigherPaymentAndEod -->
  <testcase name="VoidandEod" classname="tests.QCStore">
    <skipped/>
  </testcase> <!-- VoidandEod -->
  <testcase name="DepositEODTwice" classname="tests.QCStore">
    <skipped/>
  </testcase> <!-- DepositEODTwice -->
  <testcase name="PaymentAndEod" classname="tests.QCStore">
    <skipped/>
  </testcase> <!-- PaymentAndEod -->
  <testcase name="EODOnDueDate" classname="tests.QCStore">
    <skipped/>
  </testcase> <!-- EODOnDueDate -->
  <testcase name="DepositAndEOD" classname="tests.QCStore">
    <skipped/>
  </testcase> <!-- DepositAndEOD -->
  <testcase name="PaymentAndDraw" classname="tests.QCStore">
    <skipped/>
  </testcase> <!-- PaymentAndDraw -->
  <testcase name="Clear_Return_EODTwice" classname="tests.QCStore">
    <skipped/>
  </testcase> <!-- Clear_Return_EODTwice -->
<<<<<<< HEAD
>>>>>>> jan21.1
=======
<testsuite skipped="0" hostname="qtlsys2-124" name="tests.QCStore" tests="7" failures="0" timestamp="19 Feb 2019 13:50:00 GMT" time="8110.385" errors="0">
  <testcase name="Deposit_Dropdown" time="1013.133" classname="tests.QCStore"/>
  <testcase name="Deposit_Dropdown_Void" time="1172.793" classname="tests.QCStore"/>
  <testcase name="SQC_LOC_Deposit_Bulk" time="1004.677" classname="tests.QCStore"/>
  <testcase name="SQC_LOC_Deposit_Bulk_Void" time="1192.929" classname="tests.QCStore"/>
  <testcase name="MidDay_Deposit" time="1243.942" classname="tests.QCStore"/>
  <testcase name="MidDay_Void_Deposit" time="1433.836" classname="tests.QCStore"/>
  <testcase name="SQC_LOC_LessMinPayment_Deposit" time="1049.075" classname="tests.QCStore"/>
>>>>>>> QCH1.1
=======
>>>>>>> 204c31dbc0e0b4ef5ce1fe20208426e8612bfd9b
=======
  <testcase name="DrawAndEOD" classname="tests.QCStore">
    <skipped/>
  </testcase> <!-- DrawAndEOD -->
>>>>>>> QCH1.1
</testsuite> <!-- tests.QCStore -->
