<?xml version="1.0" encoding="UTF-8"?>
<!-- Generated by org.testng.reporters.JUnitReportReporter -->
<testsuite skipped="0" hostname="QTLSYS2-48" name="tests.QCStore" tests="1" failures="0" timestamp="19 Apr 2019 06:10:43 GMT" time="896.846" errors="0">
  <testcase name="PaymentDepositEODReDeposit" time="896.846" classname="tests.QCStore"/>
</testsuite> <!-- tests.QCStore -->
