<?xml version="1.0" encoding="UTF-8"?>
<!-- Generated by org.testng.reporters.JUnitReportReporter -->
<testsuite skipped="0" hostname="QTLSYS2-72pc" name="tests.QCStore" tests="1" failures="0" timestamp="15 Mar 2019 05:32:00 GMT" time="37.289" errors="0">
  <testcase name="QC_ILP_Refinance_Payanyother_Step_Up_Txn" time="37.289" classname="tests.QCStore"/>
</testsuite> <!-- tests.QCStore -->
