<?xml version="1.0" encoding="UTF-8"?>
<!-- Generated by org.testng.reporters.JUnitReportReporter -->
<<<<<<< HEAD
<<<<<<< HEAD
<<<<<<< HEAD
<<<<<<< HEAD
<testsuite skipped="0" hostname="Ratikanta-pc" name="tests.QCStore" tests="1" failures="0" timestamp="18 Feb 2019 20:05:01 GMT" time="1323.074" errors="0">
  <testcase name="JQC_LOC_Refinance_CABPayment_Return_Txn" time="1323.074" classname="tests.QCStore"/>
=======
<testsuite skipped="0" hostname="qtlsys2-124" name="tests.QCStore" tests="1" failures="0" timestamp="19 Feb 2019 05:23:09 GMT" time="969.345" errors="0">
  <testcase name="Deposit_Dropdown" time="969.345" classname="tests.QCStore"/>
>>>>>>> QCH1.1
=======
<testsuite skipped="0" hostname="Ratikanta-pc" name="tests.QCStore" tests="1" failures="0" timestamp="19 Feb 2019 11:47:03 GMT" time="68.087" errors="0">
  <testcase name="RQC_LOC_ManualDefault_Txn_Testdata" time="68.087" classname="tests.QCStore"/>
>>>>>>> feb1.1
=======
<testsuite skipped="26" hostname="QTLSYS2-238" name="tests.QCStore" tests="29" failures="0" timestamp="19 Feb 2019 13:36:28 GMT" time="1137.388" errors="0">
  <testcase name="LOC_ACHDeposit_EODs_Return_ReDeposit_Clear_Txn" time="1005.027" classname="tests.QCStore"/>
  <testcase name="LOC_ACHDeposit_EODs_Return_ReDeposit_Return_Txn" time="117.980" classname="tests.QCStore"/>
  <testcase name="LOC_ACHDeposit_EODs_Return_Txn" time="14.381" classname="tests.QCStore"/>
  <testcase name="NewLoanBiweeklyPaymentDuedate" classname="tests.QCStore">
    <skipped/>
  </testcase> <!-- NewLoanBiweeklyPaymentDuedate -->
  <testcase name="SignatureNewLoan_EODTwice" classname="tests.QCStore">
    <skipped/>
  </testcase> <!-- SignatureNewLoan_EODTwice -->
  <testcase name="PaymentdrawVoidEOD" classname="tests.QCStore">
    <skipped/>
  </testcase> <!-- PaymentdrawVoidEOD -->
  <testcase name="NewLoanWeekly" classname="tests.QCStore">
    <skipped/>
  </testcase> <!-- NewLoanWeekly -->
  <testcase name="DepositEODReDeposit" classname="tests.QCStore">
    <skipped/>
  </testcase> <!-- DepositEODReDeposit -->
  <testcase name="NewLoanWeekly_Duedatevalidation" classname="tests.QCStore">
    <skipped/>
  </testcase> <!-- NewLoanWeekly_Duedatevalidation -->
  <testcase name="HigherPaymentAndEod" classname="tests.QCStore">
    <skipped/>
  </testcase> <!-- HigherPaymentAndEod -->
  <testcase name="NewLoanMonthly" classname="tests.QCStore">
    <skipped/>
  </testcase> <!-- NewLoanMonthly -->
  <testcase name="NewLoanSemiMonthly" classname="tests.QCStore">
    <skipped/>
  </testcase> <!-- NewLoanSemiMonthly -->
  <testcase name="DepositAndEOD" classname="tests.QCStore">
    <skipped/>
  </testcase> <!-- DepositAndEOD -->
  <testcase name="DrawAndEOD" classname="tests.QCStore">
    <skipped/>
  </testcase> <!-- DrawAndEOD -->
  <testcase name="MaxLocAmounts" classname="tests.QCStore">
    <skipped/>
  </testcase> <!-- MaxLocAmounts -->
  <testcase name="AReviseCredit_IncreaseIncome" classname="tests.QCStore">
    <skipped/>
  </testcase> <!-- AReviseCredit_IncreaseIncome -->
  <testcase name="PayOFFandEod" classname="tests.QCStore">
    <skipped/>
  </testcase> <!-- PayOFFandEod -->
  <testcase name="NewLoanMonthly_Duedatevalidation" classname="tests.QCStore">
    <skipped/>
  </testcase> <!-- NewLoanMonthly_Duedatevalidation -->
  <testcase name="ILP_maxloanCount" classname="tests.QCStore">
    <skipped/>
  </testcase> <!-- ILP_maxloanCount -->
  <testcase name="NewLoanSemiMonthly_Duedatevalidation" classname="tests.QCStore">
    <skipped/>
  </testcase> <!-- NewLoanSemiMonthly_Duedatevalidation -->
  <testcase name="Deposit_DrawEODTwice" classname="tests.QCStore">
    <skipped/>
  </testcase> <!-- Deposit_DrawEODTwice -->
  <testcase name="AReviseCredit_PayofffIncreaseIncome" classname="tests.QCStore">
    <skipped/>
  </testcase> <!-- AReviseCredit_PayofffIncreaseIncome -->
  <testcase name="VoidandEod" classname="tests.QCStore">
    <skipped/>
  </testcase> <!-- VoidandEod -->
  <testcase name="MinLocAmounts" classname="tests.QCStore">
    <skipped/>
  </testcase> <!-- MinLocAmounts -->
  <testcase name="DepositEODTwice" classname="tests.QCStore">
    <skipped/>
  </testcase> <!-- DepositEODTwice -->
  <testcase name="PaymentAndEod" classname="tests.QCStore">
    <skipped/>
  </testcase> <!-- PaymentAndEod -->
  <testcase name="EODOnDueDate" classname="tests.QCStore">
    <skipped/>
  </testcase> <!-- EODOnDueDate -->
  <testcase name="PaymentAndDraw" classname="tests.QCStore">
    <skipped/>
  </testcase> <!-- PaymentAndDraw -->
  <testcase name="Clear_Return_EODTwice" classname="tests.QCStore">
    <skipped/>
  </testcase> <!-- Clear_Return_EODTwice -->
>>>>>>> jan21.1
=======
<testsuite skipped="0" hostname="Ratikanta-pc" name="tests.QCStore" tests="3" failures="0" timestamp="19 Feb 2019 20:17:42 GMT" time="76.394" errors="2">
  <testcase name="getResult" time="5.197" classname="tests.QCStore">
    <error type="org.openqa.selenium.NoSuchSessionException" message="Session ID is null. Using WebDriver after calling quit()?
Build info: version: &#039;3.14.0&#039;, revision: &#039;aacccce0&#039;, time: &#039;2018-08-02T20:19:58.91Z&#039;
System info: host: &#039;RATIKANTA-PC&#039;, ip: &#039;192.168.2.66&#039;, os.name: &#039;Windows 7&#039;, os.arch: &#039;amd64&#039;, os.version: &#039;6.1&#039;, java.version: &#039;1.8.0_181&#039;
Driver info: driver.version: RemoteWebDriver">
      <![CDATA[org.openqa.selenium.NoSuchSessionException: Session ID is null. Using WebDriver after calling quit()?
Build info: version: '3.14.0', revision: 'aacccce0', time: '2018-08-02T20:19:58.91Z'
System info: host: 'RATIKANTA-PC', ip: '192.168.2.66', os.name: 'Windows 7', os.arch: 'amd64', os.version: '6.1', java.version: '1.8.0_181'
Driver info: driver.version: RemoteWebDriver
at org.openqa.selenium.remote.HttpCommandExecutor.execute(HttpCommandExecutor.java:125)
at org.openqa.selenium.remote.service.DriverCommandExecutor.execute(DriverCommandExecutor.java:83)
at org.openqa.selenium.remote.RemoteWebDriver.execute(RemoteWebDriver.java:548)
at org.openqa.selenium.remote.RemoteWebDriver.execute(RemoteWebDriver.java:605)
at org.openqa.selenium.remote.RemoteWebDriver.getScreenshotAs(RemoteWebDriver.java:294)
at tests.QCStore.getScreenhot(QCStore.java:7373)
at tests.QCStore.getResult(QCStore.java:7389)
at sun.reflect.NativeMethodAccessorImpl.invoke0(Native Method)
at sun.reflect.NativeMethodAccessorImpl.invoke(NativeMethodAccessorImpl.java:62)
at sun.reflect.DelegatingMethodAccessorImpl.invoke(DelegatingMethodAccessorImpl.java:43)
at java.lang.reflect.Method.invoke(Method.java:498)
at org.testng.internal.MethodInvocationHelper.invokeMethod(MethodInvocationHelper.java:124)
at org.testng.internal.MethodInvocationHelper.invokeMethodConsideringTimeout(MethodInvocationHelper.java:59)
at org.testng.internal.Invoker.invokeConfigurationMethod(Invoker.java:458)
at org.testng.internal.Invoker.invokeConfigurations(Invoker.java:222)
at org.testng.internal.Invoker.invokeMethod(Invoker.java:646)
at org.testng.internal.Invoker.invokeTestMethod(Invoker.java:719)
at org.testng.internal.Invoker.invokeTestMethods(Invoker.java:989)
at org.testng.internal.TestMethodWorker.invokeTestMethods(TestMethodWorker.java:125)
at org.testng.internal.TestMethodWorker.run(TestMethodWorker.java:109)
at org.testng.TestRunner.privateRun(TestRunner.java:648)
at org.testng.TestRunner.run(TestRunner.java:505)
at org.testng.SuiteRunner.runTest(SuiteRunner.java:455)
at org.testng.SuiteRunner.runSequentially(SuiteRunner.java:450)
at org.testng.SuiteRunner.privateRun(SuiteRunner.java:415)
at org.testng.SuiteRunner.run(SuiteRunner.java:364)
at org.testng.SuiteRunnerWorker.runSuite(SuiteRunnerWorker.java:52)
at org.testng.SuiteRunnerWorker.run(SuiteRunnerWorker.java:84)
at org.testng.TestNG.runSuitesSequentially(TestNG.java:1208)
at org.testng.TestNG.runSuitesLocally(TestNG.java:1137)
at org.testng.TestNG.runSuites(TestNG.java:1049)
at org.testng.TestNG.run(TestNG.java:1017)
at org.testng.remote.AbstractRemoteTestNG.run(AbstractRemoteTestNG.java:114)
at org.testng.remote.RemoteTestNG.initAndRun(RemoteTestNG.java:251)
at org.testng.remote.RemoteTestNG.main(RemoteTestNG.java:77)
]]>
    </error>
  </testcase> <!-- getResult -->
  <testcase name="JQC_LOC_Refinance_EOD_Payment_Txn" time="71.146" classname="tests.QCStore"/>
  <testcase name="Deposit_Dropdown" time="0.051" classname="tests.QCStore">
    <error type="java.lang.NullPointerException">
      <![CDATA[java.lang.NullPointerException
at tests.SCSRLoginLogout.login(SCSRLoginLogout.java:34)
at tests.QCStore.Deposit_Dropdown(QCStore.java:6398)
at sun.reflect.NativeMethodAccessorImpl.invoke0(Native Method)
at sun.reflect.NativeMethodAccessorImpl.invoke(NativeMethodAccessorImpl.java:62)
at sun.reflect.DelegatingMethodAccessorImpl.invoke(DelegatingMethodAccessorImpl.java:43)
at java.lang.reflect.Method.invoke(Method.java:498)
at org.testng.internal.MethodInvocationHelper.invokeMethod(MethodInvocationHelper.java:124)
at org.testng.internal.Invoker.invokeMethod(Invoker.java:583)
at org.testng.internal.Invoker.invokeTestMethod(Invoker.java:719)
at org.testng.internal.Invoker.invokeTestMethods(Invoker.java:989)
at org.testng.internal.TestMethodWorker.invokeTestMethods(TestMethodWorker.java:125)
at org.testng.internal.TestMethodWorker.run(TestMethodWorker.java:109)
at org.testng.TestRunner.privateRun(TestRunner.java:648)
at org.testng.TestRunner.run(TestRunner.java:505)
at org.testng.SuiteRunner.runTest(SuiteRunner.java:455)
at org.testng.SuiteRunner.runSequentially(SuiteRunner.java:450)
at org.testng.SuiteRunner.privateRun(SuiteRunner.java:415)
at org.testng.SuiteRunner.run(SuiteRunner.java:364)
at org.testng.SuiteRunnerWorker.runSuite(SuiteRunnerWorker.java:52)
at org.testng.SuiteRunnerWorker.run(SuiteRunnerWorker.java:84)
at org.testng.TestNG.runSuitesSequentially(TestNG.java:1208)
at org.testng.TestNG.runSuitesLocally(TestNG.java:1137)
at org.testng.TestNG.runSuites(TestNG.java:1049)
at org.testng.TestNG.run(TestNG.java:1017)
at org.testng.remote.AbstractRemoteTestNG.run(AbstractRemoteTestNG.java:114)
at org.testng.remote.RemoteTestNG.initAndRun(RemoteTestNG.java:251)
at org.testng.remote.RemoteTestNG.main(RemoteTestNG.java:77)
]]>
    </error>
  </testcase> <!-- Deposit_Dropdown -->
>>>>>>> feb1.1
</testsuite> <!-- tests.QCStore -->
