<?xml version="1.0" encoding="UTF-8"?>
<!-- Generated by org.testng.reporters.JUnitReportReporter -->
<testsuite skipped="0" hostname="qtlsys2-66pc" name="tests.QCStore" tests="1" failures="0" timestamp="01 Apr 2019 05:55:10 GMT" time="333.776" errors="0">
  <testcase name="JQC_LOC_New_Loan_Rescind_Txn" time="333.776" classname="tests.QCStore"/>
</testsuite> <!-- tests.QCStore -->
