<?xml version="1.0" encoding="UTF-8"?>
<!-- Generated by org.testng.reporters.JUnitReportReporter -->
<testsuite skipped="0" hostname="Ratikanta-pc" name="tests.QCStore" tests="1" failures="0" timestamp="19 Feb 2019 11:47:03 GMT" time="68.087" errors="0">
  <testcase name="RQC_LOC_ManualDefault_Txn_Testdata" time="68.087" classname="tests.QCStore"/>
</testsuite> <!-- tests.QCStore -->
