<?xml version="1.0" encoding="UTF-8"?>
<!-- Generated by org.testng.reporters.JUnitReportReporter -->
<testsuite skipped="0" hostname="QTLSYS1-182" name="tests.QCStore" tests="1" failures="0" timestamp="26 Feb 2019 08:42:09 GMT" time="1179.402" errors="0">
  <testcase name="JQC_ILP_GraceDays_Deposit_EOD_Txn" time="1179.402" classname="tests.QCStore"/>
</testsuite> <!-- tests.QCStore -->
