<?xml version="1.0" encoding="UTF-8"?>
<!-- Generated by org.testng.reporters.JUnitReportReporter -->
<testsuite skipped="0" hostname="QTLSYS2-238" name="tests.QCStore" tests="16" failures="0" timestamp="18 Feb 2019 12:18:33 GMT" time="18452.148" errors="2">
  <testcase name="QC_NewLoan_Promotion_Txn" time="210.052" classname="tests.QCStore"/>
  <testcase name="QC_NewLoan_Void_Txn" time="254.263" classname="tests.QCStore"/>
  <testcase name="QC_ILP_Buyback_Txn" time="971.764" classname="tests.QCStore"/>
  <testcase name="QC_ILP_Buyback_Void_Txn" time="920.943" classname="tests.QCStore"/>
  <testcase name="QC_Installmentpayment_Txn" time="806.380" classname="tests.QCStore"/>
  <testcase name="QC_Installmentpayment_Void_Txn" time="838.082" classname="tests.QCStore"/>
  <testcase name="QC_PayAnyotherAmount_Txn" time="2419.600" classname="tests.QCStore"/>
  <testcase name="QC_PayAnyotherAmount_Void_Txn" time="901.111" classname="tests.QCStore"/>
  <testcase name="QC_ILP_Return_Menu_Txn" time="1146.226" classname="tests.QCStore">
    <error type="junit.framework.AssertionFailedError">
      <![CDATA[junit.framework.AssertionFailedError
at junit.framework.Assert.fail(Assert.java:47)
at junit.framework.Assert.assertTrue(Assert.java:20)
at junit.framework.Assert.assertTrue(Assert.java:27)
at tests.QCReturnCheck.qcRturn(QCReturnCheck.java:305)
at tests.QCStore.QC_ILP_Return_Menu_Txn(QCStore.java:647)
at sun.reflect.NativeMethodAccessorImpl.invoke0(Native Method)
at sun.reflect.NativeMethodAccessorImpl.invoke(Unknown Source)
at sun.reflect.DelegatingMethodAccessorImpl.invoke(Unknown Source)
at java.lang.reflect.Method.invoke(Unknown Source)
at org.testng.internal.MethodInvocationHelper.invokeMethod(MethodInvocationHelper.java:124)
at org.testng.internal.Invoker.invokeMethod(Invoker.java:583)
at org.testng.internal.Invoker.invokeTestMethod(Invoker.java:719)
at org.testng.internal.Invoker.invokeTestMethods(Invoker.java:989)
at org.testng.internal.TestMethodWorker.invokeTestMethods(TestMethodWorker.java:125)
at org.testng.internal.TestMethodWorker.run(TestMethodWorker.java:109)
at org.testng.TestRunner.privateRun(TestRunner.java:648)
at org.testng.TestRunner.run(TestRunner.java:505)
at org.testng.SuiteRunner.runTest(SuiteRunner.java:455)
at org.testng.SuiteRunner.runSequentially(SuiteRunner.java:450)
at org.testng.SuiteRunner.privateRun(SuiteRunner.java:415)
at org.testng.SuiteRunner.run(SuiteRunner.java:364)
at org.testng.SuiteRunnerWorker.runSuite(SuiteRunnerWorker.java:52)
at org.testng.SuiteRunnerWorker.run(SuiteRunnerWorker.java:84)
at org.testng.TestNG.runSuitesSequentially(TestNG.java:1208)
at org.testng.TestNG.runSuitesLocally(TestNG.java:1137)
at org.testng.TestNG.runSuites(TestNG.java:1049)
at org.testng.TestNG.run(TestNG.java:1017)
at org.testng.remote.AbstractRemoteTestNG.run(AbstractRemoteTestNG.java:114)
at org.testng.remote.RemoteTestNG.initAndRun(RemoteTestNG.java:251)
at org.testng.remote.RemoteTestNG.main(RemoteTestNG.java:77)
]]>
    </error>
  </testcase> <!-- QC_ILP_Return_Menu_Txn -->
  <testcase name="QC_ILP_clear_Menu_Txn" time="1125.513" classname="tests.QCStore">
    <error type="junit.framework.AssertionFailedError">
      <![CDATA[junit.framework.AssertionFailedError
at junit.framework.Assert.fail(Assert.java:47)
at junit.framework.Assert.assertTrue(Assert.java:20)
at junit.framework.Assert.assertTrue(Assert.java:27)
at tests.QCReturnCheck.qcRturn(QCReturnCheck.java:305)
at tests.QCStore.QC_ILP_clear_Menu_Txn(QCStore.java:710)
at sun.reflect.NativeMethodAccessorImpl.invoke0(Native Method)
at sun.reflect.NativeMethodAccessorImpl.invoke(Unknown Source)
at sun.reflect.DelegatingMethodAccessorImpl.invoke(Unknown Source)
at java.lang.reflect.Method.invoke(Unknown Source)
at org.testng.internal.MethodInvocationHelper.invokeMethod(MethodInvocationHelper.java:124)
at org.testng.internal.Invoker.invokeMethod(Invoker.java:583)
at org.testng.internal.Invoker.invokeTestMethod(Invoker.java:719)
at org.testng.internal.Invoker.invokeTestMethods(Invoker.java:989)
at org.testng.internal.TestMethodWorker.invokeTestMethods(TestMethodWorker.java:125)
at org.testng.internal.TestMethodWorker.run(TestMethodWorker.java:109)
at org.testng.TestRunner.privateRun(TestRunner.java:648)
at org.testng.TestRunner.run(TestRunner.java:505)
at org.testng.SuiteRunner.runTest(SuiteRunner.java:455)
at org.testng.SuiteRunner.runSequentially(SuiteRunner.java:450)
at org.testng.SuiteRunner.privateRun(SuiteRunner.java:415)
at org.testng.SuiteRunner.run(SuiteRunner.java:364)
at org.testng.SuiteRunnerWorker.runSuite(SuiteRunnerWorker.java:52)
at org.testng.SuiteRunnerWorker.run(SuiteRunnerWorker.java:84)
at org.testng.TestNG.runSuitesSequentially(TestNG.java:1208)
at org.testng.TestNG.runSuitesLocally(TestNG.java:1137)
at org.testng.TestNG.runSuites(TestNG.java:1049)
at org.testng.TestNG.run(TestNG.java:1017)
at org.testng.remote.AbstractRemoteTestNG.run(AbstractRemoteTestNG.java:114)
at org.testng.remote.RemoteTestNG.initAndRun(RemoteTestNG.java:251)
at org.testng.remote.RemoteTestNG.main(RemoteTestNG.java:77)
]]>
    </error>
  </testcase> <!-- QC_ILP_clear_Menu_Txn -->
  <testcase name="QC_ILP_Deposit_Return_Txn" time="831.239" classname="tests.QCStore"/>
  <testcase name="QC_InstallPayment_Ref_Rescind_Txn" time="1116.980" classname="tests.QCStore"/>
  <testcase name="QC_LessInterest_VoidFullPayment_Txn" time="919.833" classname="tests.QCStore"/>
  <testcase name="QC_NewLoan_TLPConversion_Txn" time="702.595" classname="tests.QCStore"/>
  <testcase name="QC_AgeStore_Void_Txn" time="820.828" classname="tests.QCStore"/>
  <testcase name="QC_ILP_NewLoanInstallmentDeposit_Txn" time="4466.739" classname="tests.QCStore"/>
</testsuite> <!-- tests.QCStore -->
