<?xml version="1.0" encoding="UTF-8"?>
<!-- Generated by org.testng.reporters.JUnitReportReporter -->
<testsuite skipped="0" hostname="QTLSYS2-72pc" name="tests.QCStore" tests="1" failures="0" timestamp="18 Mar 2019 05:37:07 GMT" time="1438.490" errors="0">
  <testcase name="ILP_InstallmentStepup" time="1438.490" classname="tests.QCStore"/>
</testsuite> <!-- tests.QCStore -->
