<?xml version="1.0" encoding="UTF-8"?>
<!-- Generated by org.testng.reporters.JUnitReportReporter -->
<testsuite skipped="0" hostname="QTLSYS2-238" name="tests.QCStore" tests="3" failures="0" timestamp="04 Mar 2019 09:40:28 GMT" time="2559.298" errors="0">
  <testcase name="QC_ILP_Return_Menu_Txn" time="954.885" classname="tests.QCStore"/>
  <testcase name="QC_ILP_clear_Menu_Txn" time="843.243" classname="tests.QCStore"/>
  <testcase name="QC_ILP_Deposit_Return_Txn" time="761.170" classname="tests.QCStore"/>
</testsuite> <!-- tests.QCStore -->
