<?xml version="1.0" encoding="UTF-8"?>
<!-- Generated by org.testng.reporters.JUnitReportReporter -->
<testsuite skipped="0" hostname="qtlsys2-66pc" name="tests.QCStore" tests="2" failures="0" timestamp="23 Mar 2019 18:35:10 GMT" time="2806.294" errors="0">
  <testcase name="RQC_WriteOffRecovery_Void_Txn_Testdata" time="1392.947" classname="tests.QCStore"/>
  <testcase name="RQC_Default_TLPConversion_Txn_Testdata" time="1413.347" classname="tests.QCStore"/>
</testsuite> <!-- tests.QCStore -->
