<?xml version="1.0" encoding="UTF-8"?>
<!-- Generated by org.testng.reporters.JUnitReportReporter -->
<<<<<<< HEAD
<<<<<<< HEAD
<<<<<<< HEAD
<<<<<<< HEAD
<testsuite skipped="0" hostname="qtlsys2-66pc" name="tests.QCStore" tests="9" failures="0" timestamp="29 Mar 2019 15:15:17 GMT" time="8257.305" errors="0">
  <testcase name="RQC_Bankruptcy_WORecovery_Txn_Testdata" time="591.901" classname="tests.QCStore"/>
  <testcase name="RQC_Bankruptcy_Discharge_Txn_Testdata" time="742.745" classname="tests.QCStore"/>
  <testcase name="RQC_Bankruptcy_Dismiss_Txn_Testdata" time="642.009" classname="tests.QCStore"/>
  <testcase name="RQC_Default_Refinance_Txn_Testdata" time="1015.291" classname="tests.QCStore"/>
  <testcase name="RQC_DefaultPayment_Txn_Testdata" time="1096.705" classname="tests.QCStore"/>
  <testcase name="RQC_DefaultPayment_Void_Txn_Testdata" time="1204.369" classname="tests.QCStore"/>
  <testcase name="RQC_WriteOffRecovery_Txn_Testdata" time="899.307" classname="tests.QCStore"/>
  <testcase name="RQC_WriteOffRecovery_Void_Txn_Testdata" time="914.611" classname="tests.QCStore"/>
  <testcase name="RQC_Default_TLPConversion_Txn_Testdata" time="1150.367" classname="tests.QCStore"/>
=======
<<<<<<< HEAD
<<<<<<< HEAD
<<<<<<< HEAD
<<<<<<< HEAD
<<<<<<< HEAD
<<<<<<< HEAD
<testsuite skipped="0" hostname="QTLSYS2-238" name="tests.QCStore" tests="1" failures="0" timestamp="21 Mar 2019 13:15:23 GMT" time="141.291" errors="0">
  <testcase name="QC_NewLoan_Promotion_Txn" time="141.291" classname="tests.QCStore"/>
=======
<testsuite skipped="0" hostname="QTLSYS1-182" name="tests.QCStore" tests="1" failures="0" timestamp="21 Mar 2019 07:39:13 GMT" time="808.647" errors="0">
  <testcase name="JQC_ILP_Deposit_EOD_Txn" time="808.647" classname="tests.QCStore"/>
>>>>>>> janaki1.2
=======
<testsuite skipped="0" hostname="qtlsys2-66pc" name="tests.QCStore" tests="2" failures="0" timestamp="23 Mar 2019 18:35:10 GMT" time="2806.294" errors="0">
  <testcase name="RQC_WriteOffRecovery_Void_Txn_Testdata" time="1392.947" classname="tests.QCStore"/>
  <testcase name="RQC_Default_TLPConversion_Txn_Testdata" time="1413.347" classname="tests.QCStore"/>
>>>>>>> Ratikanta1.1
=======
<testsuite skipped="0" hostname="QTLSYS1-182" name="tests.QCStore" tests="1" failures="0" timestamp="27 Mar 2019 05:33:16 GMT" time="81.616" errors="0">
  <testcase name="JQC_ILP_GraceDays_Deposit_EOD_Txn" time="81.616" classname="tests.QCStore"/>
>>>>>>> janaki1.2
=======
<testsuite skipped="0" hostname="QTLSYS2-48" name="tests.QCStore" tests="15" failures="0" timestamp="01 Apr 2019 13:04:02 GMT" time="6967.507" errors="3">
  <testcase name="getResult" time="5.005" classname="tests.QCStore">
    <error type="org.openqa.selenium.NoSuchSessionException" message="session a733ae55-2101-4ec4-8908-1cc49d5ebac0 does not exist
Command duration or timeout: 0 milliseconds
=======
<testsuite skipped="0" hostname="QTLSYS2-48" name="tests.QCStore" tests="8" failures="0" timestamp="05 Apr 2019 14:26:31 GMT" time="3277.149" errors="2">
  <testcase name="getResult" time="5.043" classname="tests.QCStore">
    <error type="org.openqa.selenium.NoSuchSessionException" message="Session ID is null. Using WebDriver after calling quit()?
>>>>>>> anoop1.1
Build info: version: &#039;3.14.0&#039;, revision: &#039;aacccce0&#039;, time: &#039;2018-08-02T20:19:58.91Z&#039;
System info: host: &#039;QTLSYS2-48&#039;, ip: &#039;192.168.2.48&#039;, os.name: &#039;Windows 7&#039;, os.arch: &#039;amd64&#039;, os.version: &#039;6.1&#039;, java.version: &#039;1.8.0_171&#039;
Driver info: driver.version: RemoteWebDriver">
      <![CDATA[org.openqa.selenium.NoSuchSessionException: Session ID is null. Using WebDriver after calling quit()?
Build info: version: '3.14.0', revision: 'aacccce0', time: '2018-08-02T20:19:58.91Z'
System info: host: 'QTLSYS2-48', ip: '192.168.2.48', os.name: 'Windows 7', os.arch: 'amd64', os.version: '6.1', java.version: '1.8.0_171'
Driver info: driver.version: RemoteWebDriver
at org.openqa.selenium.remote.HttpCommandExecutor.execute(HttpCommandExecutor.java:125)
at org.openqa.selenium.remote.service.DriverCommandExecutor.execute(DriverCommandExecutor.java:83)
at org.openqa.selenium.remote.RemoteWebDriver.execute(RemoteWebDriver.java:548)
at org.openqa.selenium.remote.RemoteWebDriver.execute(RemoteWebDriver.java:605)
at org.openqa.selenium.remote.RemoteWebDriver.getScreenshotAs(RemoteWebDriver.java:294)
at tests.QCStore.getScreenhot(QCStore.java:3407)
at tests.QCStore.getResult(QCStore.java:3427)
at sun.reflect.NativeMethodAccessorImpl.invoke0(Native Method)
at sun.reflect.NativeMethodAccessorImpl.invoke(Unknown Source)
at sun.reflect.DelegatingMethodAccessorImpl.invoke(Unknown Source)
at java.lang.reflect.Method.invoke(Unknown Source)
at org.testng.internal.MethodInvocationHelper.invokeMethod(MethodInvocationHelper.java:124)
at org.testng.internal.MethodInvocationHelper.invokeMethodConsideringTimeout(MethodInvocationHelper.java:59)
at org.testng.internal.Invoker.invokeConfigurationMethod(Invoker.java:458)
at org.testng.internal.Invoker.invokeConfigurations(Invoker.java:222)
at org.testng.internal.Invoker.invokeMethod(Invoker.java:646)
at org.testng.internal.Invoker.invokeTestMethod(Invoker.java:719)
at org.testng.internal.Invoker.invokeTestMethods(Invoker.java:989)
at org.testng.internal.TestMethodWorker.invokeTestMethods(TestMethodWorker.java:125)
at org.testng.internal.TestMethodWorker.run(TestMethodWorker.java:109)
at org.testng.TestRunner.privateRun(TestRunner.java:648)
at org.testng.TestRunner.run(TestRunner.java:505)
at org.testng.SuiteRunner.runTest(SuiteRunner.java:455)
at org.testng.SuiteRunner.runSequentially(SuiteRunner.java:450)
at org.testng.SuiteRunner.privateRun(SuiteRunner.java:415)
at org.testng.SuiteRunner.run(SuiteRunner.java:364)
at org.testng.SuiteRunnerWorker.runSuite(SuiteRunnerWorker.java:52)
at org.testng.SuiteRunnerWorker.run(SuiteRunnerWorker.java:84)
at org.testng.TestNG.runSuitesSequentially(TestNG.java:1208)
at org.testng.TestNG.runSuitesLocally(TestNG.java:1137)
at org.testng.TestNG.runSuites(TestNG.java:1049)
at org.testng.TestNG.run(TestNG.java:1017)
at org.testng.remote.AbstractRemoteTestNG.run(AbstractRemoteTestNG.java:114)
at org.testng.remote.RemoteTestNG.initAndRun(RemoteTestNG.java:251)
at org.testng.remote.RemoteTestNG.main(RemoteTestNG.java:77)
]]>
    </error>
  </testcase> <!-- getResult -->
  <testcase name="ILP_RefinanceStepSame" time="635.754" classname="tests.QCStore"/>
  <testcase name="ILP_RefinanceStepUpVoid" time="662.499" classname="tests.QCStore"/>
  <testcase name="ILP_RefinanceStepSame_Void" time="665.120" classname="tests.QCStore"/>
  <testcase name="ILP_ProcessClear" time="567.667" classname="tests.QCStore"/>
  <testcase name="ILP_CheckAutoClear" time="590.226" classname="tests.QCStore"/>
  <testcase name="ILP_borrowregNewloan" time="150.838" classname="tests.QCStore"/>
  <testcase name="ILP_voidRefinance" time="0.002" classname="tests.QCStore">
    <error type="java.io.FileNotFoundException" message="C:\QC_Batch\QC_ILP\ATestData\CSR\ILP_Monthly\QC_Loan_Refinance_Void.xls (The system cannot find the file specified)">
      <![CDATA[java.io.FileNotFoundException: C:\QC_Batch\QC_ILP\ATestData\CSR\ILP_Monthly\QC_Loan_Refinance_Void.xls (The system cannot find the file specified)
at java.io.FileInputStream.open0(Native Method)
at java.io.FileInputStream.open(Unknown Source)
at java.io.FileInputStream.<init>(Unknown Source)
at java.io.FileInputStream.<init>(Unknown Source)
at tests.ExcelNew.<init>(ExcelNew.java:35)
at tests.QCStore.ILP_voidRefinance(QCStore.java:2459)
at sun.reflect.NativeMethodAccessorImpl.invoke0(Native Method)
at sun.reflect.NativeMethodAccessorImpl.invoke(Unknown Source)
at sun.reflect.DelegatingMethodAccessorImpl.invoke(Unknown Source)
at java.lang.reflect.Method.invoke(Unknown Source)
at org.testng.internal.MethodInvocationHelper.invokeMethod(MethodInvocationHelper.java:124)
at org.testng.internal.Invoker.invokeMethod(Invoker.java:583)
at org.testng.internal.Invoker.invokeTestMethod(Invoker.java:719)
at org.testng.internal.Invoker.invokeTestMethods(Invoker.java:989)
at org.testng.internal.TestMethodWorker.invokeTestMethods(TestMethodWorker.java:125)
at org.testng.internal.TestMethodWorker.run(TestMethodWorker.java:109)
at org.testng.TestRunner.privateRun(TestRunner.java:648)
at org.testng.TestRunner.run(TestRunner.java:505)
at org.testng.SuiteRunner.runTest(SuiteRunner.java:455)
at org.testng.SuiteRunner.runSequentially(SuiteRunner.java:450)
at org.testng.SuiteRunner.privateRun(SuiteRunner.java:415)
at org.testng.SuiteRunner.run(SuiteRunner.java:364)
at org.testng.SuiteRunnerWorker.runSuite(SuiteRunnerWorker.java:52)
at org.testng.SuiteRunnerWorker.run(SuiteRunnerWorker.java:84)
at org.testng.TestNG.runSuitesSequentially(TestNG.java:1208)
at org.testng.TestNG.runSuitesLocally(TestNG.java:1137)
at org.testng.TestNG.runSuites(TestNG.java:1049)
at org.testng.TestNG.run(TestNG.java:1017)
at org.testng.remote.AbstractRemoteTestNG.run(AbstractRemoteTestNG.java:114)
at org.testng.remote.RemoteTestNG.initAndRun(RemoteTestNG.java:251)
at org.testng.remote.RemoteTestNG.main(RemoteTestNG.java:77)
]]>
    </error>
  </testcase> <!-- ILP_voidRefinance -->
<<<<<<< HEAD
>>>>>>> anoop1.1
=======
<testsuite skipped="0" hostname="QTLSYS2-238" name="tests.QCStore" tests="1" failures="0" timestamp="26 Mar 2019 13:11:18 GMT" time="665.237" errors="0">
  <testcase name="QC_Installmentpayment_Void_Txn" time="665.237" classname="tests.QCStore"/>
>>>>>>> brahmith1.1
<<<<<<< HEAD
>>>>>>> ed2c491bd27e4295563c266a26fe8e49e10943ef
=======
=======
<testsuite skipped="0" hostname="QTLSYS1-182" name="tests.QCStore" tests="1" failures="0" timestamp="29 Mar 2019 09:23:56 GMT" time="851.101" errors="0">
  <testcase name="JQC_ILP_GraceDays_Deposit_EOD_Txn" time="851.101" classname="tests.QCStore"/>
>>>>>>> janaki1.2
>>>>>>> 33354a572293420cb1c9bb16b353c54411f71fe2
=======
<testsuite skipped="0" hostname="QTLSYS2-238" name="tests.QCStore" tests="1" failures="0" timestamp="04 Apr 2019 06:46:09 GMT" time="425.173" errors="0">
  <testcase name="QC_Installmentpayment_Void_Txn" time="425.173" classname="tests.QCStore"/>
>>>>>>> brahmith1.1
=======
<testsuite skipped="0" hostname="QTLSYS1-182" name="tests.QCStore" tests="1" failures="0" timestamp="04 Apr 2019 09:19:53 GMT" time="147.722" errors="0">
  <testcase name="JQC_ILP_GraceDays_Deposit_EOD_Txn" time="147.722" classname="tests.QCStore"/>
>>>>>>> janaki1.2
=======
>>>>>>> anoop1.1
</testsuite> <!-- tests.QCStore -->
