<?xml version="1.0" encoding="UTF-8"?>
<!-- Generated by org.testng.reporters.JUnitReportReporter -->
<<<<<<< HEAD
<testsuite skipped="0" hostname="QTLSYS2-48" name="tests.QCStore" tests="1" failures="0" timestamp="15 Apr 2019 05:59:00 GMT" time="917.872" errors="0">
  <testcase name="ILP_RefinanceStepDown_void" time="917.872" classname="tests.QCStore"/>
=======
<testsuite skipped="0" hostname="QTLSYS2-238" name="tests.QCStore" tests="16" failures="0" timestamp="15 Apr 2019 11:24:37 GMT" time="12773.045" errors="1">
  <testcase name="QC_NewLoan_Promotion_Txn" time="239.274" classname="tests.QCStore"/>
  <testcase name="QC_NewLoan_Void_Txn" time="188.352" classname="tests.QCStore"/>
  <testcase name="QC_ILP_Buyback_Txn" time="490.131" classname="tests.QCStore"/>
  <testcase name="QC_ILP_Buyback_Void_Txn" time="519.210" classname="tests.QCStore"/>
  <testcase name="QC_Installmentpayment_Txn" time="460.141" classname="tests.QCStore"/>
  <testcase name="QC_Installmentpayment_Void_Txn" time="581.148" classname="tests.QCStore"/>
  <testcase name="QC_PayAnyotherAmount_Txn" time="455.404" classname="tests.QCStore"/>
  <testcase name="QC_PayAnyotherAmount_Void_Txn" time="582.532" classname="tests.QCStore"/>
  <testcase name="QC_ILP_Return_Menu_Txn" time="783.194" classname="tests.QCStore"/>
  <testcase name="QC_ILP_clear_Menu_Txn" time="690.102" classname="tests.QCStore"/>
  <testcase name="QC_ILP_Deposit_Return_Txn" time="559.953" classname="tests.QCStore"/>
  <testcase name="QC_InstallPayment_Ref_Rescind_Txn" time="664.605" classname="tests.QCStore"/>
  <testcase name="QC_LessInterest_VoidFullPayment_Txn" time="807.101" classname="tests.QCStore"/>
  <testcase name="QC_NewLoan_TLPConversion_Txn" time="617.739" classname="tests.QCStore"/>
  <testcase name="QC_AgeStore_Void_Txn" time="495.564" classname="tests.QCStore"/>
  <testcase name="QC_ILP_NewLoanInstallmentDeposit_Txn" time="4638.595" classname="tests.QCStore">
    <error type="junit.framework.AssertionFailedError">
      <![CDATA[junit.framework.AssertionFailedError
at junit.framework.Assert.fail(Assert.java:47)
at junit.framework.Assert.assertTrue(Assert.java:20)
at junit.framework.Assert.assertTrue(Assert.java:27)
at tests.QCDepositDropdown.depositDropDown(QCDepositDropdown.java:185)
at tests.QCStore.QC_ILP_NewLoanInstallmentDeposit_Txn(QCStore.java:854)
at sun.reflect.NativeMethodAccessorImpl.invoke0(Native Method)
at sun.reflect.NativeMethodAccessorImpl.invoke(Unknown Source)
at sun.reflect.DelegatingMethodAccessorImpl.invoke(Unknown Source)
at java.lang.reflect.Method.invoke(Unknown Source)
at org.testng.internal.MethodInvocationHelper.invokeMethod(MethodInvocationHelper.java:124)
at org.testng.internal.Invoker.invokeMethod(Invoker.java:583)
at org.testng.internal.Invoker.invokeTestMethod(Invoker.java:719)
at org.testng.internal.Invoker.invokeTestMethods(Invoker.java:989)
at org.testng.internal.TestMethodWorker.invokeTestMethods(TestMethodWorker.java:125)
at org.testng.internal.TestMethodWorker.run(TestMethodWorker.java:109)
at org.testng.TestRunner.privateRun(TestRunner.java:648)
at org.testng.TestRunner.run(TestRunner.java:505)
at org.testng.SuiteRunner.runTest(SuiteRunner.java:455)
at org.testng.SuiteRunner.runSequentially(SuiteRunner.java:450)
at org.testng.SuiteRunner.privateRun(SuiteRunner.java:415)
at org.testng.SuiteRunner.run(SuiteRunner.java:364)
at org.testng.SuiteRunnerWorker.runSuite(SuiteRunnerWorker.java:52)
at org.testng.SuiteRunnerWorker.run(SuiteRunnerWorker.java:84)
at org.testng.TestNG.runSuitesSequentially(TestNG.java:1208)
at org.testng.TestNG.runSuitesLocally(TestNG.java:1137)
at org.testng.TestNG.runSuites(TestNG.java:1049)
at org.testng.TestNG.run(TestNG.java:1017)
at org.testng.remote.AbstractRemoteTestNG.run(AbstractRemoteTestNG.java:114)
at org.testng.remote.RemoteTestNG.initAndRun(RemoteTestNG.java:251)
at org.testng.remote.RemoteTestNG.main(RemoteTestNG.java:77)
]]>
    </error>
  </testcase> <!-- QC_ILP_NewLoanInstallmentDeposit_Txn -->
>>>>>>> brahmith1.1
</testsuite> <!-- tests.QCStore -->
