<?xml version="1.0" encoding="UTF-8"?>
<!-- Generated by org.testng.reporters.JUnitReportReporter -->
<testsuite skipped="0" hostname="QTLSYS1-182" name="tests.QCStore" tests="1" failures="0" timestamp="15 Apr 2019 09:30:46 GMT" time="75.330" errors="0">
  <testcase name="JQC_ILP_GraceDays_Deposit_EOD_Txn" time="75.330" classname="tests.QCStore"/>
</testsuite> <!-- tests.QCStore -->
