<?xml version="1.0" encoding="UTF-8"?>
<!-- Generated by org.testng.reporters.JUnitReportReporter -->
<testsuite skipped="0" hostname="Ratikanta-pc" name="tests.QCStore" tests="1" failures="0" timestamp="04 Mar 2019 06:17:26 GMT" time="1664.275" errors="0">
  <testcase name="RQC_DefaultPayment_Txn_Testdata" time="1664.275" classname="tests.QCStore"/>
</testsuite> <!-- tests.QCStore -->
