<?xml version="1.0" encoding="UTF-8"?>
<!-- Generated by org.testng.reporters.JUnitReportReporter -->
<testsuite skipped="0" hostname="QTLSYS2-238" name="tests.QCStore" tests="1" failures="0" timestamp="13 Jun 2019 06:22:27 GMT" time="357.930" errors="0">
  <testcase name="QC_AgeStore_Void_Txn" time="357.930" classname="tests.QCStore"/>
</testsuite> <!-- tests.QCStore -->
