<?xml version="1.0" encoding="UTF-8"?>
<!-- Generated by org.testng.reporters.JUnitReportReporter -->
<testsuite skipped="0" hostname="qtlsys2-66pc" name="tests.QCStore" tests="9" failures="0" timestamp="29 Mar 2019 15:15:17 GMT" time="8257.305" errors="0">
  <testcase name="RQC_Bankruptcy_WORecovery_Txn_Testdata" time="591.901" classname="tests.QCStore"/>
  <testcase name="RQC_Bankruptcy_Discharge_Txn_Testdata" time="742.745" classname="tests.QCStore"/>
  <testcase name="RQC_Bankruptcy_Dismiss_Txn_Testdata" time="642.009" classname="tests.QCStore"/>
  <testcase name="RQC_Default_Refinance_Txn_Testdata" time="1015.291" classname="tests.QCStore"/>
  <testcase name="RQC_DefaultPayment_Txn_Testdata" time="1096.705" classname="tests.QCStore"/>
  <testcase name="RQC_DefaultPayment_Void_Txn_Testdata" time="1204.369" classname="tests.QCStore"/>
  <testcase name="RQC_WriteOffRecovery_Txn_Testdata" time="899.307" classname="tests.QCStore"/>
  <testcase name="RQC_WriteOffRecovery_Void_Txn_Testdata" time="914.611" classname="tests.QCStore"/>
  <testcase name="RQC_Default_TLPConversion_Txn_Testdata" time="1150.367" classname="tests.QCStore"/>
</testsuite> <!-- tests.QCStore -->
