<?xml version="1.0" encoding="UTF-8"?>
<!-- Generated by org.testng.reporters.JUnitReportReporter -->
<testsuite skipped="0" hostname="QTLSYS2-238" name="tests.QCStore" tests="1" failures="0" timestamp="27 Jun 2019 10:16:09 GMT" time="268.077" errors="0">
  <testcase name="QC_InstallPayment_Ref_Rescind_Txn" time="268.077" classname="tests.QCStore"/>
</testsuite> <!-- tests.QCStore -->
