<?xml version="1.0" encoding="UTF-8"?>
<!-- Generated by org.testng.reporters.JUnitReportReporter -->
<testsuite skipped="0" hostname="QTLSYS2-238" name="tests.QCStore" tests="1" failures="0" timestamp="19 Jun 2019 13:04:10 GMT" time="551.628" errors="0">
  <testcase name="QC_ILP_NewLoanInstallmentDeposit_Txn" time="551.628" classname="tests.QCStore"/>
</testsuite> <!-- tests.QCStore -->
