<?xml version="1.0" encoding="UTF-8"?>
<!-- Generated by org.testng.reporters.JUnitReportReporter -->
<testsuite skipped="0" hostname="QTLSYS1-182" name="tests.QCStore" tests="8" failures="0" timestamp="18 Apr 2019 07:50:17 GMT" time="2752.982" errors="0">
  <testcase name="JQC_ILP_Deposit_Menu_Txn" time="300.457" classname="tests.QCStore"/>
  <testcase name="JQC_ILP_Deposit_dropdown_Txn" time="301.711" classname="tests.QCStore"/>
  <testcase name="JQC_ILP_GraceDays_Deposit_Menu_Txn" time="388.515" classname="tests.QCStore"/>
  <testcase name="JQC_ILP_GraceDays_Deposit_MidDay_Txn" time="410.791" classname="tests.QCStore"/>
  <testcase name="JQC_ILP_Deposit_MidDay_Txn" time="320.628" classname="tests.QCStore"/>
  <testcase name="JQC_ILP_GraceDays_Deposit_dropdown_Txn" time="379.504" classname="tests.QCStore"/>
  <testcase name="JQC_ILP_Deceased_Txn" time="291.504" classname="tests.QCStore"/>
  <testcase name="JQC_ILP_SignaturLoan_Default_Txn" time="359.872" classname="tests.QCStore"/>
</testsuite> <!-- tests.QCStore -->
