<?xml version="1.0" encoding="UTF-8"?>
<!-- Generated by org.testng.reporters.JUnitReportReporter -->
<testsuite skipped="0" hostname="QTLSYS2-238" name="tests.QCStore" tests="16" failures="0" timestamp="08 May 2019 09:55:43 GMT" time="7846.126" errors="1">
  <testcase name="QC_NewLoan_Promotion_Txn" time="226.886" classname="tests.QCStore"/>
  <testcase name="QC_NewLoan_Void_Txn" time="214.937" classname="tests.QCStore"/>
  <testcase name="QC_ILP_Buyback_Txn" time="264.271" classname="tests.QCStore"/>
  <testcase name="QC_ILP_Buyback_Void_Txn" time="421.213" classname="tests.QCStore"/>
  <testcase name="QC_Installmentpayment_Txn" time="304.489" classname="tests.QCStore"/>
  <testcase name="QC_Installmentpayment_Void_Txn" time="420.550" classname="tests.QCStore"/>
  <testcase name="QC_PayAnyotherAmount_Txn" time="277.693" classname="tests.QCStore"/>
  <testcase name="QC_PayAnyotherAmount_Void_Txn" time="352.011" classname="tests.QCStore"/>
  <testcase name="QC_ILP_Return_Menu_Txn" time="424.923" classname="tests.QCStore"/>
  <testcase name="QC_ILP_clear_Menu_Txn" time="454.319" classname="tests.QCStore"/>
  <testcase name="QC_ILP_Deposit_Return_Txn" time="353.669" classname="tests.QCStore"/>
  <testcase name="QC_InstallPayment_Ref_Rescind_Txn" time="352.414" classname="tests.QCStore">
    <error type="junit.framework.AssertionFailedError">
      <![CDATA[junit.framework.AssertionFailedError
at junit.framework.Assert.fail(Assert.java:47)
at junit.framework.Assert.assertTrue(Assert.java:20)
at junit.framework.Assert.assertTrue(Assert.java:27)
at tests.QCRefinanceprocess.Refinance(QCRefinanceprocess.java:362)
at tests.QCStore.QC_InstallPayment_Ref_Rescind_Txn(QCStore.java:917)
at sun.reflect.NativeMethodAccessorImpl.invoke0(Native Method)
at sun.reflect.NativeMethodAccessorImpl.invoke(Unknown Source)
at sun.reflect.DelegatingMethodAccessorImpl.invoke(Unknown Source)
at java.lang.reflect.Method.invoke(Unknown Source)
at org.testng.internal.MethodInvocationHelper.invokeMethod(MethodInvocationHelper.java:124)
at org.testng.internal.Invoker.invokeMethod(Invoker.java:583)
at org.testng.internal.Invoker.invokeTestMethod(Invoker.java:719)
at org.testng.internal.Invoker.invokeTestMethods(Invoker.java:989)
at org.testng.internal.TestMethodWorker.invokeTestMethods(TestMethodWorker.java:125)
at org.testng.internal.TestMethodWorker.run(TestMethodWorker.java:109)
at org.testng.TestRunner.privateRun(TestRunner.java:648)
at org.testng.TestRunner.run(TestRunner.java:505)
at org.testng.SuiteRunner.runTest(SuiteRunner.java:455)
at org.testng.SuiteRunner.runSequentially(SuiteRunner.java:450)
at org.testng.SuiteRunner.privateRun(SuiteRunner.java:415)
at org.testng.SuiteRunner.run(SuiteRunner.java:364)
at org.testng.SuiteRunnerWorker.runSuite(SuiteRunnerWorker.java:52)
at org.testng.SuiteRunnerWorker.run(SuiteRunnerWorker.java:84)
at org.testng.TestNG.runSuitesSequentially(TestNG.java:1208)
at org.testng.TestNG.runSuitesLocally(TestNG.java:1137)
at org.testng.TestNG.runSuites(TestNG.java:1049)
at org.testng.TestNG.run(TestNG.java:1017)
at org.testng.remote.AbstractRemoteTestNG.run(AbstractRemoteTestNG.java:114)
at org.testng.remote.RemoteTestNG.initAndRun(RemoteTestNG.java:251)
at org.testng.remote.RemoteTestNG.main(RemoteTestNG.java:77)
]]>
    </error>
  </testcase> <!-- QC_InstallPayment_Ref_Rescind_Txn -->
  <testcase name="QC_LessInterest_VoidFullPayment_Txn" time="486.877" classname="tests.QCStore"/>
  <testcase name="QC_NewLoan_TLPConversion_Txn" time="329.916" classname="tests.QCStore"/>
  <testcase name="QC_AgeStore_Void_Txn" time="385.785" classname="tests.QCStore"/>
  <testcase name="QC_ILP_NewLoanInstallmentDeposit_Txn" time="2576.173" classname="tests.QCStore"/>
</testsuite> <!-- tests.QCStore -->
