<?xml version="1.0" encoding="UTF-8"?>
<!-- Generated by org.testng.reporters.JUnitReportReporter -->
<testsuite skipped="0" hostname="QTLSYS2-48" name="tests.QCStore" tests="1" failures="0" timestamp="15 Apr 2019 05:59:00 GMT" time="917.872" errors="0">
  <testcase name="ILP_RefinanceStepDown_void" time="917.872" classname="tests.QCStore"/>
</testsuite> <!-- tests.QCStore -->
