<?xml version="1.0" encoding="UTF-8"?>
<!-- Generated by org.testng.reporters.JUnitReportReporter -->
<testsuite skipped="0" hostname="QTLSYS1-182" name="tests.QCStore" tests="8" failures="0" timestamp="04 May 2019 17:27:04 GMT" time="2608.439" errors="0">
  <testcase name="JQC_ILP_Deposit_Menu_Txn" time="284.988" classname="tests.QCStore"/>
  <testcase name="JQC_ILP_Deposit_dropdown_Txn" time="263.591" classname="tests.QCStore"/>
  <testcase name="JQC_ILP_GraceDays_Deposit_Menu_Txn" time="366.660" classname="tests.QCStore"/>
  <testcase name="JQC_ILP_GraceDays_Deposit_MidDay_Txn" time="380.107" classname="tests.QCStore"/>
  <testcase name="JQC_ILP_Deposit_MidDay_Txn" time="342.663" classname="tests.QCStore"/>
  <testcase name="JQC_ILP_GraceDays_Deposit_dropdown_Txn" time="358.577" classname="tests.QCStore"/>
  <testcase name="JQC_ILP_Deceased_Txn" time="265.167" classname="tests.QCStore"/>
  <testcase name="JQC_ILP_SignaturLoan_Default_Txn" time="346.686" classname="tests.QCStore"/>
</testsuite> <!-- tests.QCStore -->
