<?xml version="1.0" encoding="UTF-8"?>
<!-- Generated by org.testng.reporters.JUnitReportReporter -->
<testsuite skipped="0" hostname="QTLSYS2-238" name="tests.QCStore" tests="2" failures="0" timestamp="14 Mar 2019 10:44:00 GMT" time="173.087" errors="0">
  <testcase name="QC_ILP_Refinanace_Txn" time="120.989" classname="tests.QCStore"/>
  <testcase name="QC_InstallPayment_Ref_Rescind_Txn" time="52.098" classname="tests.QCStore"/>
</testsuite> <!-- tests.QCStore -->
