<?xml version="1.0" encoding="UTF-8"?>
<!-- Generated by org.testng.reporters.JUnitReportReporter -->
<<<<<<< HEAD
<testsuite skipped="0" hostname="qtlsys2-66pc" name="tests.QCStore" tests="2" failures="0" timestamp="19 Mar 2019 05:03:47 GMT" time="1726.715" errors="0">
  <testcase name="RQC_WriteOffRecovery_Txn_Testdata" time="872.339" classname="tests.QCStore"/>
  <testcase name="RQC_WriteOffRecovery_Void_Txn_Testdata" time="854.376" classname="tests.QCStore"/>
=======
<<<<<<< HEAD
<<<<<<< HEAD
<<<<<<< HEAD
<testsuite skipped="0" hostname="QTLSYS1-182" name="tests.QCStore" tests="1" failures="0" timestamp="14 Mar 2019 07:21:32 GMT" time="687.356" errors="0">
  <testcase name="ILP_RefinanceStepDown_void" time="687.356" classname="tests.QCStore"/>
=======
<testsuite skipped="0" hostname="QTLSYS2-238" name="tests.QCStore" tests="2" failures="0" timestamp="14 Mar 2019 10:44:00 GMT" time="173.087" errors="0">
  <testcase name="QC_ILP_Refinanace_Txn" time="120.989" classname="tests.QCStore"/>
  <testcase name="QC_InstallPayment_Ref_Rescind_Txn" time="52.098" classname="tests.QCStore"/>
>>>>>>> brahmith1.1
=======
<testsuite skipped="0" hostname="QTLSYS1-182" name="tests.QCStore" tests="1" failures="0" timestamp="14 Mar 2019 13:12:47 GMT" time="63.561" errors="0">
  <testcase name="JQC_ILP_Payment_Refinance_StepUp_Txn" time="63.561" classname="tests.QCStore"/>
>>>>>>> f96b7d09c18261a556e71ad66742e2079a8ac046
=======
<testsuite skipped="0" hostname="QTLSYS2-72pc" name="tests.QCStore" tests="1" failures="0" timestamp="18 Mar 2019 05:37:07 GMT" time="1438.490" errors="0">
  <testcase name="ILP_InstallmentStepup" time="1438.490" classname="tests.QCStore"/>
>>>>>>> jyothi1.2
>>>>>>> 26f8126931b7afc696e5ebd31895ac4dfa2dd77b
</testsuite> <!-- tests.QCStore -->
