<?xml version="1.0" encoding="UTF-8"?>
<!-- Generated by org.testng.reporters.JUnitReportReporter -->
<<<<<<< HEAD
<testsuite skipped="0" hostname="QTLSYS1-182" name="tests.QCStore" tests="1" failures="0" timestamp="19 Feb 2019 06:43:47 GMT" time="1204.231" errors="0">
  <testcase name="JQC_ILP_GraceDays_Deposit_EOD_Txn" time="1204.231" classname="tests.QCStore"/>
=======
<testsuite skipped="0" hostname="QTLSYS2-238" name="tests.QCStore" tests="1" failures="0" timestamp="19 Feb 2019 09:28:05 GMT" time="45.624" errors="0">
  <testcase name="QC_NewLoan_TLPConversion_Txn" time="45.624" classname="tests.QCStore"/>
>>>>>>> jan21.1
</testsuite> <!-- tests.QCStore -->
