<?xml version="1.0" encoding="UTF-8"?>
<!-- Generated by org.testng.reporters.JUnitReportReporter -->
<testsuite skipped="0" hostname="QTLSYS2-48" name="tests.QCStore" tests="1" failures="0" timestamp="19 Apr 2019 06:52:25 GMT" time="357.068" errors="0">
  <testcase name="ILP_voidRefinance" time="357.068" classname="tests.QCStore"/>
</testsuite> <!-- tests.QCStore -->
