<?xml version="1.0" encoding="UTF-8"?>
<!-- Generated by org.testng.reporters.JUnitReportReporter -->
<<<<<<< HEAD
<testsuite skipped="7" hostname="QTLSYS1-182" name="tests.QCStore" tests="9" failures="0" timestamp="18 Feb 2019 07:33:30 GMT" time="10.776" errors="1">
  <testcase name="JQC_ILP_Deposit_Menu_Txn" time="10.562" classname="tests.QCStore"/>
  <testcase name="getResult" time="0.214" classname="tests.QCStore">
=======
<testsuite skipped="15" hostname="QTLSYS2-238" name="tests.QCStore" tests="17" failures="0" timestamp="15 Feb 2019 08:53:20 GMT" time="5.257" errors="1">
  <testcase name="getResult" time="5.246" classname="tests.QCStore">
>>>>>>> b50e5c7425055cd846c0596a6552686c8ed2cba5
    <error type="java.lang.NullPointerException">
      <![CDATA[java.lang.NullPointerException
at tests.QCStore.getResult(QCStore.java:3213)
at sun.reflect.NativeMethodAccessorImpl.invoke0(Native Method)
at sun.reflect.NativeMethodAccessorImpl.invoke(Unknown Source)
at sun.reflect.DelegatingMethodAccessorImpl.invoke(Unknown Source)
at java.lang.reflect.Method.invoke(Unknown Source)
at org.testng.internal.MethodInvocationHelper.invokeMethod(MethodInvocationHelper.java:124)
at org.testng.internal.MethodInvocationHelper.invokeMethodConsideringTimeout(MethodInvocationHelper.java:59)
at org.testng.internal.Invoker.invokeConfigurationMethod(Invoker.java:458)
at org.testng.internal.Invoker.invokeConfigurations(Invoker.java:222)
at org.testng.internal.Invoker.invokeMethod(Invoker.java:646)
at org.testng.internal.Invoker.invokeTestMethod(Invoker.java:719)
at org.testng.internal.Invoker.invokeTestMethods(Invoker.java:989)
at org.testng.internal.TestMethodWorker.invokeTestMethods(TestMethodWorker.java:125)
at org.testng.internal.TestMethodWorker.run(TestMethodWorker.java:109)
at org.testng.TestRunner.privateRun(TestRunner.java:648)
at org.testng.TestRunner.run(TestRunner.java:505)
at org.testng.SuiteRunner.runTest(SuiteRunner.java:455)
at org.testng.SuiteRunner.runSequentially(SuiteRunner.java:450)
at org.testng.SuiteRunner.privateRun(SuiteRunner.java:415)
at org.testng.SuiteRunner.run(SuiteRunner.java:364)
at org.testng.SuiteRunnerWorker.runSuite(SuiteRunnerWorker.java:52)
at org.testng.SuiteRunnerWorker.run(SuiteRunnerWorker.java:84)
at org.testng.TestNG.runSuitesSequentially(TestNG.java:1208)
at org.testng.TestNG.runSuitesLocally(TestNG.java:1137)
at org.testng.TestNG.runSuites(TestNG.java:1049)
at org.testng.TestNG.run(TestNG.java:1017)
at org.testng.remote.AbstractRemoteTestNG.run(AbstractRemoteTestNG.java:114)
at org.testng.remote.RemoteTestNG.initAndRun(RemoteTestNG.java:251)
at org.testng.remote.RemoteTestNG.main(RemoteTestNG.java:77)
]]>
    </error>
  </testcase> <!-- getResult -->
<<<<<<< HEAD
  <testcase name="JQC_ILP_Deposit_dropdown_Txn" time="0.000" classname="tests.QCStore">
    <skipped/>
  </testcase> <!-- JQC_ILP_Deposit_dropdown_Txn -->
  <testcase name="RQC_Bankruptcy_WORecovery_Txn_Testdata" time="0.000" classname="tests.QCStore">
    <skipped/>
  </testcase> <!-- RQC_Bankruptcy_WORecovery_Txn_Testdata -->
  <testcase name="JQC_ILP_GraceDays_Deposit_Menu_Txn" time="0.000" classname="tests.QCStore">
    <skipped/>
  </testcase> <!-- JQC_ILP_GraceDays_Deposit_Menu_Txn -->
  <testcase name="JQC_ILP_GraceDays_Deposit_MidDay_Txn" time="0.000" classname="tests.QCStore">
    <skipped/>
  </testcase> <!-- JQC_ILP_GraceDays_Deposit_MidDay_Txn -->
  <testcase name="JQC_ILP_Deposit_MidDay_Txn" time="0.000" classname="tests.QCStore">
    <skipped/>
  </testcase> <!-- JQC_ILP_Deposit_MidDay_Txn -->
  <testcase name="JQC_ILP_GraceDays_Deposit_dropdown_Txn" time="0.000" classname="tests.QCStore">
    <skipped/>
  </testcase> <!-- JQC_ILP_GraceDays_Deposit_dropdown_Txn -->
  <testcase name="JQC_ILP_SignaturLoan_Default_Txn" time="0.000" classname="tests.QCStore">
    <skipped/>
  </testcase> <!-- JQC_ILP_SignaturLoan_Default_Txn -->
=======
  <testcase name="QC_NewLoan_Promotion_Txn" time="0.011" classname="tests.QCStore"/>
  <testcase name="QC_NewLoan_Void_Txn" time="0.000" classname="tests.QCStore">
    <skipped/>
  </testcase> <!-- QC_NewLoan_Void_Txn -->
  <testcase name="QC_ILP_Buyback_Txn" time="0.000" classname="tests.QCStore">
    <skipped/>
  </testcase> <!-- QC_ILP_Buyback_Txn -->
  <testcase name="QC_ILP_Buyback_Void_Txn" time="0.000" classname="tests.QCStore">
    <skipped/>
  </testcase> <!-- QC_ILP_Buyback_Void_Txn -->
  <testcase name="QC_Installmentpayment_Txn" time="0.000" classname="tests.QCStore">
    <skipped/>
  </testcase> <!-- QC_Installmentpayment_Txn -->
  <testcase name="QC_Installmentpayment_Void_Txn" time="0.000" classname="tests.QCStore">
    <skipped/>
  </testcase> <!-- QC_Installmentpayment_Void_Txn -->
  <testcase name="QC_PayAnyotherAmount_Txn" time="0.000" classname="tests.QCStore">
    <skipped/>
  </testcase> <!-- QC_PayAnyotherAmount_Txn -->
  <testcase name="QC_PayAnyotherAmount_Void_Txn" time="0.000" classname="tests.QCStore">
    <skipped/>
  </testcase> <!-- QC_PayAnyotherAmount_Void_Txn -->
  <testcase name="QC_ILP_Return_Menu_Txn" time="0.000" classname="tests.QCStore">
    <skipped/>
  </testcase> <!-- QC_ILP_Return_Menu_Txn -->
  <testcase name="QC_ILP_clear_Menu_Txn" time="0.000" classname="tests.QCStore">
    <skipped/>
  </testcase> <!-- QC_ILP_clear_Menu_Txn -->
  <testcase name="QC_ILP_Deposit_Return_Txn" time="0.000" classname="tests.QCStore">
    <skipped/>
  </testcase> <!-- QC_ILP_Deposit_Return_Txn -->
  <testcase name="QC_InstallPayment_Ref_Rescind_Txn" time="0.000" classname="tests.QCStore">
    <skipped/>
  </testcase> <!-- QC_InstallPayment_Ref_Rescind_Txn -->
  <testcase name="QC_LessInterest_VoidFullPayment_Txn" time="0.000" classname="tests.QCStore">
    <skipped/>
  </testcase> <!-- QC_LessInterest_VoidFullPayment_Txn -->
  <testcase name="QC_NewLoan_TLPConversion_Txn" time="0.000" classname="tests.QCStore">
    <skipped/>
  </testcase> <!-- QC_NewLoan_TLPConversion_Txn -->
  <testcase name="QC_AgeStore_Void_Txn" time="0.000" classname="tests.QCStore">
    <skipped/>
  </testcase> <!-- QC_AgeStore_Void_Txn -->
  <testcase name="QC_ILP_NewLoanInstallmentDeposit_Txn" time="0.000" classname="tests.QCStore">
    <skipped/>
  </testcase> <!-- QC_ILP_NewLoanInstallmentDeposit_Txn -->
>>>>>>> b50e5c7425055cd846c0596a6552686c8ed2cba5
</testsuite> <!-- tests.QCStore -->
