<?xml version="1.0" encoding="UTF-8"?>
<!-- Generated by org.testng.reporters.JUnitReportReporter -->
<testsuite skipped="0" hostname="QTLSYS2-238" name="tests.QCStore" tests="1" failures="0" timestamp="19 Feb 2019 09:28:05 GMT" time="45.624" errors="0">
  <testcase name="QC_NewLoan_TLPConversion_Txn" time="45.624" classname="tests.QCStore"/>
</testsuite> <!-- tests.QCStore -->
