<?xml version="1.0" encoding="UTF-8"?>
<!-- Generated by org.testng.reporters.JUnitReportReporter -->
<<<<<<< HEAD
<<<<<<< HEAD
<testsuite skipped="0" hostname="QTLSYS1-182" name="tests.QCStore" tests="1" failures="0" timestamp="19 Feb 2019 06:43:47 GMT" time="1204.231" errors="0">
  <testcase name="JQC_ILP_GraceDays_Deposit_EOD_Txn" time="1204.231" classname="tests.QCStore"/>
=======
<testsuite skipped="0" hostname="QTLSYS2-238" name="tests.QCStore" tests="1" failures="0" timestamp="19 Feb 2019 09:28:05 GMT" time="45.624" errors="0">
  <testcase name="QC_NewLoan_TLPConversion_Txn" time="45.624" classname="tests.QCStore"/>
>>>>>>> jan21.1
=======
<testsuite skipped="0" hostname="Ratikanta-pc" name="tests.QCStore" tests="9" failures="0" timestamp="20 Feb 2019 09:59:13 GMT" time="12635.509" errors="0">
  <testcase name="RQC_Bankruptcy_WORecovery_Txn_Testdata" time="657.519" classname="tests.QCStore"/>
  <testcase name="RQC_Bankruptcy_Discharge_Txn_Testdata" time="733.602" classname="tests.QCStore"/>
  <testcase name="RQC_Bankruptcy_Dismiss_Txn_Testdata" time="754.844" classname="tests.QCStore"/>
  <testcase name="RQC_Default_Refinance_Txn_Testdata" time="1817.494" classname="tests.QCStore"/>
  <testcase name="RQC_DefaultPayment_Txn_Testdata" time="2058.154" classname="tests.QCStore"/>
  <testcase name="RQC_DefaultPayment_Void_Txn_Testdata" time="1939.066" classname="tests.QCStore"/>
  <testcase name="RQC_WriteOffRecovery_Txn_Testdata" time="1364.442" classname="tests.QCStore"/>
  <testcase name="RQC_WriteOffRecovery_Void_Txn_Testdata" time="1325.065" classname="tests.QCStore"/>
  <testcase name="RQC_Default_TLPConversion_Txn_Testdata" time="1985.323" classname="tests.QCStore"/>
>>>>>>> feb1.1
</testsuite> <!-- tests.QCStore -->
