<?xml version="1.0" encoding="UTF-8"?>
<!-- Generated by org.testng.reporters.JUnitReportReporter -->
<testsuite skipped="0" hostname="Ratikanta-pc" name="tests.QCStore" tests="9" failures="0" timestamp="20 Feb 2019 09:59:13 GMT" time="12635.509" errors="0">
  <testcase name="RQC_Bankruptcy_WORecovery_Txn_Testdata" time="657.519" classname="tests.QCStore"/>
  <testcase name="RQC_Bankruptcy_Discharge_Txn_Testdata" time="733.602" classname="tests.QCStore"/>
  <testcase name="RQC_Bankruptcy_Dismiss_Txn_Testdata" time="754.844" classname="tests.QCStore"/>
  <testcase name="RQC_Default_Refinance_Txn_Testdata" time="1817.494" classname="tests.QCStore"/>
  <testcase name="RQC_DefaultPayment_Txn_Testdata" time="2058.154" classname="tests.QCStore"/>
  <testcase name="RQC_DefaultPayment_Void_Txn_Testdata" time="1939.066" classname="tests.QCStore"/>
  <testcase name="RQC_WriteOffRecovery_Txn_Testdata" time="1364.442" classname="tests.QCStore"/>
  <testcase name="RQC_WriteOffRecovery_Void_Txn_Testdata" time="1325.065" classname="tests.QCStore"/>
  <testcase name="RQC_Default_TLPConversion_Txn_Testdata" time="1985.323" classname="tests.QCStore"/>
</testsuite> <!-- tests.QCStore -->
