<?xml version="1.0" encoding="UTF-8"?>
<!-- Generated by org.testng.reporters.JUnitReportReporter -->
<testsuite skipped="0" hostname="QTLSYS2-238" name="tests.QCStore" tests="1" failures="0" timestamp="04 Apr 2019 06:46:09 GMT" time="425.173" errors="0">
  <testcase name="QC_Installmentpayment_Void_Txn" time="425.173" classname="tests.QCStore"/>
</testsuite> <!-- tests.QCStore -->
