<?xml version="1.0" encoding="UTF-8"?>
<!-- Generated by org.testng.reporters.JUnitReportReporter -->
<testsuite skipped="0" hostname="QTLSYS1-182" name="tests.QCStore" tests="8" failures="0" timestamp="08 May 2019 08:32:04 GMT" time="2974.125" errors="0">
  <testcase name="JQC_ILP_Deposit_Menu_Txn" time="343.419" classname="tests.QCStore"/>
  <testcase name="JQC_ILP_Deposit_dropdown_Txn" time="318.557" classname="tests.QCStore"/>
  <testcase name="JQC_ILP_GraceDays_Deposit_Menu_Txn" time="410.087" classname="tests.QCStore"/>
  <testcase name="JQC_ILP_GraceDays_Deposit_MidDay_Txn" time="425.537" classname="tests.QCStore"/>
  <testcase name="JQC_ILP_Deposit_MidDay_Txn" time="393.434" classname="tests.QCStore"/>
  <testcase name="JQC_ILP_GraceDays_Deposit_dropdown_Txn" time="397.623" classname="tests.QCStore"/>
  <testcase name="JQC_ILP_Deceased_Txn" time="301.730" classname="tests.QCStore"/>
  <testcase name="JQC_ILP_SignaturLoan_Default_Txn" time="383.738" classname="tests.QCStore"/>
</testsuite> <!-- tests.QCStore -->
