<?xml version="1.0" encoding="UTF-8"?>
<!-- Generated by org.testng.reporters.JUnitReportReporter -->
<testsuite skipped="0" hostname="QTLSYS2-238" name="tests.QCStore" tests="14" failures="0" timestamp="19 Mar 2019 10:50:10 GMT" time="13399.451" errors="0">
  <testcase name="QC_ILP_Buyback_Void_Txn" time="645.311" classname="tests.QCStore"/>
  <testcase name="QC_ILP_Refinanace_Txn" time="15.335" classname="tests.QCStore"/>
  <testcase name="QC_Installmentpayment_Txn" time="555.469" classname="tests.QCStore"/>
  <testcase name="QC_Installmentpayment_Void_Txn" time="668.622" classname="tests.QCStore"/>
  <testcase name="QC_PayAnyotherAmount_Txn" time="579.287" classname="tests.QCStore"/>
  <testcase name="QC_PayAnyotherAmount_Void_Txn" time="622.158" classname="tests.QCStore"/>
  <testcase name="QC_ILP_Return_Menu_Txn" time="597.769" classname="tests.QCStore"/>
  <testcase name="QC_ILP_clear_Menu_Txn" time="605.470" classname="tests.QCStore"/>
  <testcase name="QC_ILP_Deposit_Return_Txn" time="582.254" classname="tests.QCStore"/>
  <testcase name="QC_InstallPayment_Ref_Rescind_Txn" time="627.948" classname="tests.QCStore"/>
  <testcase name="QC_LessInterest_VoidFullPayment_Txn" time="749.809" classname="tests.QCStore"/>
  <testcase name="QC_NewLoan_TLPConversion_Txn" time="576.210" classname="tests.QCStore"/>
  <testcase name="QC_AgeStore_Void_Txn" time="528.522" classname="tests.QCStore"/>
  <testcase name="QC_ILP_NewLoanInstallmentDeposit_Txn" time="6045.287" classname="tests.QCStore"/>
</testsuite> <!-- tests.QCStore -->
