<?xml version="1.0" encoding="UTF-8"?>
<!-- Generated by org.testng.reporters.JUnitReportReporter -->
<testsuite skipped="0" hostname="QTLSYS1-182" name="tests.QCStore" tests="1" failures="0" timestamp="14 Mar 2019 07:21:32 GMT" time="687.356" errors="0">
  <testcase name="ILP_RefinanceStepDown_void" time="687.356" classname="tests.QCStore"/>
</testsuite> <!-- tests.QCStore -->
