<?xml version="1.0" encoding="UTF-8"?>
<!-- Generated by org.testng.reporters.JUnitReportReporter -->
<<<<<<< HEAD
<testsuite skipped="0" hostname="QTLSYS2-238" name="tests.QCStore" tests="1" failures="0" timestamp="21 Mar 2019 13:15:23 GMT" time="141.291" errors="0">
  <testcase name="QC_NewLoan_Promotion_Txn" time="141.291" classname="tests.QCStore"/>
=======
<testsuite skipped="0" hostname="QTLSYS1-182" name="tests.QCStore" tests="1" failures="0" timestamp="21 Mar 2019 07:39:13 GMT" time="808.647" errors="0">
  <testcase name="JQC_ILP_Deposit_EOD_Txn" time="808.647" classname="tests.QCStore"/>
>>>>>>> janaki1.2
</testsuite> <!-- tests.QCStore -->
