<?xml version="1.0" encoding="UTF-8"?>
<!-- Generated by org.testng.reporters.JUnitReportReporter -->
<testsuite skipped="0" hostname="QTLSYS1-182" name="tests.QCStore" tests="1" failures="0" timestamp="21 Mar 2019 07:39:13 GMT" time="808.647" errors="0">
  <testcase name="JQC_ILP_Deposit_EOD_Txn" time="808.647" classname="tests.QCStore"/>
</testsuite> <!-- tests.QCStore -->
