<?xml version="1.0" encoding="UTF-8"?>
<!-- Generated by org.testng.reporters.JUnitReportReporter -->
<testsuite skipped="0" hostname="QTLSYS2-238" name="tests.QCStore" tests="1" failures="0" timestamp="26 Mar 2019 13:11:18 GMT" time="665.237" errors="0">
  <testcase name="QC_Installmentpayment_Void_Txn" time="665.237" classname="tests.QCStore"/>
</testsuite> <!-- tests.QCStore -->
