<?xml version="1.0" encoding="UTF-8"?>
<!-- Generated by org.testng.reporters.JUnitReportReporter -->
<testsuite skipped="0" hostname="qtlsys2-66pc" name="tests.QCStore" tests="2" failures="0" timestamp="19 Mar 2019 05:03:47 GMT" time="1726.715" errors="0">
  <testcase name="RQC_WriteOffRecovery_Txn_Testdata" time="872.339" classname="tests.QCStore"/>
  <testcase name="RQC_WriteOffRecovery_Void_Txn_Testdata" time="854.376" classname="tests.QCStore"/>
</testsuite> <!-- tests.QCStore -->
