<?xml version="1.0" encoding="UTF-8"?>
<!-- Generated by org.testng.reporters.JUnitReportReporter -->
<testsuite skipped="0" hostname="QTLSYS1-182" name="tests.QCStore" tests="1" failures="0" timestamp="14 Mar 2019 13:12:47 GMT" time="63.561" errors="0">
  <testcase name="JQC_ILP_Payment_Refinance_StepUp_Txn" time="63.561" classname="tests.QCStore"/>
</testsuite> <!-- tests.QCStore -->
