<?xml version="1.0" encoding="UTF-8"?>
<!-- Generated by org.testng.reporters.JUnitReportReporter -->
<testsuite skipped="0" hostname="QTLSYS2-238" name="tests.QCStore" tests="1" failures="0" timestamp="15 Mar 2019 12:49:27 GMT" time="107.355" errors="0">
  <testcase name="QC_ILP_Refinanace_Txn" time="107.355" classname="tests.QCStore"/>
</testsuite> <!-- tests.QCStore -->
