<?xml version="1.0" encoding="UTF-8"?>
<!-- Generated by org.testng.reporters.JUnitReportReporter -->
<testsuite skipped="0" hostname="QTLSYS1-182" name="tests.QCStore" tests="1" failures="0" timestamp="01 Mar 2019 09:40:39 GMT" time="763.819" errors="0">
  <testcase name="JQC_ILP_GraceDays_Deposit_EOD_Txn" time="763.819" classname="tests.QCStore"/>
</testsuite> <!-- tests.QCStore -->
